CRITICAL - 2021-03-15 05:39:49 --> syntax error, unexpected 'endif' (T_ENDIF)
#0 C:\Users\dell\sid\vendor\codeigniter4\framework\system\View\View.php(222): CodeIgniter\View\View->CodeIgniter\View\{closure}()
#1 C:\Users\dell\sid\vendor\codeigniter4\framework\system\View\View.php(468): CodeIgniter\View\View->render('layout/sidebar', NULL, true)
#2 C:\Users\dell\sid\app\Views\layout\aside.php(32): CodeIgniter\View\View->include('layout/sidebar')
#3 C:\Users\dell\sid\vendor\codeigniter4\framework\system\View\View.php(220): include('C:\\Users\\dell\\s...')
#4 C:\Users\dell\sid\vendor\codeigniter4\framework\system\View\View.php(222): CodeIgniter\View\View->CodeIgniter\View\{closure}()
#5 C:\Users\dell\sid\vendor\codeigniter4\framework\system\View\View.php(468): CodeIgniter\View\View->render('layout/aside', NULL, true)
#6 C:\Users\dell\sid\app\Views\layout\template.php(6): CodeIgniter\View\View->include('layout/aside')
#7 C:\Users\dell\sid\vendor\codeigniter4\framework\system\View\View.php(220): include('C:\\Users\\dell\\s...')
#8 C:\Users\dell\sid\vendor\codeigniter4\framework\system\View\View.php(222): CodeIgniter\View\View->CodeIgniter\View\{closure}()
#9 C:\Users\dell\sid\vendor\codeigniter4\framework\system\View\View.php(236): CodeIgniter\View\View->render('layout/template', Array, true)
#10 C:\Users\dell\sid\vendor\codeigniter4\framework\system\Common.php(1217): CodeIgniter\View\View->render('admin/index', Array, true)
#11 C:\Users\dell\sid\app\Controllers\Admin.php(17): view('admin/index', Array)
#12 C:\Users\dell\sid\vendor\codeigniter4\framework\system\CodeIgniter.php(878): App\Controllers\Admin->index()
#13 C:\Users\dell\sid\vendor\codeigniter4\framework\system\CodeIgniter.php(413): CodeIgniter\CodeIgniter->runController(Object(App\Controllers\Admin))
#14 C:\Users\dell\sid\vendor\codeigniter4\framework\system\CodeIgniter.php(324): CodeIgniter\CodeIgniter->handleRequest(NULL, Object(Config\Cache), false)
#15 C:\Users\dell\sid\public\index.php(44): CodeIgniter\CodeIgniter->run()
#16 C:\Users\dell\sid\vendor\codeigniter4\framework\system\Commands\Server\rewrite.php(45): require_once('C:\\Users\\dell\\s...')
#17 {main}
CRITICAL - 2021-03-15 05:51:10 --> Invalid file: menu/index.php
#0 C:\Users\dell\sid\vendor\codeigniter4\framework\system\View\View.php(203): CodeIgniter\Exceptions\FrameworkException::forInvalidFile('menu/index.php')
#1 C:\Users\dell\sid\vendor\codeigniter4\framework\system\Common.php(1217): CodeIgniter\View\View->render('menu/index', Array, true)
#2 C:\Users\dell\sid\app\Controllers\Menu.php(12): view('menu/index', Array)
#3 C:\Users\dell\sid\vendor\codeigniter4\framework\system\CodeIgniter.php(878): App\Controllers\Menu->index()
#4 C:\Users\dell\sid\vendor\codeigniter4\framework\system\CodeIgniter.php(413): CodeIgniter\CodeIgniter->runController(Object(App\Controllers\Menu))
#5 C:\Users\dell\sid\vendor\codeigniter4\framework\system\CodeIgniter.php(324): CodeIgniter\CodeIgniter->handleRequest(NULL, Object(Config\Cache), false)
#6 C:\Users\dell\sid\public\index.php(44): CodeIgniter\CodeIgniter->run()
#7 C:\Users\dell\sid\vendor\codeigniter4\framework\system\Commands\Server\rewrite.php(45): require_once('C:\\Users\\dell\\s...')
#8 {main}
CRITICAL - 2021-03-15 05:51:42 --> Undefined variable: users
#0 C:\Users\dell\sid\app\Views\menu\index.php(42): CodeIgniter\Debug\Exceptions->errorHandler(8, 'Undefined varia...', 'C:\\Users\\dell\\s...', 42, Array)
#1 C:\Users\dell\sid\vendor\codeigniter4\framework\system\View\View.php(220): include('C:\\Users\\dell\\s...')
#2 C:\Users\dell\sid\vendor\codeigniter4\framework\system\View\View.php(222): CodeIgniter\View\View->CodeIgniter\View\{closure}()
#3 C:\Users\dell\sid\vendor\codeigniter4\framework\system\Common.php(1217): CodeIgniter\View\View->render('menu/index', Array, true)
#4 C:\Users\dell\sid\app\Controllers\Menu.php(12): view('menu/index', Array)
#5 C:\Users\dell\sid\vendor\codeigniter4\framework\system\CodeIgniter.php(878): App\Controllers\Menu->index()
#6 C:\Users\dell\sid\vendor\codeigniter4\framework\system\CodeIgniter.php(413): CodeIgniter\CodeIgniter->runController(Object(App\Controllers\Menu))
#7 C:\Users\dell\sid\vendor\codeigniter4\framework\system\CodeIgniter.php(324): CodeIgniter\CodeIgniter->handleRequest(NULL, Object(Config\Cache), false)
#8 C:\Users\dell\sid\public\index.php(44): CodeIgniter\CodeIgniter->run()
#9 C:\Users\dell\sid\vendor\codeigniter4\framework\system\Commands\Server\rewrite.php(45): require_once('C:\\Users\\dell\\s...')
#10 {main}
CRITICAL - 2021-03-15 05:55:46 --> Undefined variable: pager
#0 C:\Users\dell\sid\app\Views\menu\index.php(97): CodeIgniter\Debug\Exceptions->errorHandler(8, 'Undefined varia...', 'C:\\Users\\dell\\s...', 97, Array)
#1 C:\Users\dell\sid\vendor\codeigniter4\framework\system\View\View.php(220): include('C:\\Users\\dell\\s...')
#2 C:\Users\dell\sid\vendor\codeigniter4\framework\system\View\View.php(222): CodeIgniter\View\View->CodeIgniter\View\{closure}()
#3 C:\Users\dell\sid\vendor\codeigniter4\framework\system\Common.php(1217): CodeIgniter\View\View->render('menu/index', Array, true)
#4 C:\Users\dell\sid\app\Controllers\Menu.php(12): view('menu/index', Array)
#5 C:\Users\dell\sid\vendor\codeigniter4\framework\system\CodeIgniter.php(878): App\Controllers\Menu->index()
#6 C:\Users\dell\sid\vendor\codeigniter4\framework\system\CodeIgniter.php(413): CodeIgniter\CodeIgniter->runController(Object(App\Controllers\Menu))
#7 C:\Users\dell\sid\vendor\codeigniter4\framework\system\CodeIgniter.php(324): CodeIgniter\CodeIgniter->handleRequest(NULL, Object(Config\Cache), false)
#8 C:\Users\dell\sid\public\index.php(44): CodeIgniter\CodeIgniter->run()
#9 C:\Users\dell\sid\vendor\codeigniter4\framework\system\Commands\Server\rewrite.php(45): require_once('C:\\Users\\dell\\s...')
#10 {main}
CRITICAL - 2021-03-15 06:06:25 --> Cannot declare class App\Models\UserModel, because the name is already in use
#0 [internal function]: CodeIgniter\Debug\Exceptions->shutdownHandler()
#1 {main}
CRITICAL - 2021-03-15 06:06:38 --> Call to a member function links() on array
#0 C:\Users\dell\sid\vendor\codeigniter4\framework\system\View\View.php(220): include()
#1 C:\Users\dell\sid\vendor\codeigniter4\framework\system\View\View.php(222): CodeIgniter\View\View->CodeIgniter\View\{closure}()
#2 C:\Users\dell\sid\vendor\codeigniter4\framework\system\Common.php(1217): CodeIgniter\View\View->render('menu/index', Array, true)
#3 C:\Users\dell\sid\app\Controllers\Menu.php(15): view('menu/index', Array)
#4 C:\Users\dell\sid\vendor\codeigniter4\framework\system\CodeIgniter.php(878): App\Controllers\Menu->index()
#5 C:\Users\dell\sid\vendor\codeigniter4\framework\system\CodeIgniter.php(413): CodeIgniter\CodeIgniter->runController(Object(App\Controllers\Menu))
#6 C:\Users\dell\sid\vendor\codeigniter4\framework\system\CodeIgniter.php(324): CodeIgniter\CodeIgniter->handleRequest(NULL, Object(Config\Cache), false)
#7 C:\Users\dell\sid\public\index.php(44): CodeIgniter\CodeIgniter->run()
#8 C:\Users\dell\sid\vendor\codeigniter4\framework\system\Commands\Server\rewrite.php(45): require_once('C:\\Users\\dell\\s...')
#9 {main}
CRITICAL - 2021-03-15 06:07:48 --> Call to a member function links() on null
#0 C:\Users\dell\sid\vendor\codeigniter4\framework\system\View\View.php(220): include()
#1 C:\Users\dell\sid\vendor\codeigniter4\framework\system\View\View.php(222): CodeIgniter\View\View->CodeIgniter\View\{closure}()
#2 C:\Users\dell\sid\vendor\codeigniter4\framework\system\Common.php(1217): CodeIgniter\View\View->render('menu/index', Array, true)
#3 C:\Users\dell\sid\app\Controllers\Menu.php(16): view('menu/index', Array)
#4 C:\Users\dell\sid\vendor\codeigniter4\framework\system\CodeIgniter.php(878): App\Controllers\Menu->index()
#5 C:\Users\dell\sid\vendor\codeigniter4\framework\system\CodeIgniter.php(413): CodeIgniter\CodeIgniter->runController(Object(App\Controllers\Menu))
#6 C:\Users\dell\sid\vendor\codeigniter4\framework\system\CodeIgniter.php(324): CodeIgniter\CodeIgniter->handleRequest(NULL, Object(Config\Cache), false)
#7 C:\Users\dell\sid\public\index.php(44): CodeIgniter\CodeIgniter->run()
#8 C:\Users\dell\sid\vendor\codeigniter4\framework\system\Commands\Server\rewrite.php(45): require_once('C:\\Users\\dell\\s...')
#9 {main}
CRITICAL - 2021-03-15 06:07:57 --> Call to a member function links() on null
#0 C:\Users\dell\sid\vendor\codeigniter4\framework\system\View\View.php(220): include()
#1 C:\Users\dell\sid\vendor\codeigniter4\framework\system\View\View.php(222): CodeIgniter\View\View->CodeIgniter\View\{closure}()
#2 C:\Users\dell\sid\vendor\codeigniter4\framework\system\Common.php(1217): CodeIgniter\View\View->render('menu/index', Array, true)
#3 C:\Users\dell\sid\app\Controllers\Menu.php(16): view('menu/index', Array)
#4 C:\Users\dell\sid\vendor\codeigniter4\framework\system\CodeIgniter.php(878): App\Controllers\Menu->index()
#5 C:\Users\dell\sid\vendor\codeigniter4\framework\system\CodeIgniter.php(413): CodeIgniter\CodeIgniter->runController(Object(App\Controllers\Menu))
#6 C:\Users\dell\sid\vendor\codeigniter4\framework\system\CodeIgniter.php(324): CodeIgniter\CodeIgniter->handleRequest(NULL, Object(Config\Cache), false)
#7 C:\Users\dell\sid\public\index.php(44): CodeIgniter\CodeIgniter->run()
#8 C:\Users\dell\sid\vendor\codeigniter4\framework\system\Commands\Server\rewrite.php(45): require_once('C:\\Users\\dell\\s...')
#9 {main}
CRITICAL - 2021-03-15 06:09:54 --> Undefined variable: p
#0 C:\Users\dell\sid\app\Views\menu\index.php(102): CodeIgniter\Debug\Exceptions->errorHandler(8, 'Undefined varia...', 'C:\\Users\\dell\\s...', 102, Array)
#1 C:\Users\dell\sid\vendor\codeigniter4\framework\system\View\View.php(220): include('C:\\Users\\dell\\s...')
#2 C:\Users\dell\sid\vendor\codeigniter4\framework\system\View\View.php(222): CodeIgniter\View\View->CodeIgniter\View\{closure}()
#3 C:\Users\dell\sid\vendor\codeigniter4\framework\system\Common.php(1217): CodeIgniter\View\View->render('menu/index', Array, true)
#4 C:\Users\dell\sid\app\Controllers\Menu.php(16): view('menu/index', Array)
#5 C:\Users\dell\sid\vendor\codeigniter4\framework\system\CodeIgniter.php(878): App\Controllers\Menu->index()
#6 C:\Users\dell\sid\vendor\codeigniter4\framework\system\CodeIgniter.php(413): CodeIgniter\CodeIgniter->runController(Object(App\Controllers\Menu))
#7 C:\Users\dell\sid\vendor\codeigniter4\framework\system\CodeIgniter.php(324): CodeIgniter\CodeIgniter->handleRequest(NULL, Object(Config\Cache), false)
#8 C:\Users\dell\sid\public\index.php(44): CodeIgniter\CodeIgniter->run()
#9 C:\Users\dell\sid\vendor\codeigniter4\framework\system\Commands\Server\rewrite.php(45): require_once('C:\\Users\\dell\\s...')
#10 {main}
CRITICAL - 2021-03-15 06:10:07 --> Call to a member function links() on null
#0 C:\Users\dell\sid\vendor\codeigniter4\framework\system\View\View.php(220): include()
#1 C:\Users\dell\sid\vendor\codeigniter4\framework\system\View\View.php(222): CodeIgniter\View\View->CodeIgniter\View\{closure}()
#2 C:\Users\dell\sid\vendor\codeigniter4\framework\system\Common.php(1217): CodeIgniter\View\View->render('menu/index', Array, true)
#3 C:\Users\dell\sid\app\Controllers\Menu.php(16): view('menu/index', Array)
#4 C:\Users\dell\sid\vendor\codeigniter4\framework\system\CodeIgniter.php(878): App\Controllers\Menu->index()
#5 C:\Users\dell\sid\vendor\codeigniter4\framework\system\CodeIgniter.php(413): CodeIgniter\CodeIgniter->runController(Object(App\Controllers\Menu))
#6 C:\Users\dell\sid\vendor\codeigniter4\framework\system\CodeIgniter.php(324): CodeIgniter\CodeIgniter->handleRequest(NULL, Object(Config\Cache), false)
#7 C:\Users\dell\sid\public\index.php(44): CodeIgniter\CodeIgniter->run()
#8 C:\Users\dell\sid\vendor\codeigniter4\framework\system\Commands\Server\rewrite.php(45): require_once('C:\\Users\\dell\\s...')
#9 {main}
CRITICAL - 2021-03-15 06:12:07 --> Call to a member function links() on null
#0 C:\Users\dell\sid\vendor\codeigniter4\framework\system\View\View.php(220): include()
#1 C:\Users\dell\sid\vendor\codeigniter4\framework\system\View\View.php(222): CodeIgniter\View\View->CodeIgniter\View\{closure}()
#2 C:\Users\dell\sid\vendor\codeigniter4\framework\system\Common.php(1217): CodeIgniter\View\View->render('menu/index', Array, true)
#3 C:\Users\dell\sid\app\Controllers\Menu.php(18): view('menu/index', Array)
#4 C:\Users\dell\sid\vendor\codeigniter4\framework\system\CodeIgniter.php(878): App\Controllers\Menu->index()
#5 C:\Users\dell\sid\vendor\codeigniter4\framework\system\CodeIgniter.php(413): CodeIgniter\CodeIgniter->runController(Object(App\Controllers\Menu))
#6 C:\Users\dell\sid\vendor\codeigniter4\framework\system\CodeIgniter.php(324): CodeIgniter\CodeIgniter->handleRequest(NULL, Object(Config\Cache), false)
#7 C:\Users\dell\sid\public\index.php(44): CodeIgniter\CodeIgniter->run()
#8 C:\Users\dell\sid\vendor\codeigniter4\framework\system\Commands\Server\rewrite.php(45): require_once('C:\\Users\\dell\\s...')
#9 {main}
CRITICAL - 2021-03-15 06:12:24 --> Call to a member function links() on null
#0 C:\Users\dell\sid\vendor\codeigniter4\framework\system\View\View.php(220): include()
#1 C:\Users\dell\sid\vendor\codeigniter4\framework\system\View\View.php(222): CodeIgniter\View\View->CodeIgniter\View\{closure}()
#2 C:\Users\dell\sid\vendor\codeigniter4\framework\system\Common.php(1217): CodeIgniter\View\View->render('menu/index', Array, true)
#3 C:\Users\dell\sid\app\Controllers\Menu.php(18): view('menu/index', Array)
#4 C:\Users\dell\sid\vendor\codeigniter4\framework\system\CodeIgniter.php(878): App\Controllers\Menu->index()
#5 C:\Users\dell\sid\vendor\codeigniter4\framework\system\CodeIgniter.php(413): CodeIgniter\CodeIgniter->runController(Object(App\Controllers\Menu))
#6 C:\Users\dell\sid\vendor\codeigniter4\framework\system\CodeIgniter.php(324): CodeIgniter\CodeIgniter->handleRequest(NULL, Object(Config\Cache), false)
#7 C:\Users\dell\sid\public\index.php(44): CodeIgniter\CodeIgniter->run()
#8 C:\Users\dell\sid\vendor\codeigniter4\framework\system\Commands\Server\rewrite.php(45): require_once('C:\\Users\\dell\\s...')
#9 {main}
CRITICAL - 2021-03-15 06:12:31 --> Call to a member function links() on null
#0 C:\Users\dell\sid\vendor\codeigniter4\framework\system\View\View.php(220): include()
#1 C:\Users\dell\sid\vendor\codeigniter4\framework\system\View\View.php(222): CodeIgniter\View\View->CodeIgniter\View\{closure}()
#2 C:\Users\dell\sid\vendor\codeigniter4\framework\system\Common.php(1217): CodeIgniter\View\View->render('menu/index', Array, true)
#3 C:\Users\dell\sid\app\Controllers\Menu.php(18): view('menu/index', Array)
#4 C:\Users\dell\sid\vendor\codeigniter4\framework\system\CodeIgniter.php(878): App\Controllers\Menu->index()
#5 C:\Users\dell\sid\vendor\codeigniter4\framework\system\CodeIgniter.php(413): CodeIgniter\CodeIgniter->runController(Object(App\Controllers\Menu))
#6 C:\Users\dell\sid\vendor\codeigniter4\framework\system\CodeIgniter.php(324): CodeIgniter\CodeIgniter->handleRequest(NULL, Object(Config\Cache), false)
#7 C:\Users\dell\sid\public\index.php(44): CodeIgniter\CodeIgniter->run()
#8 C:\Users\dell\sid\vendor\codeigniter4\framework\system\Commands\Server\rewrite.php(45): require_once('C:\\Users\\dell\\s...')
#9 {main}
CRITICAL - 2021-03-15 06:13:19 --> Call to a member function links() on null
#0 C:\Users\dell\sid\vendor\codeigniter4\framework\system\View\View.php(220): include()
#1 C:\Users\dell\sid\vendor\codeigniter4\framework\system\View\View.php(222): CodeIgniter\View\View->CodeIgniter\View\{closure}()
#2 C:\Users\dell\sid\vendor\codeigniter4\framework\system\Common.php(1217): CodeIgniter\View\View->render('menu/index', Array, true)
#3 C:\Users\dell\sid\app\Controllers\Menu.php(18): view('menu/index', Array)
#4 C:\Users\dell\sid\vendor\codeigniter4\framework\system\CodeIgniter.php(878): App\Controllers\Menu->index()
#5 C:\Users\dell\sid\vendor\codeigniter4\framework\system\CodeIgniter.php(413): CodeIgniter\CodeIgniter->runController(Object(App\Controllers\Menu))
#6 C:\Users\dell\sid\vendor\codeigniter4\framework\system\CodeIgniter.php(324): CodeIgniter\CodeIgniter->handleRequest(NULL, Object(Config\Cache), false)
#7 C:\Users\dell\sid\public\index.php(44): CodeIgniter\CodeIgniter->run()
#8 C:\Users\dell\sid\vendor\codeigniter4\framework\system\Commands\Server\rewrite.php(45): require_once('C:\\Users\\dell\\s...')
#9 {main}
CRITICAL - 2021-03-15 06:23:38 --> Invalid file: components/alert.php
#0 C:\Users\dell\sid\vendor\codeigniter4\framework\system\View\View.php(203): CodeIgniter\Exceptions\FrameworkException::forInvalidFile('components/aler...')
#1 C:\Users\dell\sid\vendor\codeigniter4\framework\system\View\View.php(468): CodeIgniter\View\View->render('components/aler...', NULL, true)
#2 C:\Users\dell\sid\app\Views\menu\index.php(73): CodeIgniter\View\View->include('components/aler...')
#3 C:\Users\dell\sid\vendor\codeigniter4\framework\system\View\View.php(220): include('C:\\Users\\dell\\s...')
#4 C:\Users\dell\sid\vendor\codeigniter4\framework\system\View\View.php(222): CodeIgniter\View\View->CodeIgniter\View\{closure}()
#5 C:\Users\dell\sid\vendor\codeigniter4\framework\system\Common.php(1217): CodeIgniter\View\View->render('menu/index', Array, true)
#6 C:\Users\dell\sid\app\Controllers\Menu.php(19): view('menu/index', Array)
#7 C:\Users\dell\sid\vendor\codeigniter4\framework\system\CodeIgniter.php(878): App\Controllers\Menu->index()
#8 C:\Users\dell\sid\vendor\codeigniter4\framework\system\CodeIgniter.php(413): CodeIgniter\CodeIgniter->runController(Object(App\Controllers\Menu))
#9 C:\Users\dell\sid\vendor\codeigniter4\framework\system\CodeIgniter.php(324): CodeIgniter\CodeIgniter->handleRequest(NULL, Object(Config\Cache), false)
#10 C:\Users\dell\sid\public\index.php(44): CodeIgniter\CodeIgniter->run()
#11 C:\Users\dell\sid\vendor\codeigniter4\framework\system\Commands\Server\rewrite.php(45): require_once('C:\\Users\\dell\\s...')
#12 {main}
CRITICAL - 2021-03-15 06:37:54 --> trim() expects parameter 1 to be string, object given
#0 [internal function]: CodeIgniter\Debug\Exceptions->errorHandler(2, 'trim() expects ...', 'C:\\Users\\dell\\s...', 85, Array)
#1 C:\Users\dell\sid\vendor\codeigniter4\framework\system\Helpers\url_helper.php(85): trim(Object(stdClass), '/')
#2 C:\Users\dell\sid\app\Views\layout\sidebar.php(32): base_url(Object(stdClass))
#3 C:\Users\dell\sid\vendor\codeigniter4\framework\system\View\View.php(220): include('C:\\Users\\dell\\s...')
#4 C:\Users\dell\sid\vendor\codeigniter4\framework\system\View\View.php(222): CodeIgniter\View\View->CodeIgniter\View\{closure}()
#5 C:\Users\dell\sid\vendor\codeigniter4\framework\system\View\View.php(468): CodeIgniter\View\View->render('layout/sidebar', NULL, true)
#6 C:\Users\dell\sid\app\Views\layout\aside.php(32): CodeIgniter\View\View->include('layout/sidebar')
#7 C:\Users\dell\sid\vendor\codeigniter4\framework\system\View\View.php(220): include('C:\\Users\\dell\\s...')
#8 C:\Users\dell\sid\vendor\codeigniter4\framework\system\View\View.php(222): CodeIgniter\View\View->CodeIgniter\View\{closure}()
#9 C:\Users\dell\sid\vendor\codeigniter4\framework\system\View\View.php(468): CodeIgniter\View\View->render('layout/aside', NULL, true)
#10 C:\Users\dell\sid\app\Views\layout\template.php(6): CodeIgniter\View\View->include('layout/aside')
#11 C:\Users\dell\sid\vendor\codeigniter4\framework\system\View\View.php(220): include('C:\\Users\\dell\\s...')
#12 C:\Users\dell\sid\vendor\codeigniter4\framework\system\View\View.php(222): CodeIgniter\View\View->CodeIgniter\View\{closure}()
#13 C:\Users\dell\sid\vendor\codeigniter4\framework\system\View\View.php(236): CodeIgniter\View\View->render('layout/template', Array, true)
#14 C:\Users\dell\sid\vendor\codeigniter4\framework\system\Common.php(1217): CodeIgniter\View\View->render('menu/index', Array, true)
#15 C:\Users\dell\sid\app\Controllers\Menu.php(19): view('menu/index', Array)
#16 C:\Users\dell\sid\vendor\codeigniter4\framework\system\CodeIgniter.php(878): App\Controllers\Menu->index()
#17 C:\Users\dell\sid\vendor\codeigniter4\framework\system\CodeIgniter.php(413): CodeIgniter\CodeIgniter->runController(Object(App\Controllers\Menu))
#18 C:\Users\dell\sid\vendor\codeigniter4\framework\system\CodeIgniter.php(324): CodeIgniter\CodeIgniter->handleRequest(NULL, Object(Config\Cache), false)
#19 C:\Users\dell\sid\public\index.php(44): CodeIgniter\CodeIgniter->run()
#20 C:\Users\dell\sid\vendor\codeigniter4\framework\system\Commands\Server\rewrite.php(45): require_once('C:\\Users\\dell\\s...')
#21 {main}
CRITICAL - 2021-03-15 06:38:12 --> Object of class stdClass could not be converted to string
#0 C:\Users\dell\sid\app\Views\layout\sidebar.php(32): CodeIgniter\Debug\Exceptions->errorHandler(4096, 'Object of class...', 'C:\\Users\\dell\\s...', 32, Array)
#1 C:\Users\dell\sid\vendor\codeigniter4\framework\system\View\View.php(220): include('C:\\Users\\dell\\s...')
#2 C:\Users\dell\sid\vendor\codeigniter4\framework\system\View\View.php(222): CodeIgniter\View\View->CodeIgniter\View\{closure}()
#3 C:\Users\dell\sid\vendor\codeigniter4\framework\system\View\View.php(468): CodeIgniter\View\View->render('layout/sidebar', NULL, true)
#4 C:\Users\dell\sid\app\Views\layout\aside.php(32): CodeIgniter\View\View->include('layout/sidebar')
#5 C:\Users\dell\sid\vendor\codeigniter4\framework\system\View\View.php(220): include('C:\\Users\\dell\\s...')
#6 C:\Users\dell\sid\vendor\codeigniter4\framework\system\View\View.php(222): CodeIgniter\View\View->CodeIgniter\View\{closure}()
#7 C:\Users\dell\sid\vendor\codeigniter4\framework\system\View\View.php(468): CodeIgniter\View\View->render('layout/aside', NULL, true)
#8 C:\Users\dell\sid\app\Views\layout\template.php(6): CodeIgniter\View\View->include('layout/aside')
#9 C:\Users\dell\sid\vendor\codeigniter4\framework\system\View\View.php(220): include('C:\\Users\\dell\\s...')
#10 C:\Users\dell\sid\vendor\codeigniter4\framework\system\View\View.php(222): CodeIgniter\View\View->CodeIgniter\View\{closure}()
#11 C:\Users\dell\sid\vendor\codeigniter4\framework\system\View\View.php(236): CodeIgniter\View\View->render('layout/template', Array, true)
#12 C:\Users\dell\sid\vendor\codeigniter4\framework\system\Common.php(1217): CodeIgniter\View\View->render('menu/index', Array, true)
#13 C:\Users\dell\sid\app\Controllers\Menu.php(19): view('menu/index', Array)
#14 C:\Users\dell\sid\vendor\codeigniter4\framework\system\CodeIgniter.php(878): App\Controllers\Menu->index()
#15 C:\Users\dell\sid\vendor\codeigniter4\framework\system\CodeIgniter.php(413): CodeIgniter\CodeIgniter->runController(Object(App\Controllers\Menu))
#16 C:\Users\dell\sid\vendor\codeigniter4\framework\system\CodeIgniter.php(324): CodeIgniter\CodeIgniter->handleRequest(NULL, Object(Config\Cache), false)
#17 C:\Users\dell\sid\public\index.php(44): CodeIgniter\CodeIgniter->run()
#18 C:\Users\dell\sid\vendor\codeigniter4\framework\system\Commands\Server\rewrite.php(45): require_once('C:\\Users\\dell\\s...')
#19 {main}
CRITICAL - 2021-03-15 06:38:18 --> trim() expects parameter 1 to be string, object given
#0 [internal function]: CodeIgniter\Debug\Exceptions->errorHandler(2, 'trim() expects ...', 'C:\\Users\\dell\\s...', 85, Array)
#1 C:\Users\dell\sid\vendor\codeigniter4\framework\system\Helpers\url_helper.php(85): trim(Object(stdClass), '/')
#2 C:\Users\dell\sid\app\Views\layout\sidebar.php(32): base_url(Object(stdClass))
#3 C:\Users\dell\sid\vendor\codeigniter4\framework\system\View\View.php(220): include('C:\\Users\\dell\\s...')
#4 C:\Users\dell\sid\vendor\codeigniter4\framework\system\View\View.php(222): CodeIgniter\View\View->CodeIgniter\View\{closure}()
#5 C:\Users\dell\sid\vendor\codeigniter4\framework\system\View\View.php(468): CodeIgniter\View\View->render('layout/sidebar', NULL, true)
#6 C:\Users\dell\sid\app\Views\layout\aside.php(32): CodeIgniter\View\View->include('layout/sidebar')
#7 C:\Users\dell\sid\vendor\codeigniter4\framework\system\View\View.php(220): include('C:\\Users\\dell\\s...')
#8 C:\Users\dell\sid\vendor\codeigniter4\framework\system\View\View.php(222): CodeIgniter\View\View->CodeIgniter\View\{closure}()
#9 C:\Users\dell\sid\vendor\codeigniter4\framework\system\View\View.php(468): CodeIgniter\View\View->render('layout/aside', NULL, true)
#10 C:\Users\dell\sid\app\Views\layout\template.php(6): CodeIgniter\View\View->include('layout/aside')
#11 C:\Users\dell\sid\vendor\codeigniter4\framework\system\View\View.php(220): include('C:\\Users\\dell\\s...')
#12 C:\Users\dell\sid\vendor\codeigniter4\framework\system\View\View.php(222): CodeIgniter\View\View->CodeIgniter\View\{closure}()
#13 C:\Users\dell\sid\vendor\codeigniter4\framework\system\View\View.php(236): CodeIgniter\View\View->render('layout/template', Array, true)
#14 C:\Users\dell\sid\vendor\codeigniter4\framework\system\Common.php(1217): CodeIgniter\View\View->render('menu/index', Array, true)
#15 C:\Users\dell\sid\app\Controllers\Menu.php(19): view('menu/index', Array)
#16 C:\Users\dell\sid\vendor\codeigniter4\framework\system\CodeIgniter.php(878): App\Controllers\Menu->index()
#17 C:\Users\dell\sid\vendor\codeigniter4\framework\system\CodeIgniter.php(413): CodeIgniter\CodeIgniter->runController(Object(App\Controllers\Menu))
#18 C:\Users\dell\sid\vendor\codeigniter4\framework\system\CodeIgniter.php(324): CodeIgniter\CodeIgniter->handleRequest(NULL, Object(Config\Cache), false)
#19 C:\Users\dell\sid\public\index.php(44): CodeIgniter\CodeIgniter->run()
#20 C:\Users\dell\sid\vendor\codeigniter4\framework\system\Commands\Server\rewrite.php(45): require_once('C:\\Users\\dell\\s...')
#21 {main}
CRITICAL - 2021-03-15 06:40:54 --> Trying to get property 'menu' of non-object
#0 C:\Users\dell\sid\app\Views\layout\sidebar.php(26): CodeIgniter\Debug\Exceptions->errorHandler(8, 'Trying to get p...', 'C:\\Users\\dell\\s...', 26, Array)
#1 C:\Users\dell\sid\vendor\codeigniter4\framework\system\View\View.php(220): include('C:\\Users\\dell\\s...')
#2 C:\Users\dell\sid\vendor\codeigniter4\framework\system\View\View.php(222): CodeIgniter\View\View->CodeIgniter\View\{closure}()
#3 C:\Users\dell\sid\vendor\codeigniter4\framework\system\View\View.php(468): CodeIgniter\View\View->render('layout/sidebar', NULL, true)
#4 C:\Users\dell\sid\app\Views\layout\aside.php(32): CodeIgniter\View\View->include('layout/sidebar')
#5 C:\Users\dell\sid\vendor\codeigniter4\framework\system\View\View.php(220): include('C:\\Users\\dell\\s...')
#6 C:\Users\dell\sid\vendor\codeigniter4\framework\system\View\View.php(222): CodeIgniter\View\View->CodeIgniter\View\{closure}()
#7 C:\Users\dell\sid\vendor\codeigniter4\framework\system\View\View.php(468): CodeIgniter\View\View->render('layout/aside', NULL, true)
#8 C:\Users\dell\sid\app\Views\layout\template.php(6): CodeIgniter\View\View->include('layout/aside')
#9 C:\Users\dell\sid\vendor\codeigniter4\framework\system\View\View.php(220): include('C:\\Users\\dell\\s...')
#10 C:\Users\dell\sid\vendor\codeigniter4\framework\system\View\View.php(222): CodeIgniter\View\View->CodeIgniter\View\{closure}()
#11 C:\Users\dell\sid\vendor\codeigniter4\framework\system\View\View.php(236): CodeIgniter\View\View->render('layout/template', Array, true)
#12 C:\Users\dell\sid\vendor\codeigniter4\framework\system\Common.php(1217): CodeIgniter\View\View->render('menu/index', Array, true)
#13 C:\Users\dell\sid\app\Controllers\Menu.php(19): view('menu/index', Array)
#14 C:\Users\dell\sid\vendor\codeigniter4\framework\system\CodeIgniter.php(878): App\Controllers\Menu->index()
#15 C:\Users\dell\sid\vendor\codeigniter4\framework\system\CodeIgniter.php(413): CodeIgniter\CodeIgniter->runController(Object(App\Controllers\Menu))
#16 C:\Users\dell\sid\vendor\codeigniter4\framework\system\CodeIgniter.php(324): CodeIgniter\CodeIgniter->handleRequest(NULL, Object(Config\Cache), false)
#17 C:\Users\dell\sid\public\index.php(44): CodeIgniter\CodeIgniter->run()
#18 C:\Users\dell\sid\vendor\codeigniter4\framework\system\Commands\Server\rewrite.php(45): require_once('C:\\Users\\dell\\s...')
#19 {main}
