CRITICAL - 2021-03-17 02:53:11 --> is_unique[user_menu.menu,id,1 is not a valid rule.
#0 C:\Users\dell\sid\vendor\codeigniter4\framework\system\Validation\Validation.php(314): CodeIgniter\Validation\Exceptions\ValidationException::forRuleNotFound('is_unique[user_...')
#1 C:\Users\dell\sid\vendor\codeigniter4\framework\system\Validation\Validation.php(164): CodeIgniter\Validation\Validation->processRules('menu', 'menu', 'Menu', Array, Array)
#2 C:\Users\dell\sid\vendor\codeigniter4\framework\system\BaseModel.php(1421): CodeIgniter\Validation\Validation->run(Array, NULL, NULL)
#3 C:\Users\dell\sid\vendor\codeigniter4\framework\system\BaseModel.php(867): CodeIgniter\BaseModel->validate(Array)
#4 C:\Users\dell\sid\vendor\codeigniter4\framework\system\Model.php(737): CodeIgniter\BaseModel->update(Array, Array)
#5 C:\Users\dell\sid\vendor\codeigniter4\framework\system\BaseModel.php(663): CodeIgniter\Model->update('1', Array)
#6 C:\Users\dell\sid\app\Controllers\Menu\Menu.php(62): CodeIgniter\BaseModel->save(Array)
#7 C:\Users\dell\sid\vendor\codeigniter4\framework\system\CodeIgniter.php(878): App\Controllers\Menu\Menu->update()
#8 C:\Users\dell\sid\vendor\codeigniter4\framework\system\CodeIgniter.php(413): CodeIgniter\CodeIgniter->runController(Object(App\Controllers\Menu\Menu))
#9 C:\Users\dell\sid\vendor\codeigniter4\framework\system\CodeIgniter.php(324): CodeIgniter\CodeIgniter->handleRequest(NULL, Object(Config\Cache), false)
#10 C:\Users\dell\sid\public\index.php(44): CodeIgniter\CodeIgniter->run()
#11 C:\Users\dell\sid\vendor\codeigniter4\framework\system\Commands\Server\rewrite.php(45): require_once('C:\\Users\\dell\\s...')
#12 {main}
CRITICAL - 2021-03-17 02:53:59 --> is_unique[user_menu.menu,id,1 is not a valid rule.
#0 C:\Users\dell\sid\vendor\codeigniter4\framework\system\Validation\Validation.php(314): CodeIgniter\Validation\Exceptions\ValidationException::forRuleNotFound('is_unique[user_...')
#1 C:\Users\dell\sid\vendor\codeigniter4\framework\system\Validation\Validation.php(164): CodeIgniter\Validation\Validation->processRules('menu', 'menu', 'Menu', Array, Array)
#2 C:\Users\dell\sid\vendor\codeigniter4\framework\system\BaseModel.php(1421): CodeIgniter\Validation\Validation->run(Array, NULL, NULL)
#3 C:\Users\dell\sid\vendor\codeigniter4\framework\system\BaseModel.php(867): CodeIgniter\BaseModel->validate(Array)
#4 C:\Users\dell\sid\vendor\codeigniter4\framework\system\Model.php(737): CodeIgniter\BaseModel->update(Array, Array)
#5 C:\Users\dell\sid\vendor\codeigniter4\framework\system\BaseModel.php(663): CodeIgniter\Model->update('1', Array)
#6 C:\Users\dell\sid\app\Controllers\Menu\Menu.php(62): CodeIgniter\BaseModel->save(Array)
#7 C:\Users\dell\sid\vendor\codeigniter4\framework\system\CodeIgniter.php(878): App\Controllers\Menu\Menu->update()
#8 C:\Users\dell\sid\vendor\codeigniter4\framework\system\CodeIgniter.php(413): CodeIgniter\CodeIgniter->runController(Object(App\Controllers\Menu\Menu))
#9 C:\Users\dell\sid\vendor\codeigniter4\framework\system\CodeIgniter.php(324): CodeIgniter\CodeIgniter->handleRequest(NULL, Object(Config\Cache), false)
#10 C:\Users\dell\sid\public\index.php(44): CodeIgniter\CodeIgniter->run()
#11 C:\Users\dell\sid\vendor\codeigniter4\framework\system\Commands\Server\rewrite.php(45): require_once('C:\\Users\\dell\\s...')
#12 {main}
CRITICAL - 2021-03-17 10:45:42 --> Undefined variable: title
#0 C:\Users\dell\sid\app\Views\errors\html\error_exception.php(8): CodeIgniter\Debug\Exceptions->errorHandler(8, 'Undefined varia...', 'C:\\Users\\dell\\s...', 8, Array)
#1 C:\Users\dell\sid\vendor\codeigniter4\framework\system\View\View.php(220): include('C:\\Users\\dell\\s...')
#2 C:\Users\dell\sid\vendor\codeigniter4\framework\system\View\View.php(222): CodeIgniter\View\View->CodeIgniter\View\{closure}()
#3 C:\Users\dell\sid\vendor\codeigniter4\framework\system\Common.php(1217): CodeIgniter\View\View->render('errors/html/err...', Array, true)
#4 C:\Users\dell\sid\app\Config\Routes.php(24): view('errors/html/err...')
#5 C:\Users\dell\sid\vendor\codeigniter4\framework\system\CodeIgniter.php(899): CodeIgniter\Router\RouteCollection->Config\{closure}('Controller or i...')
#6 C:\Users\dell\sid\vendor\codeigniter4\framework\system\CodeIgniter.php(336): CodeIgniter\CodeIgniter->display404errors(Object(CodeIgniter\Exceptions\PageNotFoundException))
#7 C:\Users\dell\sid\public\index.php(44): CodeIgniter\CodeIgniter->run()
#8 C:\Users\dell\sid\vendor\codeigniter4\framework\system\Commands\Server\rewrite.php(45): require_once('C:\\Users\\dell\\s...')
#9 {main}
CRITICAL - 2021-03-17 11:00:39 --> Call to a member function where() on array
#0 C:\Users\dell\sid\vendor\codeigniter4\framework\system\CodeIgniter.php(878): App\Controllers\Menu\Menu->index()
#1 C:\Users\dell\sid\vendor\codeigniter4\framework\system\CodeIgniter.php(413): CodeIgniter\CodeIgniter->runController(Object(App\Controllers\Menu\Menu))
#2 C:\Users\dell\sid\vendor\codeigniter4\framework\system\CodeIgniter.php(324): CodeIgniter\CodeIgniter->handleRequest(NULL, Object(Config\Cache), false)
#3 C:\Users\dell\sid\public\index.php(44): CodeIgniter\CodeIgniter->run()
#4 C:\Users\dell\sid\vendor\codeigniter4\framework\system\Commands\Server\rewrite.php(45): require_once('C:\\Users\\dell\\s...')
#5 {main}
CRITICAL - 2021-03-17 11:18:17 --> syntax error, unexpected end of file
#0 C:\Users\dell\sid\vendor\codeigniter4\framework\system\View\View.php(222): CodeIgniter\View\View->CodeIgniter\View\{closure}()
#1 C:\Users\dell\sid\vendor\codeigniter4\framework\system\Common.php(1217): CodeIgniter\View\View->render('menu/index', Array, true)
#2 C:\Users\dell\sid\app\Controllers\Menu\Menu.php(18): view('menu/index', Array)
#3 C:\Users\dell\sid\vendor\codeigniter4\framework\system\CodeIgniter.php(878): App\Controllers\Menu\Menu->index()
#4 C:\Users\dell\sid\vendor\codeigniter4\framework\system\CodeIgniter.php(413): CodeIgniter\CodeIgniter->runController(Object(App\Controllers\Menu\Menu))
#5 C:\Users\dell\sid\vendor\codeigniter4\framework\system\CodeIgniter.php(324): CodeIgniter\CodeIgniter->handleRequest(NULL, Object(Config\Cache), false)
#6 C:\Users\dell\sid\public\index.php(44): CodeIgniter\CodeIgniter->run()
#7 C:\Users\dell\sid\vendor\codeigniter4\framework\system\Commands\Server\rewrite.php(45): require_once('C:\\Users\\dell\\s...')
#8 {main}
ERROR - 2021-03-17 11:20:37 --> mysqli_sql_exception: Table 'sid.user' doesn't exist in C:\Users\dell\sid\vendor\codeigniter4\framework\system\Database\MySQLi\Connection.php:314
Stack trace:
#0 C:\Users\dell\sid\vendor\codeigniter4\framework\system\Database\MySQLi\Connection.php(314): mysqli->query('SELECT *\nFROM `...')
#1 C:\Users\dell\sid\vendor\codeigniter4\framework\system\Database\BaseConnection.php(713): CodeIgniter\Database\MySQLi\Connection->execute('SELECT *\nFROM `...')
#2 C:\Users\dell\sid\vendor\codeigniter4\framework\system\Database\BaseConnection.php(641): CodeIgniter\Database\BaseConnection->simpleQuery('SELECT *\nFROM `...')
#3 C:\Users\dell\sid\vendor\codeigniter4\framework\system\Database\BaseBuilder.php(1866): CodeIgniter\Database\BaseConnection->query('SELECT *\nFROM `...', Array, false)
#4 C:\Users\dell\sid\app\Models\Menu\MenuModel.php(38): CodeIgniter\Database\BaseBuilder->get()
#5 C:\Users\dell\sid\app\Views\menu\index.php(89): App\Models\Menu\MenuModel->getUserAccessMenu('2')
#6 C:\Users\dell\sid\vendor\codeigniter4\framework\system\View\View.php(220): include('C:\\Users\\dell\\s...')
#7 C:\Users\dell\sid\vendor\codeigniter4\framework\system\View\View.php(222): CodeIgniter\View\View->CodeIgniter\View\{closure}()
#8 C:\Users\dell\sid\vendor\codeigniter4\framework\system\Common.php(1217): CodeIgniter\View\View->render('menu/index', Array, true)
#9 C:\Users\dell\sid\app\Controllers\Menu\Menu.php(18): view('menu/index', Array)
#10 C:\Users\dell\sid\vendor\codeigniter4\framework\system\CodeIgniter.php(878): App\Controllers\Menu\Menu->index()
#11 C:\Users\dell\sid\vendor\codeigniter4\framework\system\CodeIgniter.php(413): CodeIgniter\CodeIgniter->runController(Object(App\Controllers\Menu\Menu))
#12 C:\Users\dell\sid\vendor\codeigniter4\framework\system\CodeIgniter.php(324): CodeIgniter\CodeIgniter->handleRequest(NULL, Object(Config\Cache), false)
#13 C:\Users\dell\sid\public\index.php(44): CodeIgniter\CodeIgniter->run()
#14 C:\Users\dell\sid\vendor\codeigniter4\framework\system\Commands\Server\rewrite.php(45): require_once('C:\\Users\\dell\\s...')
#15 {main}
CRITICAL - 2021-03-17 11:20:37 --> Table 'sid.user' doesn't exist
#0 C:\Users\dell\sid\vendor\codeigniter4\framework\system\Database\MySQLi\Connection.php(314): mysqli->query('SELECT *\nFROM `...')
#1 C:\Users\dell\sid\vendor\codeigniter4\framework\system\Database\BaseConnection.php(713): CodeIgniter\Database\MySQLi\Connection->execute('SELECT *\nFROM `...')
#2 C:\Users\dell\sid\vendor\codeigniter4\framework\system\Database\BaseConnection.php(641): CodeIgniter\Database\BaseConnection->simpleQuery('SELECT *\nFROM `...')
#3 C:\Users\dell\sid\vendor\codeigniter4\framework\system\Database\BaseBuilder.php(1866): CodeIgniter\Database\BaseConnection->query('SELECT *\nFROM `...', Array, false)
#4 C:\Users\dell\sid\app\Models\Menu\MenuModel.php(38): CodeIgniter\Database\BaseBuilder->get()
#5 C:\Users\dell\sid\app\Views\menu\index.php(89): App\Models\Menu\MenuModel->getUserAccessMenu('2')
#6 C:\Users\dell\sid\vendor\codeigniter4\framework\system\View\View.php(220): include('C:\\Users\\dell\\s...')
#7 C:\Users\dell\sid\vendor\codeigniter4\framework\system\View\View.php(222): CodeIgniter\View\View->CodeIgniter\View\{closure}()
#8 C:\Users\dell\sid\vendor\codeigniter4\framework\system\Common.php(1217): CodeIgniter\View\View->render('menu/index', Array, true)
#9 C:\Users\dell\sid\app\Controllers\Menu\Menu.php(18): view('menu/index', Array)
#10 C:\Users\dell\sid\vendor\codeigniter4\framework\system\CodeIgniter.php(878): App\Controllers\Menu\Menu->index()
#11 C:\Users\dell\sid\vendor\codeigniter4\framework\system\CodeIgniter.php(413): CodeIgniter\CodeIgniter->runController(Object(App\Controllers\Menu\Menu))
#12 C:\Users\dell\sid\vendor\codeigniter4\framework\system\CodeIgniter.php(324): CodeIgniter\CodeIgniter->handleRequest(NULL, Object(Config\Cache), false)
#13 C:\Users\dell\sid\public\index.php(44): CodeIgniter\CodeIgniter->run()
#14 C:\Users\dell\sid\vendor\codeigniter4\framework\system\Commands\Server\rewrite.php(45): require_once('C:\\Users\\dell\\s...')
#15 {main}
ERROR - 2021-03-17 11:21:46 --> mysqli_sql_exception: Table 'sid.auth_group' doesn't exist in C:\Users\dell\sid\vendor\codeigniter4\framework\system\Database\MySQLi\Connection.php:314
Stack trace:
#0 C:\Users\dell\sid\vendor\codeigniter4\framework\system\Database\MySQLi\Connection.php(314): mysqli->query('SELECT *\nFROM `...')
#1 C:\Users\dell\sid\vendor\codeigniter4\framework\system\Database\BaseConnection.php(713): CodeIgniter\Database\MySQLi\Connection->execute('SELECT *\nFROM `...')
#2 C:\Users\dell\sid\vendor\codeigniter4\framework\system\Database\BaseConnection.php(641): CodeIgniter\Database\BaseConnection->simpleQuery('SELECT *\nFROM `...')
#3 C:\Users\dell\sid\vendor\codeigniter4\framework\system\Database\BaseBuilder.php(1866): CodeIgniter\Database\BaseConnection->query('SELECT *\nFROM `...', Array, false)
#4 C:\Users\dell\sid\app\Models\Menu\MenuModel.php(38): CodeIgniter\Database\BaseBuilder->get()
#5 C:\Users\dell\sid\app\Views\menu\index.php(89): App\Models\Menu\MenuModel->getUserAccessMenu('2')
#6 C:\Users\dell\sid\vendor\codeigniter4\framework\system\View\View.php(220): include('C:\\Users\\dell\\s...')
#7 C:\Users\dell\sid\vendor\codeigniter4\framework\system\View\View.php(222): CodeIgniter\View\View->CodeIgniter\View\{closure}()
#8 C:\Users\dell\sid\vendor\codeigniter4\framework\system\Common.php(1217): CodeIgniter\View\View->render('menu/index', Array, true)
#9 C:\Users\dell\sid\app\Controllers\Menu\Menu.php(18): view('menu/index', Array)
#10 C:\Users\dell\sid\vendor\codeigniter4\framework\system\CodeIgniter.php(878): App\Controllers\Menu\Menu->index()
#11 C:\Users\dell\sid\vendor\codeigniter4\framework\system\CodeIgniter.php(413): CodeIgniter\CodeIgniter->runController(Object(App\Controllers\Menu\Menu))
#12 C:\Users\dell\sid\vendor\codeigniter4\framework\system\CodeIgniter.php(324): CodeIgniter\CodeIgniter->handleRequest(NULL, Object(Config\Cache), false)
#13 C:\Users\dell\sid\public\index.php(44): CodeIgniter\CodeIgniter->run()
#14 C:\Users\dell\sid\vendor\codeigniter4\framework\system\Commands\Server\rewrite.php(45): require_once('C:\\Users\\dell\\s...')
#15 {main}
CRITICAL - 2021-03-17 11:21:46 --> Table 'sid.auth_group' doesn't exist
#0 C:\Users\dell\sid\vendor\codeigniter4\framework\system\Database\MySQLi\Connection.php(314): mysqli->query('SELECT *\nFROM `...')
#1 C:\Users\dell\sid\vendor\codeigniter4\framework\system\Database\BaseConnection.php(713): CodeIgniter\Database\MySQLi\Connection->execute('SELECT *\nFROM `...')
#2 C:\Users\dell\sid\vendor\codeigniter4\framework\system\Database\BaseConnection.php(641): CodeIgniter\Database\BaseConnection->simpleQuery('SELECT *\nFROM `...')
#3 C:\Users\dell\sid\vendor\codeigniter4\framework\system\Database\BaseBuilder.php(1866): CodeIgniter\Database\BaseConnection->query('SELECT *\nFROM `...', Array, false)
#4 C:\Users\dell\sid\app\Models\Menu\MenuModel.php(38): CodeIgniter\Database\BaseBuilder->get()
#5 C:\Users\dell\sid\app\Views\menu\index.php(89): App\Models\Menu\MenuModel->getUserAccessMenu('2')
#6 C:\Users\dell\sid\vendor\codeigniter4\framework\system\View\View.php(220): include('C:\\Users\\dell\\s...')
#7 C:\Users\dell\sid\vendor\codeigniter4\framework\system\View\View.php(222): CodeIgniter\View\View->CodeIgniter\View\{closure}()
#8 C:\Users\dell\sid\vendor\codeigniter4\framework\system\Common.php(1217): CodeIgniter\View\View->render('menu/index', Array, true)
#9 C:\Users\dell\sid\app\Controllers\Menu\Menu.php(18): view('menu/index', Array)
#10 C:\Users\dell\sid\vendor\codeigniter4\framework\system\CodeIgniter.php(878): App\Controllers\Menu\Menu->index()
#11 C:\Users\dell\sid\vendor\codeigniter4\framework\system\CodeIgniter.php(413): CodeIgniter\CodeIgniter->runController(Object(App\Controllers\Menu\Menu))
#12 C:\Users\dell\sid\vendor\codeigniter4\framework\system\CodeIgniter.php(324): CodeIgniter\CodeIgniter->handleRequest(NULL, Object(Config\Cache), false)
#13 C:\Users\dell\sid\public\index.php(44): CodeIgniter\CodeIgniter->run()
#14 C:\Users\dell\sid\vendor\codeigniter4\framework\system\Commands\Server\rewrite.php(45): require_once('C:\\Users\\dell\\s...')
#15 {main}
CRITICAL - 2021-03-17 11:26:08 --> Trying to get property 'name' of non-object
#0 C:\Users\dell\sid\app\Views\menu\index.php(95): CodeIgniter\Debug\Exceptions->errorHandler(8, 'Trying to get p...', 'C:\\Users\\dell\\s...', 95, Array)
#1 C:\Users\dell\sid\vendor\codeigniter4\framework\system\View\View.php(220): include('C:\\Users\\dell\\s...')
#2 C:\Users\dell\sid\vendor\codeigniter4\framework\system\View\View.php(222): CodeIgniter\View\View->CodeIgniter\View\{closure}()
#3 C:\Users\dell\sid\vendor\codeigniter4\framework\system\Common.php(1217): CodeIgniter\View\View->render('menu/index', Array, true)
#4 C:\Users\dell\sid\app\Controllers\Menu\Menu.php(18): view('menu/index', Array)
#5 C:\Users\dell\sid\vendor\codeigniter4\framework\system\CodeIgniter.php(878): App\Controllers\Menu\Menu->index()
#6 C:\Users\dell\sid\vendor\codeigniter4\framework\system\CodeIgniter.php(413): CodeIgniter\CodeIgniter->runController(Object(App\Controllers\Menu\Menu))
#7 C:\Users\dell\sid\vendor\codeigniter4\framework\system\CodeIgniter.php(324): CodeIgniter\CodeIgniter->handleRequest(NULL, Object(Config\Cache), false)
#8 C:\Users\dell\sid\public\index.php(44): CodeIgniter\CodeIgniter->run()
#9 C:\Users\dell\sid\vendor\codeigniter4\framework\system\Commands\Server\rewrite.php(45): require_once('C:\\Users\\dell\\s...')
#10 {main}
CRITICAL - 2021-03-17 11:28:14 --> Trying to get property 'name' of non-object
#0 C:\Users\dell\sid\app\Views\menu\index.php(97): CodeIgniter\Debug\Exceptions->errorHandler(8, 'Trying to get p...', 'C:\\Users\\dell\\s...', 97, Array)
#1 C:\Users\dell\sid\vendor\codeigniter4\framework\system\View\View.php(220): include('C:\\Users\\dell\\s...')
#2 C:\Users\dell\sid\vendor\codeigniter4\framework\system\View\View.php(222): CodeIgniter\View\View->CodeIgniter\View\{closure}()
#3 C:\Users\dell\sid\vendor\codeigniter4\framework\system\Common.php(1217): CodeIgniter\View\View->render('menu/index', Array, true)
#4 C:\Users\dell\sid\app\Controllers\Menu\Menu.php(18): view('menu/index', Array)
#5 C:\Users\dell\sid\vendor\codeigniter4\framework\system\CodeIgniter.php(878): App\Controllers\Menu\Menu->index()
#6 C:\Users\dell\sid\vendor\codeigniter4\framework\system\CodeIgniter.php(413): CodeIgniter\CodeIgniter->runController(Object(App\Controllers\Menu\Menu))
#7 C:\Users\dell\sid\vendor\codeigniter4\framework\system\CodeIgniter.php(324): CodeIgniter\CodeIgniter->handleRequest(NULL, Object(Config\Cache), false)
#8 C:\Users\dell\sid\public\index.php(44): CodeIgniter\CodeIgniter->run()
#9 C:\Users\dell\sid\vendor\codeigniter4\framework\system\Commands\Server\rewrite.php(45): require_once('C:\\Users\\dell\\s...')
#10 {main}
CRITICAL - 2021-03-17 11:28:20 --> Trying to get property 'name' of non-object
#0 C:\Users\dell\sid\app\Views\menu\index.php(97): CodeIgniter\Debug\Exceptions->errorHandler(8, 'Trying to get p...', 'C:\\Users\\dell\\s...', 97, Array)
#1 C:\Users\dell\sid\vendor\codeigniter4\framework\system\View\View.php(220): include('C:\\Users\\dell\\s...')
#2 C:\Users\dell\sid\vendor\codeigniter4\framework\system\View\View.php(222): CodeIgniter\View\View->CodeIgniter\View\{closure}()
#3 C:\Users\dell\sid\vendor\codeigniter4\framework\system\Common.php(1217): CodeIgniter\View\View->render('menu/index', Array, true)
#4 C:\Users\dell\sid\app\Controllers\Menu\Menu.php(18): view('menu/index', Array)
#5 C:\Users\dell\sid\vendor\codeigniter4\framework\system\CodeIgniter.php(878): App\Controllers\Menu\Menu->index()
#6 C:\Users\dell\sid\vendor\codeigniter4\framework\system\CodeIgniter.php(413): CodeIgniter\CodeIgniter->runController(Object(App\Controllers\Menu\Menu))
#7 C:\Users\dell\sid\vendor\codeigniter4\framework\system\CodeIgniter.php(324): CodeIgniter\CodeIgniter->handleRequest(NULL, Object(Config\Cache), false)
#8 C:\Users\dell\sid\public\index.php(44): CodeIgniter\CodeIgniter->run()
#9 C:\Users\dell\sid\vendor\codeigniter4\framework\system\Commands\Server\rewrite.php(45): require_once('C:\\Users\\dell\\s...')
#10 {main}
CRITICAL - 2021-03-17 11:28:36 --> Trying to get property 'name' of non-object
#0 C:\Users\dell\sid\app\Views\menu\index.php(98): CodeIgniter\Debug\Exceptions->errorHandler(8, 'Trying to get p...', 'C:\\Users\\dell\\s...', 98, Array)
#1 C:\Users\dell\sid\vendor\codeigniter4\framework\system\View\View.php(220): include('C:\\Users\\dell\\s...')
#2 C:\Users\dell\sid\vendor\codeigniter4\framework\system\View\View.php(222): CodeIgniter\View\View->CodeIgniter\View\{closure}()
#3 C:\Users\dell\sid\vendor\codeigniter4\framework\system\Common.php(1217): CodeIgniter\View\View->render('menu/index', Array, true)
#4 C:\Users\dell\sid\app\Controllers\Menu\Menu.php(18): view('menu/index', Array)
#5 C:\Users\dell\sid\vendor\codeigniter4\framework\system\CodeIgniter.php(878): App\Controllers\Menu\Menu->index()
#6 C:\Users\dell\sid\vendor\codeigniter4\framework\system\CodeIgniter.php(413): CodeIgniter\CodeIgniter->runController(Object(App\Controllers\Menu\Menu))
#7 C:\Users\dell\sid\vendor\codeigniter4\framework\system\CodeIgniter.php(324): CodeIgniter\CodeIgniter->handleRequest(NULL, Object(Config\Cache), false)
#8 C:\Users\dell\sid\public\index.php(44): CodeIgniter\CodeIgniter->run()
#9 C:\Users\dell\sid\vendor\codeigniter4\framework\system\Commands\Server\rewrite.php(45): require_once('C:\\Users\\dell\\s...')
#10 {main}
CRITICAL - 2021-03-17 11:28:44 --> Trying to get property 'name' of non-object
#0 C:\Users\dell\sid\app\Views\menu\index.php(98): CodeIgniter\Debug\Exceptions->errorHandler(8, 'Trying to get p...', 'C:\\Users\\dell\\s...', 98, Array)
#1 C:\Users\dell\sid\vendor\codeigniter4\framework\system\View\View.php(220): include('C:\\Users\\dell\\s...')
#2 C:\Users\dell\sid\vendor\codeigniter4\framework\system\View\View.php(222): CodeIgniter\View\View->CodeIgniter\View\{closure}()
#3 C:\Users\dell\sid\vendor\codeigniter4\framework\system\Common.php(1217): CodeIgniter\View\View->render('menu/index', Array, true)
#4 C:\Users\dell\sid\app\Controllers\Menu\Menu.php(18): view('menu/index', Array)
#5 C:\Users\dell\sid\vendor\codeigniter4\framework\system\CodeIgniter.php(878): App\Controllers\Menu\Menu->index()
#6 C:\Users\dell\sid\vendor\codeigniter4\framework\system\CodeIgniter.php(413): CodeIgniter\CodeIgniter->runController(Object(App\Controllers\Menu\Menu))
#7 C:\Users\dell\sid\vendor\codeigniter4\framework\system\CodeIgniter.php(324): CodeIgniter\CodeIgniter->handleRequest(NULL, Object(Config\Cache), false)
#8 C:\Users\dell\sid\public\index.php(44): CodeIgniter\CodeIgniter->run()
#9 C:\Users\dell\sid\vendor\codeigniter4\framework\system\Commands\Server\rewrite.php(45): require_once('C:\\Users\\dell\\s...')
#10 {main}
CRITICAL - 2021-03-17 11:32:14 --> Array to string conversion
#0 C:\Users\dell\sid\app\Views\menu\index.php(101): CodeIgniter\Debug\Exceptions->errorHandler(8, 'Array to string...', 'C:\\Users\\dell\\s...', 101, Array)
#1 C:\Users\dell\sid\vendor\codeigniter4\framework\system\View\View.php(220): include('C:\\Users\\dell\\s...')
#2 C:\Users\dell\sid\vendor\codeigniter4\framework\system\View\View.php(222): CodeIgniter\View\View->CodeIgniter\View\{closure}()
#3 C:\Users\dell\sid\vendor\codeigniter4\framework\system\Common.php(1217): CodeIgniter\View\View->render('menu/index', Array, true)
#4 C:\Users\dell\sid\app\Controllers\Menu\Menu.php(18): view('menu/index', Array)
#5 C:\Users\dell\sid\vendor\codeigniter4\framework\system\CodeIgniter.php(878): App\Controllers\Menu\Menu->index()
#6 C:\Users\dell\sid\vendor\codeigniter4\framework\system\CodeIgniter.php(413): CodeIgniter\CodeIgniter->runController(Object(App\Controllers\Menu\Menu))
#7 C:\Users\dell\sid\vendor\codeigniter4\framework\system\CodeIgniter.php(324): CodeIgniter\CodeIgniter->handleRequest(NULL, Object(Config\Cache), false)
#8 C:\Users\dell\sid\public\index.php(44): CodeIgniter\CodeIgniter->run()
#9 C:\Users\dell\sid\vendor\codeigniter4\framework\system\Commands\Server\rewrite.php(45): require_once('C:\\Users\\dell\\s...')
#10 {main}
CRITICAL - 2021-03-17 11:33:48 --> Undefined property: stdClass::$group_id
#0 C:\Users\dell\sid\app\Views\menu\index.php(96): CodeIgniter\Debug\Exceptions->errorHandler(8, 'Undefined prope...', 'C:\\Users\\dell\\s...', 96, Array)
#1 C:\Users\dell\sid\vendor\codeigniter4\framework\system\View\View.php(220): include('C:\\Users\\dell\\s...')
#2 C:\Users\dell\sid\vendor\codeigniter4\framework\system\View\View.php(222): CodeIgniter\View\View->CodeIgniter\View\{closure}()
#3 C:\Users\dell\sid\vendor\codeigniter4\framework\system\Common.php(1217): CodeIgniter\View\View->render('menu/index', Array, true)
#4 C:\Users\dell\sid\app\Controllers\Menu\Menu.php(18): view('menu/index', Array)
#5 C:\Users\dell\sid\vendor\codeigniter4\framework\system\CodeIgniter.php(878): App\Controllers\Menu\Menu->index()
#6 C:\Users\dell\sid\vendor\codeigniter4\framework\system\CodeIgniter.php(413): CodeIgniter\CodeIgniter->runController(Object(App\Controllers\Menu\Menu))
#7 C:\Users\dell\sid\vendor\codeigniter4\framework\system\CodeIgniter.php(324): CodeIgniter\CodeIgniter->handleRequest(NULL, Object(Config\Cache), false)
#8 C:\Users\dell\sid\public\index.php(44): CodeIgniter\CodeIgniter->run()
#9 C:\Users\dell\sid\vendor\codeigniter4\framework\system\Commands\Server\rewrite.php(45): require_once('C:\\Users\\dell\\s...')
#10 {main}
CRITICAL - 2021-03-17 19:51:25 --> Class 'App\Models\Menu\UserAccessMenuModel' not found
#0 C:\Users\dell\sid\vendor\codeigniter4\framework\system\CodeIgniter.php(854): App\Controllers\BaseController->initController(Object(CodeIgniter\HTTP\IncomingRequest), Object(CodeIgniter\HTTP\Response), Object(CodeIgniter\Log\Logger))
#1 C:\Users\dell\sid\vendor\codeigniter4\framework\system\CodeIgniter.php(404): CodeIgniter\CodeIgniter->createController()
#2 C:\Users\dell\sid\vendor\codeigniter4\framework\system\CodeIgniter.php(324): CodeIgniter\CodeIgniter->handleRequest(NULL, Object(Config\Cache), false)
#3 C:\Users\dell\sid\public\index.php(44): CodeIgniter\CodeIgniter->run()
#4 C:\Users\dell\sid\vendor\codeigniter4\framework\system\Commands\Server\rewrite.php(45): require_once('C:\\Users\\dell\\s...')
#5 {main}
CRITICAL - 2021-03-17 21:44:48 --> Class App\Models\Menu\MenuModel contains 16 abstract methods and must therefore be declared abstract or implement the remaining methods (CodeIgniter\BaseModel::doFind, CodeIgniter\BaseModel::doFindColumn, CodeIgniter\BaseModel::doFindAll, ...)
#0 [internal function]: CodeIgniter\Debug\Exceptions->shutdownHandler()
#1 {main}
CRITICAL - 2021-03-17 21:46:01 --> App\Models\Menu\MenuModel cannot implement CodeIgniter\BaseModel - it is not an interface
#0 [internal function]: CodeIgniter\Debug\Exceptions->shutdownHandler()
#1 {main}
CRITICAL - 2021-03-17 21:51:35 --> Undefined property: stdClass::$roles
#0 C:\Users\dell\sid\app\Controllers\Menu\Menu.php(13): CodeIgniter\Debug\Exceptions->errorHandler(8, 'Undefined prope...', 'C:\\Users\\dell\\s...', 13, Array)
#1 C:\Users\dell\sid\vendor\codeigniter4\framework\system\CodeIgniter.php(878): App\Controllers\Menu\Menu->index()
#2 C:\Users\dell\sid\vendor\codeigniter4\framework\system\CodeIgniter.php(413): CodeIgniter\CodeIgniter->runController(Object(App\Controllers\Menu\Menu))
#3 C:\Users\dell\sid\vendor\codeigniter4\framework\system\CodeIgniter.php(324): CodeIgniter\CodeIgniter->handleRequest(NULL, Object(Config\Cache), false)
#4 C:\Users\dell\sid\public\index.php(44): CodeIgniter\CodeIgniter->run()
#5 C:\Users\dell\sid\vendor\codeigniter4\framework\system\Commands\Server\rewrite.php(45): require_once('C:\\Users\\dell\\s...')
#6 {main}
CRITICAL - 2021-03-17 21:53:47 --> Undefined property: stdClass::$menu
#0 C:\Users\dell\sid\app\Controllers\Menu\Menu.php(13): CodeIgniter\Debug\Exceptions->errorHandler(8, 'Undefined prope...', 'C:\\Users\\dell\\s...', 13, Array)
#1 C:\Users\dell\sid\vendor\codeigniter4\framework\system\CodeIgniter.php(878): App\Controllers\Menu\Menu->index()
#2 C:\Users\dell\sid\vendor\codeigniter4\framework\system\CodeIgniter.php(413): CodeIgniter\CodeIgniter->runController(Object(App\Controllers\Menu\Menu))
#3 C:\Users\dell\sid\vendor\codeigniter4\framework\system\CodeIgniter.php(324): CodeIgniter\CodeIgniter->handleRequest(NULL, Object(Config\Cache), false)
#4 C:\Users\dell\sid\public\index.php(44): CodeIgniter\CodeIgniter->run()
#5 C:\Users\dell\sid\vendor\codeigniter4\framework\system\Commands\Server\rewrite.php(45): require_once('C:\\Users\\dell\\s...')
#6 {main}
CRITICAL - 2021-03-17 21:55:06 --> Call to undefined method App\Models\UserModel::hasOne
#0 C:\Users\dell\sid\app\Models\UserModel.php(23): CodeIgniter\Model->__call('hasOne', Array)
#1 C:\Users\dell\sid\app\Controllers\Menu\Menu.php(13): App\Models\UserModel->menu()
#2 C:\Users\dell\sid\vendor\codeigniter4\framework\system\CodeIgniter.php(878): App\Controllers\Menu\Menu->index()
#3 C:\Users\dell\sid\vendor\codeigniter4\framework\system\CodeIgniter.php(413): CodeIgniter\CodeIgniter->runController(Object(App\Controllers\Menu\Menu))
#4 C:\Users\dell\sid\vendor\codeigniter4\framework\system\CodeIgniter.php(324): CodeIgniter\CodeIgniter->handleRequest(NULL, Object(Config\Cache), false)
#5 C:\Users\dell\sid\public\index.php(44): CodeIgniter\CodeIgniter->run()
#6 C:\Users\dell\sid\vendor\codeigniter4\framework\system\Commands\Server\rewrite.php(45): require_once('C:\\Users\\dell\\s...')
#7 {main}
CRITICAL - 2021-03-17 22:37:27 --> Undefined property: stdClass::$menu
#0 C:\Users\dell\sid\app\Views\menu\new.php(69): CodeIgniter\Debug\Exceptions->errorHandler(8, 'Undefined prope...', 'C:\\Users\\dell\\s...', 69, Array)
#1 C:\Users\dell\sid\vendor\codeigniter4\framework\system\View\View.php(220): include('C:\\Users\\dell\\s...')
#2 C:\Users\dell\sid\vendor\codeigniter4\framework\system\View\View.php(222): CodeIgniter\View\View->CodeIgniter\View\{closure}()
#3 C:\Users\dell\sid\vendor\codeigniter4\framework\system\Common.php(1217): CodeIgniter\View\View->render('menu/new', Array, true)
#4 C:\Users\dell\sid\app\Controllers\Menu\Menu.php(28): view('menu/new', Array)
#5 C:\Users\dell\sid\vendor\codeigniter4\framework\system\CodeIgniter.php(878): App\Controllers\Menu\Menu->new()
#6 C:\Users\dell\sid\vendor\codeigniter4\framework\system\CodeIgniter.php(413): CodeIgniter\CodeIgniter->runController(Object(App\Controllers\Menu\Menu))
#7 C:\Users\dell\sid\vendor\codeigniter4\framework\system\CodeIgniter.php(324): CodeIgniter\CodeIgniter->handleRequest(NULL, Object(Config\Cache), false)
#8 C:\Users\dell\sid\public\index.php(44): CodeIgniter\CodeIgniter->run()
#9 C:\Users\dell\sid\vendor\codeigniter4\framework\system\Commands\Server\rewrite.php(45): require_once('C:\\Users\\dell\\s...')
#10 {main}
CRITICAL - 2021-03-17 23:13:28 --> syntax error, unexpected ''oke'' (T_CONSTANT_ENCAPSED_STRING)
#0 C:\Users\dell\sid\vendor\codeigniter4\framework\system\Autoloader\Autoloader.php(265): CodeIgniter\Autoloader\Autoloader->includeFile('C:\\Users\\dell\\s...')
#1 C:\Users\dell\sid\vendor\codeigniter4\framework\system\Autoloader\Autoloader.php(228): CodeIgniter\Autoloader\Autoloader->loadInNamespace('App\\Controllers...')
#2 [internal function]: CodeIgniter\Autoloader\Autoloader->loadClass('App\\Controllers...')
#3 [internal function]: spl_autoload_call('App\\Controllers...')
#4 C:\Users\dell\sid\vendor\codeigniter4\framework\system\CodeIgniter.php(839): class_exists('\\App\\Controller...', true)
#5 C:\Users\dell\sid\vendor\codeigniter4\framework\system\CodeIgniter.php(400): CodeIgniter\CodeIgniter->startController()
#6 C:\Users\dell\sid\vendor\codeigniter4\framework\system\CodeIgniter.php(324): CodeIgniter\CodeIgniter->handleRequest(NULL, Object(Config\Cache), false)
#7 C:\Users\dell\sid\public\index.php(44): CodeIgniter\CodeIgniter->run()
#8 C:\Users\dell\sid\vendor\codeigniter4\framework\system\Commands\Server\rewrite.php(45): require_once('C:\\Users\\dell\\s...')
#9 {main}
CRITICAL - 2021-03-17 23:13:51 --> Undefined index: group_id
#0 C:\Users\dell\sid\app\Controllers\Menu\Menu.php(37): CodeIgniter\Debug\Exceptions->errorHandler(8, 'Undefined index...', 'C:\\Users\\dell\\s...', 37, Array)
#1 C:\Users\dell\sid\vendor\codeigniter4\framework\system\CodeIgniter.php(878): App\Controllers\Menu\Menu->create()
#2 C:\Users\dell\sid\vendor\codeigniter4\framework\system\CodeIgniter.php(413): CodeIgniter\CodeIgniter->runController(Object(App\Controllers\Menu\Menu))
#3 C:\Users\dell\sid\vendor\codeigniter4\framework\system\CodeIgniter.php(324): CodeIgniter\CodeIgniter->handleRequest(NULL, Object(Config\Cache), false)
#4 C:\Users\dell\sid\public\index.php(44): CodeIgniter\CodeIgniter->run()
#5 C:\Users\dell\sid\vendor\codeigniter4\framework\system\Commands\Server\rewrite.php(45): require_once('C:\\Users\\dell\\s...')
#6 {main}
CRITICAL - 2021-03-17 23:22:37 --> Undefined property: App\Controllers\Menu\Menu::$UserAccessMenuModel
#0 C:\Users\dell\sid\app\Controllers\Menu\Menu.php(42): CodeIgniter\Debug\Exceptions->errorHandler(8, 'Undefined prope...', 'C:\\Users\\dell\\s...', 42, Array)
#1 C:\Users\dell\sid\vendor\codeigniter4\framework\system\CodeIgniter.php(878): App\Controllers\Menu\Menu->create()
#2 C:\Users\dell\sid\vendor\codeigniter4\framework\system\CodeIgniter.php(413): CodeIgniter\CodeIgniter->runController(Object(App\Controllers\Menu\Menu))
#3 C:\Users\dell\sid\vendor\codeigniter4\framework\system\CodeIgniter.php(324): CodeIgniter\CodeIgniter->handleRequest(NULL, Object(Config\Cache), false)
#4 C:\Users\dell\sid\public\index.php(44): CodeIgniter\CodeIgniter->run()
#5 C:\Users\dell\sid\vendor\codeigniter4\framework\system\Commands\Server\rewrite.php(45): require_once('C:\\Users\\dell\\s...')
#6 {main}
CRITICAL - 2021-03-17 23:26:43 --> Call to undefined method App\Models\Menu\MenuModel::belongsTo
#0 C:\Users\dell\sid\app\Models\Menu\MenuModel.php(28): CodeIgniter\Model->__call('belongsTo', Array)
#1 C:\Users\dell\sid\app\Controllers\Menu\Menu.php(56): App\Models\Menu\MenuModel->findOrFail('menu-management')
#2 C:\Users\dell\sid\vendor\codeigniter4\framework\system\CodeIgniter.php(878): App\Controllers\Menu\Menu->edit('menu-management')
#3 C:\Users\dell\sid\vendor\codeigniter4\framework\system\CodeIgniter.php(413): CodeIgniter\CodeIgniter->runController(Object(App\Controllers\Menu\Menu))
#4 C:\Users\dell\sid\vendor\codeigniter4\framework\system\CodeIgniter.php(324): CodeIgniter\CodeIgniter->handleRequest(NULL, Object(Config\Cache), false)
#5 C:\Users\dell\sid\public\index.php(44): CodeIgniter\CodeIgniter->run()
#6 C:\Users\dell\sid\vendor\codeigniter4\framework\system\Commands\Server\rewrite.php(45): require_once('C:\\Users\\dell\\s...')
#7 {main}
CRITICAL - 2021-03-17 23:49:56 --> Illegal string offset 'group_id'
#0 C:\Users\dell\sid\app\Controllers\Menu\Menu.php(43): CodeIgniter\Debug\Exceptions->errorHandler(2, 'Illegal string ...', 'C:\\Users\\dell\\s...', 43, Array)
#1 C:\Users\dell\sid\vendor\codeigniter4\framework\system\CodeIgniter.php(878): App\Controllers\Menu\Menu->create()
#2 C:\Users\dell\sid\vendor\codeigniter4\framework\system\CodeIgniter.php(413): CodeIgniter\CodeIgniter->runController(Object(App\Controllers\Menu\Menu))
#3 C:\Users\dell\sid\vendor\codeigniter4\framework\system\CodeIgniter.php(324): CodeIgniter\CodeIgniter->handleRequest(NULL, Object(Config\Cache), false)
#4 C:\Users\dell\sid\public\index.php(44): CodeIgniter\CodeIgniter->run()
#5 C:\Users\dell\sid\vendor\codeigniter4\framework\system\Commands\Server\rewrite.php(45): require_once('C:\\Users\\dell\\s...')
#6 {main}
CRITICAL - 2021-03-17 23:57:04 --> Argument 2 passed to CodeIgniter\Database\BaseBuilder::set() must be of the type string or null, object given, called in C:\Users\dell\sid\vendor\codeigniter4\framework\system\Model.php on line 275
#0 C:\Users\dell\sid\vendor\codeigniter4\framework\system\Model.php(275): CodeIgniter\Database\BaseBuilder->set('menu_id', Object(stdClass), NULL)
#1 C:\Users\dell\sid\vendor\codeigniter4\framework\system\BaseModel.php(758): CodeIgniter\Model->doInsert(Array)
#2 C:\Users\dell\sid\vendor\codeigniter4\framework\system\Model.php(705): CodeIgniter\BaseModel->insert(Array, false)
#3 C:\Users\dell\sid\vendor\codeigniter4\framework\system\BaseModel.php(667): CodeIgniter\Model->insert(Array, false)
#4 C:\Users\dell\sid\app\Controllers\Menu\Menu.php(45): CodeIgniter\BaseModel->save(Array)
#5 C:\Users\dell\sid\vendor\codeigniter4\framework\system\CodeIgniter.php(878): App\Controllers\Menu\Menu->create()
#6 C:\Users\dell\sid\vendor\codeigniter4\framework\system\CodeIgniter.php(413): CodeIgniter\CodeIgniter->runController(Object(App\Controllers\Menu\Menu))
#7 C:\Users\dell\sid\vendor\codeigniter4\framework\system\CodeIgniter.php(324): CodeIgniter\CodeIgniter->handleRequest(NULL, Object(Config\Cache), false)
#8 C:\Users\dell\sid\public\index.php(44): CodeIgniter\CodeIgniter->run()
#9 C:\Users\dell\sid\vendor\codeigniter4\framework\system\Commands\Server\rewrite.php(45): require_once('C:\\Users\\dell\\s...')
#10 {main}
