ERROR - 2021-03-21 22:08:15 --> Error connecting to the database: Class 'SQLite3' not found
ERROR - 2021-03-21 22:17:22 --> mysqli_sql_exception: Unknown column 'nama' in 'field list' in C:\Users\dell\sid\vendor\codeigniter4\framework\system\Database\MySQLi\Connection.php:314
Stack trace:
#0 C:\Users\dell\sid\vendor\codeigniter4\framework\system\Database\MySQLi\Connection.php(314): mysqli->query('INSERT INTO `pe...')
#1 C:\Users\dell\sid\vendor\codeigniter4\framework\system\Database\BaseConnection.php(713): CodeIgniter\Database\MySQLi\Connection->execute('INSERT INTO `pe...')
#2 C:\Users\dell\sid\vendor\codeigniter4\framework\system\Database\BaseConnection.php(641): CodeIgniter\Database\BaseConnection->simpleQuery('INSERT INTO `pe...')
#3 C:\Users\dell\sid\vendor\codeigniter4\framework\system\Database\BaseBuilder.php(2263): CodeIgniter\Database\BaseConnection->query('INSERT INTO `pe...', Array, false)
#4 C:\Users\dell\sid\app\Database\Seeds\KependudukanSeeder.php(31): CodeIgniter\Database\BaseBuilder->insert(Array)
#5 C:\Users\dell\sid\vendor\codeigniter4\framework\system\Database\Seeder.php(171): App\Database\Seeds\KependudukanSeeder->run()
#6 C:\Users\dell\sid\vendor\codeigniter4\framework\system\Commands\Database\Seed.php(83): CodeIgniter\Database\Seeder->call('App\\Database\\Se...')
#7 C:\Users\dell\sid\vendor\codeigniter4\framework\system\CLI\Commands.php(70): CodeIgniter\Commands\Database\Seed->run(Array)
#8 C:\Users\dell\sid\vendor\codeigniter4\framework\system\CLI\CommandRunner.php(80): CodeIgniter\CLI\Commands->run('db:seed', Array)
#9 C:\Users\dell\sid\vendor\codeigniter4\framework\system\CLI\CommandRunner.php(58): CodeIgniter\CLI\CommandRunner->index(Array)
#10 C:\Users\dell\sid\vendor\codeigniter4\framework\system\CodeIgniter.php(876): CodeIgniter\CLI\CommandRunner->_remap('index', 'db:seed', 'KependudukanSee...')
#11 C:\Users\dell\sid\vendor\codeigniter4\framework\system\CodeIgniter.php(413): CodeIgniter\CodeIgniter->runController(Object(CodeIgniter\CLI\CommandRunner))
#12 C:\Users\dell\sid\vendor\codeigniter4\framework\system\CodeIgniter.php(324): CodeIgniter\CodeIgniter->handleRequest(NULL, Object(Config\Cache), false)
#13 C:\Users\dell\sid\vendor\codeigniter4\framework\system\CLI\Console.php(61): CodeIgniter\CodeIgniter->run()
#14 C:\Users\dell\sid\spark(56): CodeIgniter\CLI\Console->run()
#15 {main}
ERROR - 2021-03-21 22:17:44 --> mysqli_sql_exception: Unknown column 'nik' in 'field list' in C:\Users\dell\sid\vendor\codeigniter4\framework\system\Database\MySQLi\Connection.php:314
Stack trace:
#0 C:\Users\dell\sid\vendor\codeigniter4\framework\system\Database\MySQLi\Connection.php(314): mysqli->query('INSERT INTO `pe...')
#1 C:\Users\dell\sid\vendor\codeigniter4\framework\system\Database\BaseConnection.php(713): CodeIgniter\Database\MySQLi\Connection->execute('INSERT INTO `pe...')
#2 C:\Users\dell\sid\vendor\codeigniter4\framework\system\Database\BaseConnection.php(641): CodeIgniter\Database\BaseConnection->simpleQuery('INSERT INTO `pe...')
#3 C:\Users\dell\sid\vendor\codeigniter4\framework\system\Database\BaseBuilder.php(2263): CodeIgniter\Database\BaseConnection->query('INSERT INTO `pe...', Array, false)
#4 C:\Users\dell\sid\app\Database\Seeds\KependudukanSeeder.php(31): CodeIgniter\Database\BaseBuilder->insert(Array)
#5 C:\Users\dell\sid\vendor\codeigniter4\framework\system\Database\Seeder.php(171): App\Database\Seeds\KependudukanSeeder->run()
#6 C:\Users\dell\sid\vendor\codeigniter4\framework\system\Commands\Database\Seed.php(83): CodeIgniter\Database\Seeder->call('App\\Database\\Se...')
#7 C:\Users\dell\sid\vendor\codeigniter4\framework\system\CLI\Commands.php(70): CodeIgniter\Commands\Database\Seed->run(Array)
#8 C:\Users\dell\sid\vendor\codeigniter4\framework\system\CLI\CommandRunner.php(80): CodeIgniter\CLI\Commands->run('db:seed', Array)
#9 C:\Users\dell\sid\vendor\codeigniter4\framework\system\CLI\CommandRunner.php(58): CodeIgniter\CLI\CommandRunner->index(Array)
#10 C:\Users\dell\sid\vendor\codeigniter4\framework\system\CodeIgniter.php(876): CodeIgniter\CLI\CommandRunner->_remap('index', 'db:seed', 'KependudukanSee...')
#11 C:\Users\dell\sid\vendor\codeigniter4\framework\system\CodeIgniter.php(413): CodeIgniter\CodeIgniter->runController(Object(CodeIgniter\CLI\CommandRunner))
#12 C:\Users\dell\sid\vendor\codeigniter4\framework\system\CodeIgniter.php(324): CodeIgniter\CodeIgniter->handleRequest(NULL, Object(Config\Cache), false)
#13 C:\Users\dell\sid\vendor\codeigniter4\framework\system\CLI\Console.php(61): CodeIgniter\CodeIgniter->run()
#14 C:\Users\dell\sid\spark(56): CodeIgniter\CLI\Console->run()
#15 {main}
ERROR - 2021-03-21 22:17:54 --> mysqli_sql_exception: Unknown column 'tempat_tanggal_lahir' in 'field list' in C:\Users\dell\sid\vendor\codeigniter4\framework\system\Database\MySQLi\Connection.php:314
Stack trace:
#0 C:\Users\dell\sid\vendor\codeigniter4\framework\system\Database\MySQLi\Connection.php(314): mysqli->query('INSERT INTO `pe...')
#1 C:\Users\dell\sid\vendor\codeigniter4\framework\system\Database\BaseConnection.php(713): CodeIgniter\Database\MySQLi\Connection->execute('INSERT INTO `pe...')
#2 C:\Users\dell\sid\vendor\codeigniter4\framework\system\Database\BaseConnection.php(641): CodeIgniter\Database\BaseConnection->simpleQuery('INSERT INTO `pe...')
#3 C:\Users\dell\sid\vendor\codeigniter4\framework\system\Database\BaseBuilder.php(2263): CodeIgniter\Database\BaseConnection->query('INSERT INTO `pe...', Array, false)
#4 C:\Users\dell\sid\app\Database\Seeds\KependudukanSeeder.php(31): CodeIgniter\Database\BaseBuilder->insert(Array)
#5 C:\Users\dell\sid\vendor\codeigniter4\framework\system\Database\Seeder.php(171): App\Database\Seeds\KependudukanSeeder->run()
#6 C:\Users\dell\sid\vendor\codeigniter4\framework\system\Commands\Database\Seed.php(83): CodeIgniter\Database\Seeder->call('App\\Database\\Se...')
#7 C:\Users\dell\sid\vendor\codeigniter4\framework\system\CLI\Commands.php(70): CodeIgniter\Commands\Database\Seed->run(Array)
#8 C:\Users\dell\sid\vendor\codeigniter4\framework\system\CLI\CommandRunner.php(80): CodeIgniter\CLI\Commands->run('db:seed', Array)
#9 C:\Users\dell\sid\vendor\codeigniter4\framework\system\CLI\CommandRunner.php(58): CodeIgniter\CLI\CommandRunner->index(Array)
#10 C:\Users\dell\sid\vendor\codeigniter4\framework\system\CodeIgniter.php(876): CodeIgniter\CLI\CommandRunner->_remap('index', 'db:seed', 'KependudukanSee...')
#11 C:\Users\dell\sid\vendor\codeigniter4\framework\system\CodeIgniter.php(413): CodeIgniter\CodeIgniter->runController(Object(CodeIgniter\CLI\CommandRunner))
#12 C:\Users\dell\sid\vendor\codeigniter4\framework\system\CodeIgniter.php(324): CodeIgniter\CodeIgniter->handleRequest(NULL, Object(Config\Cache), false)
#13 C:\Users\dell\sid\vendor\codeigniter4\framework\system\CLI\Console.php(61): CodeIgniter\CodeIgniter->run()
#14 C:\Users\dell\sid\spark(56): CodeIgniter\CLI\Console->run()
#15 {main}
ERROR - 2021-03-21 22:19:36 --> mysqli_sql_exception: Unknown column 'hubungan_keluarga' in 'field list' in C:\Users\dell\sid\vendor\codeigniter4\framework\system\Database\MySQLi\Connection.php:314
Stack trace:
#0 C:\Users\dell\sid\vendor\codeigniter4\framework\system\Database\MySQLi\Connection.php(314): mysqli->query('INSERT INTO `pe...')
#1 C:\Users\dell\sid\vendor\codeigniter4\framework\system\Database\BaseConnection.php(713): CodeIgniter\Database\MySQLi\Connection->execute('INSERT INTO `pe...')
#2 C:\Users\dell\sid\vendor\codeigniter4\framework\system\Database\BaseConnection.php(641): CodeIgniter\Database\BaseConnection->simpleQuery('INSERT INTO `pe...')
#3 C:\Users\dell\sid\vendor\codeigniter4\framework\system\Database\BaseBuilder.php(2263): CodeIgniter\Database\BaseConnection->query('INSERT INTO `pe...', Array, false)
#4 C:\Users\dell\sid\app\Database\Seeds\KependudukanSeeder.php(32): CodeIgniter\Database\BaseBuilder->insert(Array)
#5 C:\Users\dell\sid\vendor\codeigniter4\framework\system\Database\Seeder.php(171): App\Database\Seeds\KependudukanSeeder->run()
#6 C:\Users\dell\sid\vendor\codeigniter4\framework\system\Commands\Database\Seed.php(83): CodeIgniter\Database\Seeder->call('App\\Database\\Se...')
#7 C:\Users\dell\sid\vendor\codeigniter4\framework\system\CLI\Commands.php(70): CodeIgniter\Commands\Database\Seed->run(Array)
#8 C:\Users\dell\sid\vendor\codeigniter4\framework\system\CLI\CommandRunner.php(80): CodeIgniter\CLI\Commands->run('db:seed', Array)
#9 C:\Users\dell\sid\vendor\codeigniter4\framework\system\CLI\CommandRunner.php(58): CodeIgniter\CLI\CommandRunner->index(Array)
#10 C:\Users\dell\sid\vendor\codeigniter4\framework\system\CodeIgniter.php(876): CodeIgniter\CLI\CommandRunner->_remap('index', 'db:seed', 'KependudukanSee...')
#11 C:\Users\dell\sid\vendor\codeigniter4\framework\system\CodeIgniter.php(413): CodeIgniter\CodeIgniter->runController(Object(CodeIgniter\CLI\CommandRunner))
#12 C:\Users\dell\sid\vendor\codeigniter4\framework\system\CodeIgniter.php(324): CodeIgniter\CodeIgniter->handleRequest(NULL, Object(Config\Cache), false)
#13 C:\Users\dell\sid\vendor\codeigniter4\framework\system\CLI\Console.php(61): CodeIgniter\CodeIgniter->run()
#14 C:\Users\dell\sid\spark(56): CodeIgniter\CLI\Console->run()
#15 {main}
CRITICAL - 2021-03-21 22:20:24 --> Undefined property: stdClass::$nama
#0 C:\Users\dell\sid\app\Views\kependudukan\index.php(125): CodeIgniter\Debug\Exceptions->errorHandler(8, 'Undefined prope...', 'C:\\Users\\dell\\s...', 125, Array)
#1 C:\Users\dell\sid\vendor\codeigniter4\framework\system\View\View.php(220): include('C:\\Users\\dell\\s...')
#2 C:\Users\dell\sid\vendor\codeigniter4\framework\system\View\View.php(222): CodeIgniter\View\View->CodeIgniter\View\{closure}()
#3 C:\Users\dell\sid\vendor\codeigniter4\framework\system\Common.php(1217): CodeIgniter\View\View->render('kependudukan/in...', Array, true)
#4 C:\Users\dell\sid\app\Controllers\Kependudukan\Kependudukan.php(15): view('kependudukan/in...', Array)
#5 C:\Users\dell\sid\vendor\codeigniter4\framework\system\CodeIgniter.php(878): App\Controllers\Kependudukan\Kependudukan->index()
#6 C:\Users\dell\sid\vendor\codeigniter4\framework\system\CodeIgniter.php(413): CodeIgniter\CodeIgniter->runController(Object(App\Controllers\Kependudukan\Kependudukan))
#7 C:\Users\dell\sid\vendor\codeigniter4\framework\system\CodeIgniter.php(324): CodeIgniter\CodeIgniter->handleRequest(NULL, Object(Config\Cache), false)
#8 C:\Users\dell\sid\public\index.php(44): CodeIgniter\CodeIgniter->run()
#9 C:\Users\dell\sid\vendor\codeigniter4\framework\system\Commands\Server\rewrite.php(45): require_once('C:\\Users\\dell\\s...')
#10 {main}
CRITICAL - 2021-03-21 22:20:51 --> Undefined property: stdClass::$tempat_tanggal_lahir
#0 C:\Users\dell\sid\app\Views\kependudukan\index.php(127): CodeIgniter\Debug\Exceptions->errorHandler(8, 'Undefined prope...', 'C:\\Users\\dell\\s...', 127, Array)
#1 C:\Users\dell\sid\vendor\codeigniter4\framework\system\View\View.php(220): include('C:\\Users\\dell\\s...')
#2 C:\Users\dell\sid\vendor\codeigniter4\framework\system\View\View.php(222): CodeIgniter\View\View->CodeIgniter\View\{closure}()
#3 C:\Users\dell\sid\vendor\codeigniter4\framework\system\Common.php(1217): CodeIgniter\View\View->render('kependudukan/in...', Array, true)
#4 C:\Users\dell\sid\app\Controllers\Kependudukan\Kependudukan.php(15): view('kependudukan/in...', Array)
#5 C:\Users\dell\sid\vendor\codeigniter4\framework\system\CodeIgniter.php(878): App\Controllers\Kependudukan\Kependudukan->index()
#6 C:\Users\dell\sid\vendor\codeigniter4\framework\system\CodeIgniter.php(413): CodeIgniter\CodeIgniter->runController(Object(App\Controllers\Kependudukan\Kependudukan))
#7 C:\Users\dell\sid\vendor\codeigniter4\framework\system\CodeIgniter.php(324): CodeIgniter\CodeIgniter->handleRequest(NULL, Object(Config\Cache), false)
#8 C:\Users\dell\sid\public\index.php(44): CodeIgniter\CodeIgniter->run()
#9 C:\Users\dell\sid\vendor\codeigniter4\framework\system\Commands\Server\rewrite.php(45): require_once('C:\\Users\\dell\\s...')
#10 {main}
CRITICAL - 2021-03-21 22:22:04 --> Undefined property: stdClass::$tampat_lahir
#0 C:\Users\dell\sid\app\Views\kependudukan\index.php(141): CodeIgniter\Debug\Exceptions->errorHandler(8, 'Undefined prope...', 'C:\\Users\\dell\\s...', 141, Array)
#1 C:\Users\dell\sid\vendor\codeigniter4\framework\system\View\View.php(220): include('C:\\Users\\dell\\s...')
#2 C:\Users\dell\sid\vendor\codeigniter4\framework\system\View\View.php(222): CodeIgniter\View\View->CodeIgniter\View\{closure}()
#3 C:\Users\dell\sid\vendor\codeigniter4\framework\system\Common.php(1217): CodeIgniter\View\View->render('kependudukan/in...', Array, true)
#4 C:\Users\dell\sid\app\Controllers\Kependudukan\Kependudukan.php(15): view('kependudukan/in...', Array)
#5 C:\Users\dell\sid\vendor\codeigniter4\framework\system\CodeIgniter.php(878): App\Controllers\Kependudukan\Kependudukan->index()
#6 C:\Users\dell\sid\vendor\codeigniter4\framework\system\CodeIgniter.php(413): CodeIgniter\CodeIgniter->runController(Object(App\Controllers\Kependudukan\Kependudukan))
#7 C:\Users\dell\sid\vendor\codeigniter4\framework\system\CodeIgniter.php(324): CodeIgniter\CodeIgniter->handleRequest(NULL, Object(Config\Cache), false)
#8 C:\Users\dell\sid\public\index.php(44): CodeIgniter\CodeIgniter->run()
#9 C:\Users\dell\sid\vendor\codeigniter4\framework\system\Commands\Server\rewrite.php(45): require_once('C:\\Users\\dell\\s...')
#10 {main}
CRITICAL - 2021-03-21 22:22:15 --> Undefined property: stdClass::$tampat_lahir
#0 C:\Users\dell\sid\app\Views\kependudukan\index.php(141): CodeIgniter\Debug\Exceptions->errorHandler(8, 'Undefined prope...', 'C:\\Users\\dell\\s...', 141, Array)
#1 C:\Users\dell\sid\vendor\codeigniter4\framework\system\View\View.php(220): include('C:\\Users\\dell\\s...')
#2 C:\Users\dell\sid\vendor\codeigniter4\framework\system\View\View.php(222): CodeIgniter\View\View->CodeIgniter\View\{closure}()
#3 C:\Users\dell\sid\vendor\codeigniter4\framework\system\Common.php(1217): CodeIgniter\View\View->render('kependudukan/in...', Array, true)
#4 C:\Users\dell\sid\app\Controllers\Kependudukan\Kependudukan.php(15): view('kependudukan/in...', Array)
#5 C:\Users\dell\sid\vendor\codeigniter4\framework\system\CodeIgniter.php(878): App\Controllers\Kependudukan\Kependudukan->index()
#6 C:\Users\dell\sid\vendor\codeigniter4\framework\system\CodeIgniter.php(413): CodeIgniter\CodeIgniter->runController(Object(App\Controllers\Kependudukan\Kependudukan))
#7 C:\Users\dell\sid\vendor\codeigniter4\framework\system\CodeIgniter.php(324): CodeIgniter\CodeIgniter->handleRequest(NULL, Object(Config\Cache), false)
#8 C:\Users\dell\sid\public\index.php(44): CodeIgniter\CodeIgniter->run()
#9 C:\Users\dell\sid\vendor\codeigniter4\framework\system\Commands\Server\rewrite.php(45): require_once('C:\\Users\\dell\\s...')
#10 {main}
CRITICAL - 2021-03-21 22:22:22 --> Undefined property: stdClass::$tampat_lahir
#0 C:\Users\dell\sid\app\Views\kependudukan\index.php(141): CodeIgniter\Debug\Exceptions->errorHandler(8, 'Undefined prope...', 'C:\\Users\\dell\\s...', 141, Array)
#1 C:\Users\dell\sid\vendor\codeigniter4\framework\system\View\View.php(220): include('C:\\Users\\dell\\s...')
#2 C:\Users\dell\sid\vendor\codeigniter4\framework\system\View\View.php(222): CodeIgniter\View\View->CodeIgniter\View\{closure}()
#3 C:\Users\dell\sid\vendor\codeigniter4\framework\system\Common.php(1217): CodeIgniter\View\View->render('kependudukan/in...', Array, true)
#4 C:\Users\dell\sid\app\Controllers\Kependudukan\Kependudukan.php(15): view('kependudukan/in...', Array)
#5 C:\Users\dell\sid\vendor\codeigniter4\framework\system\CodeIgniter.php(878): App\Controllers\Kependudukan\Kependudukan->index()
#6 C:\Users\dell\sid\vendor\codeigniter4\framework\system\CodeIgniter.php(413): CodeIgniter\CodeIgniter->runController(Object(App\Controllers\Kependudukan\Kependudukan))
#7 C:\Users\dell\sid\vendor\codeigniter4\framework\system\CodeIgniter.php(324): CodeIgniter\CodeIgniter->handleRequest(NULL, Object(Config\Cache), false)
#8 C:\Users\dell\sid\public\index.php(44): CodeIgniter\CodeIgniter->run()
#9 C:\Users\dell\sid\vendor\codeigniter4\framework\system\Commands\Server\rewrite.php(45): require_once('C:\\Users\\dell\\s...')
#10 {main}
CRITICAL - 2021-03-21 23:55:59 --> Undefined property: stdClass::$nama
#0 C:\Users\dell\sid\app\Views\kependudukan\edit.php(32): CodeIgniter\Debug\Exceptions->errorHandler(8, 'Undefined prope...', 'C:\\Users\\dell\\s...', 32, Array)
#1 C:\Users\dell\sid\vendor\codeigniter4\framework\system\View\View.php(220): include('C:\\Users\\dell\\s...')
#2 C:\Users\dell\sid\vendor\codeigniter4\framework\system\View\View.php(222): CodeIgniter\View\View->CodeIgniter\View\{closure}()
#3 C:\Users\dell\sid\vendor\codeigniter4\framework\system\Common.php(1217): CodeIgniter\View\View->render('kependudukan/ed...', Array, true)
#4 C:\Users\dell\sid\app\Controllers\Kependudukan\Kependudukan.php(46): view('kependudukan/ed...', Array)
#5 C:\Users\dell\sid\vendor\codeigniter4\framework\system\CodeIgniter.php(878): App\Controllers\Kependudukan\Kependudukan->edit('1')
#6 C:\Users\dell\sid\vendor\codeigniter4\framework\system\CodeIgniter.php(413): CodeIgniter\CodeIgniter->runController(Object(App\Controllers\Kependudukan\Kependudukan))
#7 C:\Users\dell\sid\vendor\codeigniter4\framework\system\CodeIgniter.php(324): CodeIgniter\CodeIgniter->handleRequest(NULL, Object(Config\Cache), false)
#8 C:\Users\dell\sid\public\index.php(44): CodeIgniter\CodeIgniter->run()
#9 C:\Users\dell\sid\vendor\codeigniter4\framework\system\Commands\Server\rewrite.php(45): require_once('C:\\Users\\dell\\s...')
#10 {main}
CRITICAL - 2021-03-21 23:57:08 --> Undefined property: stdClass::$tempat_tanggal_lahir
#0 C:\Users\dell\sid\app\Views\kependudukan\edit.php(61): CodeIgniter\Debug\Exceptions->errorHandler(8, 'Undefined prope...', 'C:\\Users\\dell\\s...', 61, Array)
#1 C:\Users\dell\sid\vendor\codeigniter4\framework\system\View\View.php(220): include('C:\\Users\\dell\\s...')
#2 C:\Users\dell\sid\vendor\codeigniter4\framework\system\View\View.php(222): CodeIgniter\View\View->CodeIgniter\View\{closure}()
#3 C:\Users\dell\sid\vendor\codeigniter4\framework\system\Common.php(1217): CodeIgniter\View\View->render('kependudukan/ed...', Array, true)
#4 C:\Users\dell\sid\app\Controllers\Kependudukan\Kependudukan.php(46): view('kependudukan/ed...', Array)
#5 C:\Users\dell\sid\vendor\codeigniter4\framework\system\CodeIgniter.php(878): App\Controllers\Kependudukan\Kependudukan->edit('1')
#6 C:\Users\dell\sid\vendor\codeigniter4\framework\system\CodeIgniter.php(413): CodeIgniter\CodeIgniter->runController(Object(App\Controllers\Kependudukan\Kependudukan))
#7 C:\Users\dell\sid\vendor\codeigniter4\framework\system\CodeIgniter.php(324): CodeIgniter\CodeIgniter->handleRequest(NULL, Object(Config\Cache), false)
#8 C:\Users\dell\sid\public\index.php(44): CodeIgniter\CodeIgniter->run()
#9 C:\Users\dell\sid\vendor\codeigniter4\framework\system\Commands\Server\rewrite.php(45): require_once('C:\\Users\\dell\\s...')
#10 {main}
