CRITICAL - 2021-03-16 11:29:07 --> Cannot declare class App\Controllers\Menu, because the name is already in use
#0 [internal function]: CodeIgniter\Debug\Exceptions->shutdownHandler()
#1 {main}
CRITICAL - 2021-03-16 11:31:12 --> Invalid file: menu/add.php
#0 C:\Users\dell\sid\vendor\codeigniter4\framework\system\View\View.php(203): CodeIgniter\Exceptions\FrameworkException::forInvalidFile('menu/add.php')
#1 C:\Users\dell\sid\vendor\codeigniter4\framework\system\Common.php(1217): CodeIgniter\View\View->render('menu/add', Array, true)
#2 C:\Users\dell\sid\app\Controllers\Menu.php(25): view('menu/add', Array)
#3 C:\Users\dell\sid\vendor\codeigniter4\framework\system\CodeIgniter.php(878): App\Controllers\Menu->add()
#4 C:\Users\dell\sid\vendor\codeigniter4\framework\system\CodeIgniter.php(413): CodeIgniter\CodeIgniter->runController(Object(App\Controllers\Menu))
#5 C:\Users\dell\sid\vendor\codeigniter4\framework\system\CodeIgniter.php(324): CodeIgniter\CodeIgniter->handleRequest(NULL, Object(Config\Cache), false)
#6 C:\Users\dell\sid\public\index.php(44): CodeIgniter\CodeIgniter->run()
#7 C:\Users\dell\sid\vendor\codeigniter4\framework\system\Commands\Server\rewrite.php(45): require_once('C:\\Users\\dell\\s...')
#8 {main}
CRITICAL - 2021-03-16 11:31:43 --> Invalid file: menu/add.php
#0 C:\Users\dell\sid\vendor\codeigniter4\framework\system\View\View.php(203): CodeIgniter\Exceptions\FrameworkException::forInvalidFile('menu/add.php')
#1 C:\Users\dell\sid\vendor\codeigniter4\framework\system\Common.php(1217): CodeIgniter\View\View->render('menu/add', Array, true)
#2 C:\Users\dell\sid\app\Controllers\Menu.php(25): view('menu/add', Array)
#3 C:\Users\dell\sid\vendor\codeigniter4\framework\system\CodeIgniter.php(878): App\Controllers\Menu->add()
#4 C:\Users\dell\sid\vendor\codeigniter4\framework\system\CodeIgniter.php(413): CodeIgniter\CodeIgniter->runController(Object(App\Controllers\Menu))
#5 C:\Users\dell\sid\vendor\codeigniter4\framework\system\CodeIgniter.php(324): CodeIgniter\CodeIgniter->handleRequest(NULL, Object(Config\Cache), false)
#6 C:\Users\dell\sid\public\index.php(44): CodeIgniter\CodeIgniter->run()
#7 C:\Users\dell\sid\vendor\codeigniter4\framework\system\Commands\Server\rewrite.php(45): require_once('C:\\Users\\dell\\s...')
#8 {main}
CRITICAL - 2021-03-16 11:34:14 --> Undefined variable: validation
#0 C:\Users\dell\sid\app\Views\menu\add.php(48): CodeIgniter\Debug\Exceptions->errorHandler(8, 'Undefined varia...', 'C:\\Users\\dell\\s...', 48, Array)
#1 C:\Users\dell\sid\vendor\codeigniter4\framework\system\View\View.php(220): include('C:\\Users\\dell\\s...')
#2 C:\Users\dell\sid\vendor\codeigniter4\framework\system\View\View.php(222): CodeIgniter\View\View->CodeIgniter\View\{closure}()
#3 C:\Users\dell\sid\vendor\codeigniter4\framework\system\Common.php(1217): CodeIgniter\View\View->render('menu/add', Array, true)
#4 C:\Users\dell\sid\app\Controllers\Menu.php(25): view('menu/add', Array)
#5 C:\Users\dell\sid\vendor\codeigniter4\framework\system\CodeIgniter.php(878): App\Controllers\Menu->add()
#6 C:\Users\dell\sid\vendor\codeigniter4\framework\system\CodeIgniter.php(413): CodeIgniter\CodeIgniter->runController(Object(App\Controllers\Menu))
#7 C:\Users\dell\sid\vendor\codeigniter4\framework\system\CodeIgniter.php(324): CodeIgniter\CodeIgniter->handleRequest(NULL, Object(Config\Cache), false)
#8 C:\Users\dell\sid\public\index.php(44): CodeIgniter\CodeIgniter->run()
#9 C:\Users\dell\sid\vendor\codeigniter4\framework\system\Commands\Server\rewrite.php(45): require_once('C:\\Users\\dell\\s...')
#10 {main}
CRITICAL - 2021-03-16 11:34:36 --> Undefined property: CodeIgniter\View\View::$validation
#0 C:\Users\dell\sid\app\Views\menu\add.php(48): CodeIgniter\Debug\Exceptions->errorHandler(8, 'Undefined prope...', 'C:\\Users\\dell\\s...', 48, Array)
#1 C:\Users\dell\sid\vendor\codeigniter4\framework\system\View\View.php(220): include('C:\\Users\\dell\\s...')
#2 C:\Users\dell\sid\vendor\codeigniter4\framework\system\View\View.php(222): CodeIgniter\View\View->CodeIgniter\View\{closure}()
#3 C:\Users\dell\sid\vendor\codeigniter4\framework\system\Common.php(1217): CodeIgniter\View\View->render('menu/add', Array, true)
#4 C:\Users\dell\sid\app\Controllers\Menu.php(25): view('menu/add', Array)
#5 C:\Users\dell\sid\vendor\codeigniter4\framework\system\CodeIgniter.php(878): App\Controllers\Menu->add()
#6 C:\Users\dell\sid\vendor\codeigniter4\framework\system\CodeIgniter.php(413): CodeIgniter\CodeIgniter->runController(Object(App\Controllers\Menu))
#7 C:\Users\dell\sid\vendor\codeigniter4\framework\system\CodeIgniter.php(324): CodeIgniter\CodeIgniter->handleRequest(NULL, Object(Config\Cache), false)
#8 C:\Users\dell\sid\public\index.php(44): CodeIgniter\CodeIgniter->run()
#9 C:\Users\dell\sid\vendor\codeigniter4\framework\system\Commands\Server\rewrite.php(45): require_once('C:\\Users\\dell\\s...')
#10 {main}
CRITICAL - 2021-03-16 11:37:29 --> Undefined property: CodeIgniter\View\View::$validation
#0 C:\Users\dell\sid\app\Views\menu\add.php(48): CodeIgniter\Debug\Exceptions->errorHandler(8, 'Undefined prope...', 'C:\\Users\\dell\\s...', 48, Array)
#1 C:\Users\dell\sid\vendor\codeigniter4\framework\system\View\View.php(220): include('C:\\Users\\dell\\s...')
#2 C:\Users\dell\sid\vendor\codeigniter4\framework\system\View\View.php(222): CodeIgniter\View\View->CodeIgniter\View\{closure}()
#3 C:\Users\dell\sid\vendor\codeigniter4\framework\system\Common.php(1217): CodeIgniter\View\View->render('menu/add', Array, true)
#4 C:\Users\dell\sid\app\Controllers\Menu.php(25): view('menu/add', Array)
#5 C:\Users\dell\sid\vendor\codeigniter4\framework\system\CodeIgniter.php(878): App\Controllers\Menu->add()
#6 C:\Users\dell\sid\vendor\codeigniter4\framework\system\CodeIgniter.php(413): CodeIgniter\CodeIgniter->runController(Object(App\Controllers\Menu))
#7 C:\Users\dell\sid\vendor\codeigniter4\framework\system\CodeIgniter.php(324): CodeIgniter\CodeIgniter->handleRequest(NULL, Object(Config\Cache), false)
#8 C:\Users\dell\sid\public\index.php(44): CodeIgniter\CodeIgniter->run()
#9 C:\Users\dell\sid\vendor\codeigniter4\framework\system\Commands\Server\rewrite.php(45): require_once('C:\\Users\\dell\\s...')
#10 {main}
CRITICAL - 2021-03-16 11:37:35 --> Undefined variable: validation
#0 C:\Users\dell\sid\app\Views\menu\add.php(48): CodeIgniter\Debug\Exceptions->errorHandler(8, 'Undefined varia...', 'C:\\Users\\dell\\s...', 48, Array)
#1 C:\Users\dell\sid\vendor\codeigniter4\framework\system\View\View.php(220): include('C:\\Users\\dell\\s...')
#2 C:\Users\dell\sid\vendor\codeigniter4\framework\system\View\View.php(222): CodeIgniter\View\View->CodeIgniter\View\{closure}()
#3 C:\Users\dell\sid\vendor\codeigniter4\framework\system\Common.php(1217): CodeIgniter\View\View->render('menu/add', Array, true)
#4 C:\Users\dell\sid\app\Controllers\Menu.php(25): view('menu/add', Array)
#5 C:\Users\dell\sid\vendor\codeigniter4\framework\system\CodeIgniter.php(878): App\Controllers\Menu->add()
#6 C:\Users\dell\sid\vendor\codeigniter4\framework\system\CodeIgniter.php(413): CodeIgniter\CodeIgniter->runController(Object(App\Controllers\Menu))
#7 C:\Users\dell\sid\vendor\codeigniter4\framework\system\CodeIgniter.php(324): CodeIgniter\CodeIgniter->handleRequest(NULL, Object(Config\Cache), false)
#8 C:\Users\dell\sid\public\index.php(44): CodeIgniter\CodeIgniter->run()
#9 C:\Users\dell\sid\vendor\codeigniter4\framework\system\Commands\Server\rewrite.php(45): require_once('C:\\Users\\dell\\s...')
#10 {main}
CRITICAL - 2021-03-16 11:44:41 --> Undefined variable: validation
#0 C:\Users\dell\sid\app\Views\menu\add.php(48): CodeIgniter\Debug\Exceptions->errorHandler(8, 'Undefined varia...', 'C:\\Users\\dell\\s...', 48, Array)
#1 C:\Users\dell\sid\vendor\codeigniter4\framework\system\View\View.php(220): include('C:\\Users\\dell\\s...')
#2 C:\Users\dell\sid\vendor\codeigniter4\framework\system\View\View.php(222): CodeIgniter\View\View->CodeIgniter\View\{closure}()
#3 C:\Users\dell\sid\vendor\codeigniter4\framework\system\Common.php(1217): CodeIgniter\View\View->render('menu/add', Array, true)
#4 C:\Users\dell\sid\app\Controllers\Menu.php(25): view('menu/add', Array)
#5 C:\Users\dell\sid\vendor\codeigniter4\framework\system\CodeIgniter.php(878): App\Controllers\Menu->add()
#6 C:\Users\dell\sid\vendor\codeigniter4\framework\system\CodeIgniter.php(413): CodeIgniter\CodeIgniter->runController(Object(App\Controllers\Menu))
#7 C:\Users\dell\sid\vendor\codeigniter4\framework\system\CodeIgniter.php(324): CodeIgniter\CodeIgniter->handleRequest(NULL, Object(Config\Cache), false)
#8 C:\Users\dell\sid\public\index.php(44): CodeIgniter\CodeIgniter->run()
#9 C:\Users\dell\sid\vendor\codeigniter4\framework\system\Commands\Server\rewrite.php(45): require_once('C:\\Users\\dell\\s...')
#10 {main}
CRITICAL - 2021-03-16 11:44:44 --> Undefined property: CodeIgniter\View\View::$validation
#0 C:\Users\dell\sid\app\Views\menu\add.php(48): CodeIgniter\Debug\Exceptions->errorHandler(8, 'Undefined prope...', 'C:\\Users\\dell\\s...', 48, Array)
#1 C:\Users\dell\sid\vendor\codeigniter4\framework\system\View\View.php(220): include('C:\\Users\\dell\\s...')
#2 C:\Users\dell\sid\vendor\codeigniter4\framework\system\View\View.php(222): CodeIgniter\View\View->CodeIgniter\View\{closure}()
#3 C:\Users\dell\sid\vendor\codeigniter4\framework\system\Common.php(1217): CodeIgniter\View\View->render('menu/add', Array, true)
#4 C:\Users\dell\sid\app\Controllers\Menu.php(25): view('menu/add', Array)
#5 C:\Users\dell\sid\vendor\codeigniter4\framework\system\CodeIgniter.php(878): App\Controllers\Menu->add()
#6 C:\Users\dell\sid\vendor\codeigniter4\framework\system\CodeIgniter.php(413): CodeIgniter\CodeIgniter->runController(Object(App\Controllers\Menu))
#7 C:\Users\dell\sid\vendor\codeigniter4\framework\system\CodeIgniter.php(324): CodeIgniter\CodeIgniter->handleRequest(NULL, Object(Config\Cache), false)
#8 C:\Users\dell\sid\public\index.php(44): CodeIgniter\CodeIgniter->run()
#9 C:\Users\dell\sid\vendor\codeigniter4\framework\system\Commands\Server\rewrite.php(45): require_once('C:\\Users\\dell\\s...')
#10 {main}
CRITICAL - 2021-03-16 11:47:45 --> Undefined variable: u
#0 C:\Users\dell\sid\app\Views\menu\add.php(58): CodeIgniter\Debug\Exceptions->errorHandler(8, 'Undefined varia...', 'C:\\Users\\dell\\s...', 58, Array)
#1 C:\Users\dell\sid\vendor\codeigniter4\framework\system\View\View.php(220): include('C:\\Users\\dell\\s...')
#2 C:\Users\dell\sid\vendor\codeigniter4\framework\system\View\View.php(222): CodeIgniter\View\View->CodeIgniter\View\{closure}()
#3 C:\Users\dell\sid\vendor\codeigniter4\framework\system\Common.php(1217): CodeIgniter\View\View->render('menu/add', Array, true)
#4 C:\Users\dell\sid\app\Controllers\Menu.php(27): view('menu/add', Array)
#5 C:\Users\dell\sid\vendor\codeigniter4\framework\system\CodeIgniter.php(878): App\Controllers\Menu->add()
#6 C:\Users\dell\sid\vendor\codeigniter4\framework\system\CodeIgniter.php(413): CodeIgniter\CodeIgniter->runController(Object(App\Controllers\Menu))
#7 C:\Users\dell\sid\vendor\codeigniter4\framework\system\CodeIgniter.php(324): CodeIgniter\CodeIgniter->handleRequest(NULL, Object(Config\Cache), false)
#8 C:\Users\dell\sid\public\index.php(44): CodeIgniter\CodeIgniter->run()
#9 C:\Users\dell\sid\vendor\codeigniter4\framework\system\Commands\Server\rewrite.php(45): require_once('C:\\Users\\dell\\s...')
#10 {main}
CRITICAL - 2021-03-16 11:53:21 --> Undefined variable: u
#0 C:\Users\dell\sid\app\Views\menu\add.php(58): CodeIgniter\Debug\Exceptions->errorHandler(8, 'Undefined varia...', 'C:\\Users\\dell\\s...', 58, Array)
#1 C:\Users\dell\sid\vendor\codeigniter4\framework\system\View\View.php(220): include('C:\\Users\\dell\\s...')
#2 C:\Users\dell\sid\vendor\codeigniter4\framework\system\View\View.php(222): CodeIgniter\View\View->CodeIgniter\View\{closure}()
#3 C:\Users\dell\sid\vendor\codeigniter4\framework\system\Common.php(1217): CodeIgniter\View\View->render('menu/add', Array, true)
#4 C:\Users\dell\sid\app\Controllers\Menu.php(27): view('menu/add', Array)
#5 C:\Users\dell\sid\vendor\codeigniter4\framework\system\CodeIgniter.php(878): App\Controllers\Menu->add()
#6 C:\Users\dell\sid\vendor\codeigniter4\framework\system\CodeIgniter.php(413): CodeIgniter\CodeIgniter->runController(Object(App\Controllers\Menu))
#7 C:\Users\dell\sid\vendor\codeigniter4\framework\system\CodeIgniter.php(324): CodeIgniter\CodeIgniter->handleRequest(NULL, Object(Config\Cache), false)
#8 C:\Users\dell\sid\public\index.php(44): CodeIgniter\CodeIgniter->run()
#9 C:\Users\dell\sid\vendor\codeigniter4\framework\system\Commands\Server\rewrite.php(45): require_once('C:\\Users\\dell\\s...')
#10 {main}
CRITICAL - 2021-03-16 12:10:05 --> Cannot declare class App\Controllers\Submenu, because the name is already in use
#0 [internal function]: CodeIgniter\Debug\Exceptions->shutdownHandler()
#1 {main}
CRITICAL - 2021-03-16 12:21:44 --> Undefined property: App\Controllers\Menu\Menu::$menuModel
#0 C:\Users\dell\sid\app\Controllers\Menu\Menu.php(32): CodeIgniter\Debug\Exceptions->errorHandler(8, 'Undefined prope...', 'C:\\Users\\dell\\s...', 32, Array)
#1 C:\Users\dell\sid\vendor\codeigniter4\framework\system\CodeIgniter.php(878): App\Controllers\Menu\Menu->store()
#2 C:\Users\dell\sid\vendor\codeigniter4\framework\system\CodeIgniter.php(413): CodeIgniter\CodeIgniter->runController(Object(App\Controllers\Menu\Menu))
#3 C:\Users\dell\sid\vendor\codeigniter4\framework\system\CodeIgniter.php(324): CodeIgniter\CodeIgniter->handleRequest(NULL, Object(Config\Cache), false)
#4 C:\Users\dell\sid\public\index.php(44): CodeIgniter\CodeIgniter->run()
#5 C:\Users\dell\sid\vendor\codeigniter4\framework\system\Commands\Server\rewrite.php(45): require_once('C:\\Users\\dell\\s...')
#6 {main}
CRITICAL - 2021-03-16 12:21:59 --> syntax error, unexpected ']'
#0 C:\Users\dell\sid\vendor\codeigniter4\framework\system\Autoloader\Autoloader.php(265): CodeIgniter\Autoloader\Autoloader->includeFile('C:\\Users\\dell\\s...')
#1 C:\Users\dell\sid\vendor\codeigniter4\framework\system\Autoloader\Autoloader.php(228): CodeIgniter\Autoloader\Autoloader->loadInNamespace('App\\Controllers...')
#2 [internal function]: CodeIgniter\Autoloader\Autoloader->loadClass('App\\Controllers...')
#3 [internal function]: spl_autoload_call('App\\Controllers...')
#4 C:\Users\dell\sid\vendor\codeigniter4\framework\system\CodeIgniter.php(839): class_exists('\\App\\Controller...', true)
#5 C:\Users\dell\sid\vendor\codeigniter4\framework\system\CodeIgniter.php(400): CodeIgniter\CodeIgniter->startController()
#6 C:\Users\dell\sid\vendor\codeigniter4\framework\system\CodeIgniter.php(324): CodeIgniter\CodeIgniter->handleRequest(NULL, Object(Config\Cache), false)
#7 C:\Users\dell\sid\public\index.php(44): CodeIgniter\CodeIgniter->run()
#8 C:\Users\dell\sid\vendor\codeigniter4\framework\system\Commands\Server\rewrite.php(45): require_once('C:\\Users\\dell\\s...')
#9 {main}
CRITICAL - 2021-03-16 12:22:17 --> Undefined property: App\Controllers\Menu\Menu::$menuModel
#0 C:\Users\dell\sid\app\Controllers\Menu\Menu.php(32): CodeIgniter\Debug\Exceptions->errorHandler(8, 'Undefined prope...', 'C:\\Users\\dell\\s...', 32, Array)
#1 C:\Users\dell\sid\vendor\codeigniter4\framework\system\CodeIgniter.php(878): App\Controllers\Menu\Menu->store()
#2 C:\Users\dell\sid\vendor\codeigniter4\framework\system\CodeIgniter.php(413): CodeIgniter\CodeIgniter->runController(Object(App\Controllers\Menu\Menu))
#3 C:\Users\dell\sid\vendor\codeigniter4\framework\system\CodeIgniter.php(324): CodeIgniter\CodeIgniter->handleRequest(NULL, Object(Config\Cache), false)
#4 C:\Users\dell\sid\public\index.php(44): CodeIgniter\CodeIgniter->run()
#5 C:\Users\dell\sid\vendor\codeigniter4\framework\system\Commands\Server\rewrite.php(45): require_once('C:\\Users\\dell\\s...')
#6 {main}
CRITICAL - 2021-03-16 12:22:34 --> Undefined property: App\Controllers\Menu\Menu::$menuModel
#0 C:\Users\dell\sid\app\Controllers\Menu\Menu.php(32): CodeIgniter\Debug\Exceptions->errorHandler(8, 'Undefined prope...', 'C:\\Users\\dell\\s...', 32, Array)
#1 C:\Users\dell\sid\vendor\codeigniter4\framework\system\CodeIgniter.php(878): App\Controllers\Menu\Menu->store()
#2 C:\Users\dell\sid\vendor\codeigniter4\framework\system\CodeIgniter.php(413): CodeIgniter\CodeIgniter->runController(Object(App\Controllers\Menu\Menu))
#3 C:\Users\dell\sid\vendor\codeigniter4\framework\system\CodeIgniter.php(324): CodeIgniter\CodeIgniter->handleRequest(NULL, Object(Config\Cache), false)
#4 C:\Users\dell\sid\public\index.php(44): CodeIgniter\CodeIgniter->run()
#5 C:\Users\dell\sid\vendor\codeigniter4\framework\system\Commands\Server\rewrite.php(45): require_once('C:\\Users\\dell\\s...')
#6 {main}
ERROR - 2021-03-16 13:11:31 --> mysqli_sql_exception: Unknown table 'sid.user_menu' in C:\Users\dell\sid\vendor\codeigniter4\framework\system\Database\MySQLi\Connection.php:314
Stack trace:
#0 C:\Users\dell\sid\vendor\codeigniter4\framework\system\Database\MySQLi\Connection.php(314): mysqli->query('DROP TABLE `use...')
#1 C:\Users\dell\sid\vendor\codeigniter4\framework\system\Database\BaseConnection.php(713): CodeIgniter\Database\MySQLi\Connection->execute('DROP TABLE `use...')
#2 C:\Users\dell\sid\vendor\codeigniter4\framework\system\Database\BaseConnection.php(641): CodeIgniter\Database\BaseConnection->simpleQuery('DROP TABLE `use...')
#3 C:\Users\dell\sid\vendor\codeigniter4\framework\system\Database\Forge.php(664): CodeIgniter\Database\BaseConnection->query('DROP TABLE `use...')
#4 C:\Users\dell\sid\app\Database\Migrations\2021-03-14-125827_UserMenu.php(33): CodeIgniter\Database\Forge->dropTable('user_menu')
#5 C:\Users\dell\sid\vendor\codeigniter4\framework\system\Database\MigrationRunner.php(1057): App\Database\Migrations\UserMenu->down()
#6 C:\Users\dell\sid\vendor\codeigniter4\framework\system\Database\MigrationRunner.php(343): CodeIgniter\Database\MigrationRunner->migrate('down', Object(stdClass))
#7 C:\Users\dell\sid\vendor\codeigniter4\framework\system\Commands\Database\MigrateRollback.php(100): CodeIgniter\Database\MigrationRunner->regress(0)
#8 C:\Users\dell\sid\vendor\codeigniter4\framework\system\CLI\Commands.php(70): CodeIgniter\Commands\Database\MigrateRollback->run(Array)
#9 C:\Users\dell\sid\vendor\codeigniter4\framework\system\CLI\BaseCommand.php(118): CodeIgniter\CLI\Commands->run('migrate:rollbac...', Array)
#10 C:\Users\dell\sid\vendor\codeigniter4\framework\system\Commands\Database\MigrateRefresh.php(90): CodeIgniter\CLI\BaseCommand->call('migrate:rollbac...', Array)
#11 C:\Users\dell\sid\vendor\codeigniter4\framework\system\CLI\Commands.php(70): CodeIgniter\Commands\Database\MigrateRefresh->run(Array)
#12 C:\Users\dell\sid\vendor\codeigniter4\framework\system\CLI\CommandRunner.php(80): CodeIgniter\CLI\Commands->run('migrate:refresh', Array)
#13 C:\Users\dell\sid\vendor\codeigniter4\framework\system\CLI\CommandRunner.php(58): CodeIgniter\CLI\CommandRunner->index(Array)
#14 C:\Users\dell\sid\vendor\codeigniter4\framework\system\CodeIgniter.php(876): CodeIgniter\CLI\CommandRunner->_remap('index', 'migrate:refresh')
#15 C:\Users\dell\sid\vendor\codeigniter4\framework\system\CodeIgniter.php(413): CodeIgniter\CodeIgniter->runController(Object(CodeIgniter\CLI\CommandRunner))
#16 C:\Users\dell\sid\vendor\codeigniter4\framework\system\CodeIgniter.php(324): CodeIgniter\CodeIgniter->handleRequest(NULL, Object(Config\Cache), false)
#17 C:\Users\dell\sid\vendor\codeigniter4\framework\system\CLI\Console.php(61): CodeIgniter\CodeIgniter->run()
#18 C:\Users\dell\sid\spark(56): CodeIgniter\CLI\Console->run()
#19 {main}
ERROR - 2021-03-16 13:11:31 --> Error connecting to the database: Class 'SQLite3' not found
ERROR - 2021-03-16 13:11:59 --> mysqli_sql_exception: Unknown table 'sid.user_menu' in C:\Users\dell\sid\vendor\codeigniter4\framework\system\Database\MySQLi\Connection.php:314
Stack trace:
#0 C:\Users\dell\sid\vendor\codeigniter4\framework\system\Database\MySQLi\Connection.php(314): mysqli->query('DROP TABLE `use...')
#1 C:\Users\dell\sid\vendor\codeigniter4\framework\system\Database\BaseConnection.php(713): CodeIgniter\Database\MySQLi\Connection->execute('DROP TABLE `use...')
#2 C:\Users\dell\sid\vendor\codeigniter4\framework\system\Database\BaseConnection.php(641): CodeIgniter\Database\BaseConnection->simpleQuery('DROP TABLE `use...')
#3 C:\Users\dell\sid\vendor\codeigniter4\framework\system\Database\Forge.php(664): CodeIgniter\Database\BaseConnection->query('DROP TABLE `use...')
#4 C:\Users\dell\sid\app\Database\Migrations\2021-03-14-125827_UserMenu.php(33): CodeIgniter\Database\Forge->dropTable('user_menu')
#5 C:\Users\dell\sid\vendor\codeigniter4\framework\system\Database\MigrationRunner.php(1057): App\Database\Migrations\UserMenu->down()
#6 C:\Users\dell\sid\vendor\codeigniter4\framework\system\Database\MigrationRunner.php(343): CodeIgniter\Database\MigrationRunner->migrate('down', Object(stdClass))
#7 C:\Users\dell\sid\vendor\codeigniter4\framework\system\Commands\Database\MigrateRollback.php(100): CodeIgniter\Database\MigrationRunner->regress(0)
#8 C:\Users\dell\sid\vendor\codeigniter4\framework\system\CLI\Commands.php(70): CodeIgniter\Commands\Database\MigrateRollback->run(Array)
#9 C:\Users\dell\sid\vendor\codeigniter4\framework\system\CLI\BaseCommand.php(118): CodeIgniter\CLI\Commands->run('migrate:rollbac...', Array)
#10 C:\Users\dell\sid\vendor\codeigniter4\framework\system\Commands\Database\MigrateRefresh.php(90): CodeIgniter\CLI\BaseCommand->call('migrate:rollbac...', Array)
#11 C:\Users\dell\sid\vendor\codeigniter4\framework\system\CLI\Commands.php(70): CodeIgniter\Commands\Database\MigrateRefresh->run(Array)
#12 C:\Users\dell\sid\vendor\codeigniter4\framework\system\CLI\CommandRunner.php(80): CodeIgniter\CLI\Commands->run('migrate:refresh', Array)
#13 C:\Users\dell\sid\vendor\codeigniter4\framework\system\CLI\CommandRunner.php(58): CodeIgniter\CLI\CommandRunner->index(Array)
#14 C:\Users\dell\sid\vendor\codeigniter4\framework\system\CodeIgniter.php(876): CodeIgniter\CLI\CommandRunner->_remap('index', 'migrate:refresh')
#15 C:\Users\dell\sid\vendor\codeigniter4\framework\system\CodeIgniter.php(413): CodeIgniter\CodeIgniter->runController(Object(CodeIgniter\CLI\CommandRunner))
#16 C:\Users\dell\sid\vendor\codeigniter4\framework\system\CodeIgniter.php(324): CodeIgniter\CodeIgniter->handleRequest(NULL, Object(Config\Cache), false)
#17 C:\Users\dell\sid\vendor\codeigniter4\framework\system\CLI\Console.php(61): CodeIgniter\CodeIgniter->run()
#18 C:\Users\dell\sid\spark(56): CodeIgniter\CLI\Console->run()
#19 {main}
ERROR - 2021-03-16 13:11:59 --> Error connecting to the database: Class 'SQLite3' not found
ERROR - 2021-03-16 13:12:22 --> mysqli_sql_exception: Unknown table 'sid.user_menu' in C:\Users\dell\sid\vendor\codeigniter4\framework\system\Database\MySQLi\Connection.php:314
Stack trace:
#0 C:\Users\dell\sid\vendor\codeigniter4\framework\system\Database\MySQLi\Connection.php(314): mysqli->query('DROP TABLE `use...')
#1 C:\Users\dell\sid\vendor\codeigniter4\framework\system\Database\BaseConnection.php(713): CodeIgniter\Database\MySQLi\Connection->execute('DROP TABLE `use...')
#2 C:\Users\dell\sid\vendor\codeigniter4\framework\system\Database\BaseConnection.php(641): CodeIgniter\Database\BaseConnection->simpleQuery('DROP TABLE `use...')
#3 C:\Users\dell\sid\vendor\codeigniter4\framework\system\Database\Forge.php(664): CodeIgniter\Database\BaseConnection->query('DROP TABLE `use...')
#4 C:\Users\dell\sid\app\Database\Migrations\2021-03-14-125827_UserMenu.php(33): CodeIgniter\Database\Forge->dropTable('user_menu')
#5 C:\Users\dell\sid\vendor\codeigniter4\framework\system\Database\MigrationRunner.php(1057): App\Database\Migrations\UserMenu->down()
#6 C:\Users\dell\sid\vendor\codeigniter4\framework\system\Database\MigrationRunner.php(343): CodeIgniter\Database\MigrationRunner->migrate('down', Object(stdClass))
#7 C:\Users\dell\sid\vendor\codeigniter4\framework\system\Commands\Database\MigrateRollback.php(100): CodeIgniter\Database\MigrationRunner->regress(0)
#8 C:\Users\dell\sid\vendor\codeigniter4\framework\system\CLI\Commands.php(70): CodeIgniter\Commands\Database\MigrateRollback->run(Array)
#9 C:\Users\dell\sid\vendor\codeigniter4\framework\system\CLI\BaseCommand.php(118): CodeIgniter\CLI\Commands->run('migrate:rollbac...', Array)
#10 C:\Users\dell\sid\vendor\codeigniter4\framework\system\Commands\Database\MigrateRefresh.php(90): CodeIgniter\CLI\BaseCommand->call('migrate:rollbac...', Array)
#11 C:\Users\dell\sid\vendor\codeigniter4\framework\system\CLI\Commands.php(70): CodeIgniter\Commands\Database\MigrateRefresh->run(Array)
#12 C:\Users\dell\sid\vendor\codeigniter4\framework\system\CLI\CommandRunner.php(80): CodeIgniter\CLI\Commands->run('migrate:refresh', Array)
#13 C:\Users\dell\sid\vendor\codeigniter4\framework\system\CLI\CommandRunner.php(58): CodeIgniter\CLI\CommandRunner->index(Array)
#14 C:\Users\dell\sid\vendor\codeigniter4\framework\system\CodeIgniter.php(876): CodeIgniter\CLI\CommandRunner->_remap('index', 'migrate:refresh')
#15 C:\Users\dell\sid\vendor\codeigniter4\framework\system\CodeIgniter.php(413): CodeIgniter\CodeIgniter->runController(Object(CodeIgniter\CLI\CommandRunner))
#16 C:\Users\dell\sid\vendor\codeigniter4\framework\system\CodeIgniter.php(324): CodeIgniter\CodeIgniter->handleRequest(NULL, Object(Config\Cache), false)
#17 C:\Users\dell\sid\vendor\codeigniter4\framework\system\CLI\Console.php(61): CodeIgniter\CodeIgniter->run()
#18 C:\Users\dell\sid\spark(56): CodeIgniter\CLI\Console->run()
#19 {main}
ERROR - 2021-03-16 13:12:22 --> Error connecting to the database: Class 'SQLite3' not found
ERROR - 2021-03-16 13:14:28 --> Error connecting to the database: Class 'SQLite3' not found
ERROR - 2021-03-16 13:14:34 --> Error connecting to the database: Class 'SQLite3' not found
ERROR - 2021-03-16 13:15:52 --> mysqli_sql_exception: BLOB/TEXT column 'icon' can't have a default value in C:\Users\dell\sid\vendor\codeigniter4\framework\system\Database\MySQLi\Connection.php:314
Stack trace:
#0 C:\Users\dell\sid\vendor\codeigniter4\framework\system\Database\MySQLi\Connection.php(314): mysqli->query('CREATE TABLE `u...')
#1 C:\Users\dell\sid\vendor\codeigniter4\framework\system\Database\BaseConnection.php(713): CodeIgniter\Database\MySQLi\Connection->execute('CREATE TABLE `u...')
#2 C:\Users\dell\sid\vendor\codeigniter4\framework\system\Database\BaseConnection.php(641): CodeIgniter\Database\BaseConnection->simpleQuery('CREATE TABLE `u...')
#3 C:\Users\dell\sid\vendor\codeigniter4\framework\system\Database\Forge.php(525): CodeIgniter\Database\BaseConnection->query('CREATE TABLE `u...')
#4 C:\Users\dell\sid\app\Database\Migrations\2021-03-16-061535_UserMenu.php(28): CodeIgniter\Database\Forge->createTable('user_menu')
#5 C:\Users\dell\sid\vendor\codeigniter4\framework\system\Database\MigrationRunner.php(1057): App\Database\Migrations\UserMenu->up()
#6 C:\Users\dell\sid\vendor\codeigniter4\framework\system\Database\MigrationRunner.php(202): CodeIgniter\Database\MigrationRunner->migrate('up', Object(stdClass))
#7 C:\Users\dell\sid\vendor\codeigniter4\framework\system\Commands\Database\Migrate.php(94): CodeIgniter\Database\MigrationRunner->latest(NULL)
#8 C:\Users\dell\sid\vendor\codeigniter4\framework\system\CLI\Commands.php(70): CodeIgniter\Commands\Database\Migrate->run(Array)
#9 C:\Users\dell\sid\vendor\codeigniter4\framework\system\CLI\CommandRunner.php(80): CodeIgniter\CLI\Commands->run('migrate', Array)
#10 C:\Users\dell\sid\vendor\codeigniter4\framework\system\CLI\CommandRunner.php(58): CodeIgniter\CLI\CommandRunner->index(Array)
#11 C:\Users\dell\sid\vendor\codeigniter4\framework\system\CodeIgniter.php(876): CodeIgniter\CLI\CommandRunner->_remap('index', 'migrate')
#12 C:\Users\dell\sid\vendor\codeigniter4\framework\system\CodeIgniter.php(413): CodeIgniter\CodeIgniter->runController(Object(CodeIgniter\CLI\CommandRunner))
#13 C:\Users\dell\sid\vendor\codeigniter4\framework\system\CodeIgniter.php(324): CodeIgniter\CodeIgniter->handleRequest(NULL, Object(Config\Cache), false)
#14 C:\Users\dell\sid\vendor\codeigniter4\framework\system\CLI\Console.php(61): CodeIgniter\CodeIgniter->run()
#15 C:\Users\dell\sid\spark(56): CodeIgniter\CLI\Console->run()
#16 {main}
CRITICAL - 2021-03-16 13:54:57 --> Undefined variable: submenu
#0 C:\Users\dell\sid\app\Views\menu\submenu\index.php(86): CodeIgniter\Debug\Exceptions->errorHandler(8, 'Undefined varia...', 'C:\\Users\\dell\\s...', 86, Array)
#1 C:\Users\dell\sid\vendor\codeigniter4\framework\system\View\View.php(220): include('C:\\Users\\dell\\s...')
#2 C:\Users\dell\sid\vendor\codeigniter4\framework\system\View\View.php(222): CodeIgniter\View\View->CodeIgniter\View\{closure}()
#3 C:\Users\dell\sid\vendor\codeigniter4\framework\system\Common.php(1217): CodeIgniter\View\View->render('menu/submenu/in...', Array, true)
#4 C:\Users\dell\sid\app\Controllers\Menu\Submenu.php(18): view('menu/submenu/in...', Array)
#5 C:\Users\dell\sid\vendor\codeigniter4\framework\system\CodeIgniter.php(878): App\Controllers\Menu\Submenu->index()
#6 C:\Users\dell\sid\vendor\codeigniter4\framework\system\CodeIgniter.php(413): CodeIgniter\CodeIgniter->runController(Object(App\Controllers\Menu\Submenu))
#7 C:\Users\dell\sid\vendor\codeigniter4\framework\system\CodeIgniter.php(324): CodeIgniter\CodeIgniter->handleRequest(NULL, Object(Config\Cache), false)
#8 C:\Users\dell\sid\public\index.php(44): CodeIgniter\CodeIgniter->run()
#9 C:\Users\dell\sid\vendor\codeigniter4\framework\system\Commands\Server\rewrite.php(45): require_once('C:\\Users\\dell\\s...')
#10 {main}
CRITICAL - 2021-03-16 13:55:07 --> Undefined property: stdClass::$submenu
#0 C:\Users\dell\sid\app\Views\menu\submenu\index.php(89): CodeIgniter\Debug\Exceptions->errorHandler(8, 'Undefined prope...', 'C:\\Users\\dell\\s...', 89, Array)
#1 C:\Users\dell\sid\vendor\codeigniter4\framework\system\View\View.php(220): include('C:\\Users\\dell\\s...')
#2 C:\Users\dell\sid\vendor\codeigniter4\framework\system\View\View.php(222): CodeIgniter\View\View->CodeIgniter\View\{closure}()
#3 C:\Users\dell\sid\vendor\codeigniter4\framework\system\Common.php(1217): CodeIgniter\View\View->render('menu/submenu/in...', Array, true)
#4 C:\Users\dell\sid\app\Controllers\Menu\Submenu.php(18): view('menu/submenu/in...', Array)
#5 C:\Users\dell\sid\vendor\codeigniter4\framework\system\CodeIgniter.php(878): App\Controllers\Menu\Submenu->index()
#6 C:\Users\dell\sid\vendor\codeigniter4\framework\system\CodeIgniter.php(413): CodeIgniter\CodeIgniter->runController(Object(App\Controllers\Menu\Submenu))
#7 C:\Users\dell\sid\vendor\codeigniter4\framework\system\CodeIgniter.php(324): CodeIgniter\CodeIgniter->handleRequest(NULL, Object(Config\Cache), false)
#8 C:\Users\dell\sid\public\index.php(44): CodeIgniter\CodeIgniter->run()
#9 C:\Users\dell\sid\vendor\codeigniter4\framework\system\Commands\Server\rewrite.php(45): require_once('C:\\Users\\dell\\s...')
#10 {main}
CRITICAL - 2021-03-16 13:55:18 --> Undefined property: stdClass::$title
#0 C:\Users\dell\sid\app\Views\menu\submenu\index.php(89): CodeIgniter\Debug\Exceptions->errorHandler(8, 'Undefined prope...', 'C:\\Users\\dell\\s...', 89, Array)
#1 C:\Users\dell\sid\vendor\codeigniter4\framework\system\View\View.php(220): include('C:\\Users\\dell\\s...')
#2 C:\Users\dell\sid\vendor\codeigniter4\framework\system\View\View.php(222): CodeIgniter\View\View->CodeIgniter\View\{closure}()
#3 C:\Users\dell\sid\vendor\codeigniter4\framework\system\Common.php(1217): CodeIgniter\View\View->render('menu/submenu/in...', Array, true)
#4 C:\Users\dell\sid\app\Controllers\Menu\Submenu.php(18): view('menu/submenu/in...', Array)
#5 C:\Users\dell\sid\vendor\codeigniter4\framework\system\CodeIgniter.php(878): App\Controllers\Menu\Submenu->index()
#6 C:\Users\dell\sid\vendor\codeigniter4\framework\system\CodeIgniter.php(413): CodeIgniter\CodeIgniter->runController(Object(App\Controllers\Menu\Submenu))
#7 C:\Users\dell\sid\vendor\codeigniter4\framework\system\CodeIgniter.php(324): CodeIgniter\CodeIgniter->handleRequest(NULL, Object(Config\Cache), false)
#8 C:\Users\dell\sid\public\index.php(44): CodeIgniter\CodeIgniter->run()
#9 C:\Users\dell\sid\vendor\codeigniter4\framework\system\Commands\Server\rewrite.php(45): require_once('C:\\Users\\dell\\s...')
#10 {main}
CRITICAL - 2021-03-16 13:58:49 --> Class 'App\Models\MenuModel' not found
#0 C:\Users\dell\sid\vendor\codeigniter4\framework\system\CodeIgniter.php(878): App\Controllers\Menu\Submenu->index()
#1 C:\Users\dell\sid\vendor\codeigniter4\framework\system\CodeIgniter.php(413): CodeIgniter\CodeIgniter->runController(Object(App\Controllers\Menu\Submenu))
#2 C:\Users\dell\sid\vendor\codeigniter4\framework\system\CodeIgniter.php(324): CodeIgniter\CodeIgniter->handleRequest(NULL, Object(Config\Cache), false)
#3 C:\Users\dell\sid\public\index.php(44): CodeIgniter\CodeIgniter->run()
#4 C:\Users\dell\sid\vendor\codeigniter4\framework\system\Commands\Server\rewrite.php(45): require_once('C:\\Users\\dell\\s...')
#5 {main}
CRITICAL - 2021-03-16 13:59:08 --> Class 'App\Models\MenuModel' not found
#0 C:\Users\dell\sid\vendor\codeigniter4\framework\system\CodeIgniter.php(878): App\Controllers\Menu\Submenu->index()
#1 C:\Users\dell\sid\vendor\codeigniter4\framework\system\CodeIgniter.php(413): CodeIgniter\CodeIgniter->runController(Object(App\Controllers\Menu\Submenu))
#2 C:\Users\dell\sid\vendor\codeigniter4\framework\system\CodeIgniter.php(324): CodeIgniter\CodeIgniter->handleRequest(NULL, Object(Config\Cache), false)
#3 C:\Users\dell\sid\public\index.php(44): CodeIgniter\CodeIgniter->run()
#4 C:\Users\dell\sid\vendor\codeigniter4\framework\system\Commands\Server\rewrite.php(45): require_once('C:\\Users\\dell\\s...')
#5 {main}
CRITICAL - 2021-03-16 13:59:31 --> Cannot declare class App\Models\Menu\SubMenu, because the name is already in use
#0 [internal function]: CodeIgniter\Debug\Exceptions->shutdownHandler()
#1 {main}
CRITICAL - 2021-03-16 13:59:44 --> Undefined property: stdClass::$icon
#0 C:\Users\dell\sid\app\Views\menu\submenu\index.php(90): CodeIgniter\Debug\Exceptions->errorHandler(8, 'Undefined prope...', 'C:\\Users\\dell\\s...', 90, Array)
#1 C:\Users\dell\sid\vendor\codeigniter4\framework\system\View\View.php(220): include('C:\\Users\\dell\\s...')
#2 C:\Users\dell\sid\vendor\codeigniter4\framework\system\View\View.php(222): CodeIgniter\View\View->CodeIgniter\View\{closure}()
#3 C:\Users\dell\sid\vendor\codeigniter4\framework\system\Common.php(1217): CodeIgniter\View\View->render('menu/submenu/in...', Array, true)
#4 C:\Users\dell\sid\app\Controllers\Menu\Submenu.php(18): view('menu/submenu/in...', Array)
#5 C:\Users\dell\sid\vendor\codeigniter4\framework\system\CodeIgniter.php(878): App\Controllers\Menu\Submenu->index()
#6 C:\Users\dell\sid\vendor\codeigniter4\framework\system\CodeIgniter.php(413): CodeIgniter\CodeIgniter->runController(Object(App\Controllers\Menu\Submenu))
#7 C:\Users\dell\sid\vendor\codeigniter4\framework\system\CodeIgniter.php(324): CodeIgniter\CodeIgniter->handleRequest(NULL, Object(Config\Cache), false)
#8 C:\Users\dell\sid\public\index.php(44): CodeIgniter\CodeIgniter->run()
#9 C:\Users\dell\sid\vendor\codeigniter4\framework\system\Commands\Server\rewrite.php(45): require_once('C:\\Users\\dell\\s...')
#10 {main}
CRITICAL - 2021-03-16 14:00:18 --> Undefined variable: m
#0 C:\Users\dell\sid\app\Views\menu\submenu\index.php(92): CodeIgniter\Debug\Exceptions->errorHandler(8, 'Undefined varia...', 'C:\\Users\\dell\\s...', 92, Array)
#1 C:\Users\dell\sid\vendor\codeigniter4\framework\system\View\View.php(220): include('C:\\Users\\dell\\s...')
#2 C:\Users\dell\sid\vendor\codeigniter4\framework\system\View\View.php(222): CodeIgniter\View\View->CodeIgniter\View\{closure}()
#3 C:\Users\dell\sid\vendor\codeigniter4\framework\system\Common.php(1217): CodeIgniter\View\View->render('menu/submenu/in...', Array, true)
#4 C:\Users\dell\sid\app\Controllers\Menu\Submenu.php(18): view('menu/submenu/in...', Array)
#5 C:\Users\dell\sid\vendor\codeigniter4\framework\system\CodeIgniter.php(878): App\Controllers\Menu\Submenu->index()
#6 C:\Users\dell\sid\vendor\codeigniter4\framework\system\CodeIgniter.php(413): CodeIgniter\CodeIgniter->runController(Object(App\Controllers\Menu\Submenu))
#7 C:\Users\dell\sid\vendor\codeigniter4\framework\system\CodeIgniter.php(324): CodeIgniter\CodeIgniter->handleRequest(NULL, Object(Config\Cache), false)
#8 C:\Users\dell\sid\public\index.php(44): CodeIgniter\CodeIgniter->run()
#9 C:\Users\dell\sid\vendor\codeigniter4\framework\system\Commands\Server\rewrite.php(45): require_once('C:\\Users\\dell\\s...')
#10 {main}
CRITICAL - 2021-03-16 14:07:25 --> Undefined variable: menu
#0 C:\Users\dell\sid\app\Views\menu\submenu\add.php(62): CodeIgniter\Debug\Exceptions->errorHandler(8, 'Undefined varia...', 'C:\\Users\\dell\\s...', 62, Array)
#1 C:\Users\dell\sid\vendor\codeigniter4\framework\system\View\View.php(220): include('C:\\Users\\dell\\s...')
#2 C:\Users\dell\sid\vendor\codeigniter4\framework\system\View\View.php(222): CodeIgniter\View\View->CodeIgniter\View\{closure}()
#3 C:\Users\dell\sid\vendor\codeigniter4\framework\system\Common.php(1217): CodeIgniter\View\View->render('menu/submenu/ad...', Array, true)
#4 C:\Users\dell\sid\app\Controllers\Menu\Submenu.php(26): view('menu/submenu/ad...', Array)
#5 C:\Users\dell\sid\vendor\codeigniter4\framework\system\CodeIgniter.php(878): App\Controllers\Menu\Submenu->add()
#6 C:\Users\dell\sid\vendor\codeigniter4\framework\system\CodeIgniter.php(413): CodeIgniter\CodeIgniter->runController(Object(App\Controllers\Menu\Submenu))
#7 C:\Users\dell\sid\vendor\codeigniter4\framework\system\CodeIgniter.php(324): CodeIgniter\CodeIgniter->handleRequest(NULL, Object(Config\Cache), false)
#8 C:\Users\dell\sid\public\index.php(44): CodeIgniter\CodeIgniter->run()
#9 C:\Users\dell\sid\vendor\codeigniter4\framework\system\Commands\Server\rewrite.php(45): require_once('C:\\Users\\dell\\s...')
#10 {main}
CRITICAL - 2021-03-16 14:09:04 --> syntax error, unexpected ']'
#0 C:\Users\dell\sid\vendor\codeigniter4\framework\system\Router\Router.php(170): CodeIgniter\Router\Router->autoRoute('menu/submenu/ad...')
#1 C:\Users\dell\sid\vendor\codeigniter4\framework\system\CodeIgniter.php(766): CodeIgniter\Router\Router->handle('menu/submenu/ad...')
#2 C:\Users\dell\sid\vendor\codeigniter4\framework\system\CodeIgniter.php(372): CodeIgniter\CodeIgniter->tryToRouteIt(Object(CodeIgniter\Router\RouteCollection))
#3 C:\Users\dell\sid\vendor\codeigniter4\framework\system\CodeIgniter.php(324): CodeIgniter\CodeIgniter->handleRequest(NULL, Object(Config\Cache), false)
#4 C:\Users\dell\sid\public\index.php(44): CodeIgniter\CodeIgniter->run()
#5 C:\Users\dell\sid\vendor\codeigniter4\framework\system\Commands\Server\rewrite.php(45): require_once('C:\\Users\\dell\\s...')
#6 {main}
ERROR - 2021-03-16 14:34:36 --> mysqli_sql_exception: Unknown column 'menu' in 'field list' in C:\Users\dell\sid\vendor\codeigniter4\framework\system\Database\MySQLi\Connection.php:314
Stack trace:
#0 C:\Users\dell\sid\vendor\codeigniter4\framework\system\Database\MySQLi\Connection.php(314): mysqli->query('INSERT INTO `us...')
#1 C:\Users\dell\sid\vendor\codeigniter4\framework\system\Database\BaseConnection.php(713): CodeIgniter\Database\MySQLi\Connection->execute('INSERT INTO `us...')
#2 C:\Users\dell\sid\vendor\codeigniter4\framework\system\Database\BaseConnection.php(641): CodeIgniter\Database\BaseConnection->simpleQuery('INSERT INTO `us...')
#3 C:\Users\dell\sid\vendor\codeigniter4\framework\system\Database\BaseBuilder.php(2263): CodeIgniter\Database\BaseConnection->query('INSERT INTO `us...', Array, false)
#4 C:\Users\dell\sid\vendor\codeigniter4\framework\system\Model.php(278): CodeIgniter\Database\BaseBuilder->insert()
#5 C:\Users\dell\sid\vendor\codeigniter4\framework\system\BaseModel.php(758): CodeIgniter\Model->doInsert(Array)
#6 C:\Users\dell\sid\vendor\codeigniter4\framework\system\Model.php(705): CodeIgniter\BaseModel->insert(Array, false)
#7 C:\Users\dell\sid\vendor\codeigniter4\framework\system\BaseModel.php(667): CodeIgniter\Model->insert(Array, false)
#8 C:\Users\dell\sid\app\Controllers\Menu\Menu.php(36): CodeIgniter\BaseModel->save(Array)
#9 C:\Users\dell\sid\vendor\codeigniter4\framework\system\CodeIgniter.php(878): App\Controllers\Menu\Menu->store()
#10 C:\Users\dell\sid\vendor\codeigniter4\framework\system\CodeIgniter.php(413): CodeIgniter\CodeIgniter->runController(Object(App\Controllers\Menu\Menu))
#11 C:\Users\dell\sid\vendor\codeigniter4\framework\system\CodeIgniter.php(324): CodeIgniter\CodeIgniter->handleRequest(NULL, Object(Config\Cache), false)
#12 C:\Users\dell\sid\public\index.php(44): CodeIgniter\CodeIgniter->run()
#13 C:\Users\dell\sid\vendor\codeigniter4\framework\system\Commands\Server\rewrite.php(45): require_once('C:\\Users\\dell\\s...')
#14 {main}
CRITICAL - 2021-03-16 14:34:36 --> Unknown column 'menu' in 'field list'
#0 C:\Users\dell\sid\vendor\codeigniter4\framework\system\Database\MySQLi\Connection.php(314): mysqli->query('INSERT INTO `us...')
#1 C:\Users\dell\sid\vendor\codeigniter4\framework\system\Database\BaseConnection.php(713): CodeIgniter\Database\MySQLi\Connection->execute('INSERT INTO `us...')
#2 C:\Users\dell\sid\vendor\codeigniter4\framework\system\Database\BaseConnection.php(641): CodeIgniter\Database\BaseConnection->simpleQuery('INSERT INTO `us...')
#3 C:\Users\dell\sid\vendor\codeigniter4\framework\system\Database\BaseBuilder.php(2263): CodeIgniter\Database\BaseConnection->query('INSERT INTO `us...', Array, false)
#4 C:\Users\dell\sid\vendor\codeigniter4\framework\system\Model.php(278): CodeIgniter\Database\BaseBuilder->insert()
#5 C:\Users\dell\sid\vendor\codeigniter4\framework\system\BaseModel.php(758): CodeIgniter\Model->doInsert(Array)
#6 C:\Users\dell\sid\vendor\codeigniter4\framework\system\Model.php(705): CodeIgniter\BaseModel->insert(Array, false)
#7 C:\Users\dell\sid\vendor\codeigniter4\framework\system\BaseModel.php(667): CodeIgniter\Model->insert(Array, false)
#8 C:\Users\dell\sid\app\Controllers\Menu\Menu.php(36): CodeIgniter\BaseModel->save(Array)
#9 C:\Users\dell\sid\vendor\codeigniter4\framework\system\CodeIgniter.php(878): App\Controllers\Menu\Menu->store()
#10 C:\Users\dell\sid\vendor\codeigniter4\framework\system\CodeIgniter.php(413): CodeIgniter\CodeIgniter->runController(Object(App\Controllers\Menu\Menu))
#11 C:\Users\dell\sid\vendor\codeigniter4\framework\system\CodeIgniter.php(324): CodeIgniter\CodeIgniter->handleRequest(NULL, Object(Config\Cache), false)
#12 C:\Users\dell\sid\public\index.php(44): CodeIgniter\CodeIgniter->run()
#13 C:\Users\dell\sid\vendor\codeigniter4\framework\system\Commands\Server\rewrite.php(45): require_once('C:\\Users\\dell\\s...')
#14 {main}
ERROR - 2021-03-16 14:35:56 --> mysqli_sql_exception: Unknown column 'menu' in 'field list' in C:\Users\dell\sid\vendor\codeigniter4\framework\system\Database\MySQLi\Connection.php:314
Stack trace:
#0 C:\Users\dell\sid\vendor\codeigniter4\framework\system\Database\MySQLi\Connection.php(314): mysqli->query('INSERT INTO `us...')
#1 C:\Users\dell\sid\vendor\codeigniter4\framework\system\Database\BaseConnection.php(713): CodeIgniter\Database\MySQLi\Connection->execute('INSERT INTO `us...')
#2 C:\Users\dell\sid\vendor\codeigniter4\framework\system\Database\BaseConnection.php(641): CodeIgniter\Database\BaseConnection->simpleQuery('INSERT INTO `us...')
#3 C:\Users\dell\sid\vendor\codeigniter4\framework\system\Database\BaseBuilder.php(2263): CodeIgniter\Database\BaseConnection->query('INSERT INTO `us...', Array, false)
#4 C:\Users\dell\sid\vendor\codeigniter4\framework\system\Model.php(278): CodeIgniter\Database\BaseBuilder->insert()
#5 C:\Users\dell\sid\vendor\codeigniter4\framework\system\BaseModel.php(758): CodeIgniter\Model->doInsert(Array)
#6 C:\Users\dell\sid\vendor\codeigniter4\framework\system\Model.php(705): CodeIgniter\BaseModel->insert(Array, false)
#7 C:\Users\dell\sid\vendor\codeigniter4\framework\system\BaseModel.php(667): CodeIgniter\Model->insert(Array, false)
#8 C:\Users\dell\sid\app\Controllers\Menu\Menu.php(36): CodeIgniter\BaseModel->save(Array)
#9 C:\Users\dell\sid\vendor\codeigniter4\framework\system\CodeIgniter.php(878): App\Controllers\Menu\Menu->store()
#10 C:\Users\dell\sid\vendor\codeigniter4\framework\system\CodeIgniter.php(413): CodeIgniter\CodeIgniter->runController(Object(App\Controllers\Menu\Menu))
#11 C:\Users\dell\sid\vendor\codeigniter4\framework\system\CodeIgniter.php(324): CodeIgniter\CodeIgniter->handleRequest(NULL, Object(Config\Cache), false)
#12 C:\Users\dell\sid\public\index.php(44): CodeIgniter\CodeIgniter->run()
#13 C:\Users\dell\sid\vendor\codeigniter4\framework\system\Commands\Server\rewrite.php(45): require_once('C:\\Users\\dell\\s...')
#14 {main}
CRITICAL - 2021-03-16 14:35:56 --> Unknown column 'menu' in 'field list'
#0 C:\Users\dell\sid\vendor\codeigniter4\framework\system\Database\MySQLi\Connection.php(314): mysqli->query('INSERT INTO `us...')
#1 C:\Users\dell\sid\vendor\codeigniter4\framework\system\Database\BaseConnection.php(713): CodeIgniter\Database\MySQLi\Connection->execute('INSERT INTO `us...')
#2 C:\Users\dell\sid\vendor\codeigniter4\framework\system\Database\BaseConnection.php(641): CodeIgniter\Database\BaseConnection->simpleQuery('INSERT INTO `us...')
#3 C:\Users\dell\sid\vendor\codeigniter4\framework\system\Database\BaseBuilder.php(2263): CodeIgniter\Database\BaseConnection->query('INSERT INTO `us...', Array, false)
#4 C:\Users\dell\sid\vendor\codeigniter4\framework\system\Model.php(278): CodeIgniter\Database\BaseBuilder->insert()
#5 C:\Users\dell\sid\vendor\codeigniter4\framework\system\BaseModel.php(758): CodeIgniter\Model->doInsert(Array)
#6 C:\Users\dell\sid\vendor\codeigniter4\framework\system\Model.php(705): CodeIgniter\BaseModel->insert(Array, false)
#7 C:\Users\dell\sid\vendor\codeigniter4\framework\system\BaseModel.php(667): CodeIgniter\Model->insert(Array, false)
#8 C:\Users\dell\sid\app\Controllers\Menu\Menu.php(36): CodeIgniter\BaseModel->save(Array)
#9 C:\Users\dell\sid\vendor\codeigniter4\framework\system\CodeIgniter.php(878): App\Controllers\Menu\Menu->store()
#10 C:\Users\dell\sid\vendor\codeigniter4\framework\system\CodeIgniter.php(413): CodeIgniter\CodeIgniter->runController(Object(App\Controllers\Menu\Menu))
#11 C:\Users\dell\sid\vendor\codeigniter4\framework\system\CodeIgniter.php(324): CodeIgniter\CodeIgniter->handleRequest(NULL, Object(Config\Cache), false)
#12 C:\Users\dell\sid\public\index.php(44): CodeIgniter\CodeIgniter->run()
#13 C:\Users\dell\sid\vendor\codeigniter4\framework\system\Commands\Server\rewrite.php(45): require_once('C:\\Users\\dell\\s...')
#14 {main}
CRITICAL - 2021-03-16 14:38:03 --> Undefined property: stdClass::$title
#0 C:\Users\dell\sid\app\Views\menu\submenu\index.php(90): CodeIgniter\Debug\Exceptions->errorHandler(8, 'Undefined prope...', 'C:\\Users\\dell\\s...', 90, Array)
#1 C:\Users\dell\sid\vendor\codeigniter4\framework\system\View\View.php(220): include('C:\\Users\\dell\\s...')
#2 C:\Users\dell\sid\vendor\codeigniter4\framework\system\View\View.php(222): CodeIgniter\View\View->CodeIgniter\View\{closure}()
#3 C:\Users\dell\sid\vendor\codeigniter4\framework\system\Common.php(1217): CodeIgniter\View\View->render('menu/submenu/in...', Array, true)
#4 C:\Users\dell\sid\app\Controllers\Menu\Submenu.php(16): view('menu/submenu/in...', Array)
#5 C:\Users\dell\sid\vendor\codeigniter4\framework\system\CodeIgniter.php(878): App\Controllers\Menu\Submenu->index()
#6 C:\Users\dell\sid\vendor\codeigniter4\framework\system\CodeIgniter.php(413): CodeIgniter\CodeIgniter->runController(Object(App\Controllers\Menu\Submenu))
#7 C:\Users\dell\sid\vendor\codeigniter4\framework\system\CodeIgniter.php(324): CodeIgniter\CodeIgniter->handleRequest(NULL, Object(Config\Cache), false)
#8 C:\Users\dell\sid\public\index.php(44): CodeIgniter\CodeIgniter->run()
#9 C:\Users\dell\sid\vendor\codeigniter4\framework\system\Commands\Server\rewrite.php(45): require_once('C:\\Users\\dell\\s...')
#10 {main}
CRITICAL - 2021-03-16 14:38:31 --> Call to a member function links() on null
#0 C:\Users\dell\sid\vendor\codeigniter4\framework\system\View\View.php(220): include()
#1 C:\Users\dell\sid\vendor\codeigniter4\framework\system\View\View.php(222): CodeIgniter\View\View->CodeIgniter\View\{closure}()
#2 C:\Users\dell\sid\vendor\codeigniter4\framework\system\Common.php(1217): CodeIgniter\View\View->render('menu/submenu/in...', Array, true)
#3 C:\Users\dell\sid\app\Controllers\Menu\Submenu.php(16): view('menu/submenu/in...', Array)
#4 C:\Users\dell\sid\vendor\codeigniter4\framework\system\CodeIgniter.php(878): App\Controllers\Menu\Submenu->index()
#5 C:\Users\dell\sid\vendor\codeigniter4\framework\system\CodeIgniter.php(413): CodeIgniter\CodeIgniter->runController(Object(App\Controllers\Menu\Submenu))
#6 C:\Users\dell\sid\vendor\codeigniter4\framework\system\CodeIgniter.php(324): CodeIgniter\CodeIgniter->handleRequest(NULL, Object(Config\Cache), false)
#7 C:\Users\dell\sid\public\index.php(44): CodeIgniter\CodeIgniter->run()
#8 C:\Users\dell\sid\vendor\codeigniter4\framework\system\Commands\Server\rewrite.php(45): require_once('C:\\Users\\dell\\s...')
#9 {main}
CRITICAL - 2021-03-16 14:38:47 --> Call to a member function links() on null
#0 C:\Users\dell\sid\vendor\codeigniter4\framework\system\View\View.php(220): include()
#1 C:\Users\dell\sid\vendor\codeigniter4\framework\system\View\View.php(222): CodeIgniter\View\View->CodeIgniter\View\{closure}()
#2 C:\Users\dell\sid\vendor\codeigniter4\framework\system\Common.php(1217): CodeIgniter\View\View->render('menu/submenu/in...', Array, true)
#3 C:\Users\dell\sid\app\Controllers\Menu\Submenu.php(16): view('menu/submenu/in...', Array)
#4 C:\Users\dell\sid\vendor\codeigniter4\framework\system\CodeIgniter.php(878): App\Controllers\Menu\Submenu->index()
#5 C:\Users\dell\sid\vendor\codeigniter4\framework\system\CodeIgniter.php(413): CodeIgniter\CodeIgniter->runController(Object(App\Controllers\Menu\Submenu))
#6 C:\Users\dell\sid\vendor\codeigniter4\framework\system\CodeIgniter.php(324): CodeIgniter\CodeIgniter->handleRequest(NULL, Object(Config\Cache), false)
#7 C:\Users\dell\sid\public\index.php(44): CodeIgniter\CodeIgniter->run()
#8 C:\Users\dell\sid\vendor\codeigniter4\framework\system\Commands\Server\rewrite.php(45): require_once('C:\\Users\\dell\\s...')
#9 {main}
CRITICAL - 2021-03-16 14:38:56 --> Call to a member function links() on null
#0 C:\Users\dell\sid\vendor\codeigniter4\framework\system\View\View.php(220): include()
#1 C:\Users\dell\sid\vendor\codeigniter4\framework\system\View\View.php(222): CodeIgniter\View\View->CodeIgniter\View\{closure}()
#2 C:\Users\dell\sid\vendor\codeigniter4\framework\system\Common.php(1217): CodeIgniter\View\View->render('menu/submenu/in...', Array, true)
#3 C:\Users\dell\sid\app\Controllers\Menu\Submenu.php(16): view('menu/submenu/in...', Array)
#4 C:\Users\dell\sid\vendor\codeigniter4\framework\system\CodeIgniter.php(878): App\Controllers\Menu\Submenu->index()
#5 C:\Users\dell\sid\vendor\codeigniter4\framework\system\CodeIgniter.php(413): CodeIgniter\CodeIgniter->runController(Object(App\Controllers\Menu\Submenu))
#6 C:\Users\dell\sid\vendor\codeigniter4\framework\system\CodeIgniter.php(324): CodeIgniter\CodeIgniter->handleRequest(NULL, Object(Config\Cache), false)
#7 C:\Users\dell\sid\public\index.php(44): CodeIgniter\CodeIgniter->run()
#8 C:\Users\dell\sid\vendor\codeigniter4\framework\system\Commands\Server\rewrite.php(45): require_once('C:\\Users\\dell\\s...')
#9 {main}
CRITICAL - 2021-03-16 14:39:38 --> Undefined property: App\Controllers\Menu\Submenu::$menu
#0 C:\Users\dell\sid\app\Controllers\Menu\Submenu.php(13): CodeIgniter\Debug\Exceptions->errorHandler(8, 'Undefined prope...', 'C:\\Users\\dell\\s...', 13, Array)
#1 C:\Users\dell\sid\vendor\codeigniter4\framework\system\CodeIgniter.php(878): App\Controllers\Menu\Submenu->index()
#2 C:\Users\dell\sid\vendor\codeigniter4\framework\system\CodeIgniter.php(413): CodeIgniter\CodeIgniter->runController(Object(App\Controllers\Menu\Submenu))
#3 C:\Users\dell\sid\vendor\codeigniter4\framework\system\CodeIgniter.php(324): CodeIgniter\CodeIgniter->handleRequest(NULL, Object(Config\Cache), false)
#4 C:\Users\dell\sid\public\index.php(44): CodeIgniter\CodeIgniter->run()
#5 C:\Users\dell\sid\vendor\codeigniter4\framework\system\Commands\Server\rewrite.php(45): require_once('C:\\Users\\dell\\s...')
#6 {main}
CRITICAL - 2021-03-16 18:03:57 --> Undefined property: stdClass::$slug
#0 C:\Users\dell\sid\app\Views\layout\sidebar.php(32): CodeIgniter\Debug\Exceptions->errorHandler(8, 'Undefined prope...', 'C:\\Users\\dell\\s...', 32, Array)
#1 C:\Users\dell\sid\vendor\codeigniter4\framework\system\View\View.php(220): include('C:\\Users\\dell\\s...')
#2 C:\Users\dell\sid\vendor\codeigniter4\framework\system\View\View.php(222): CodeIgniter\View\View->CodeIgniter\View\{closure}()
#3 C:\Users\dell\sid\vendor\codeigniter4\framework\system\View\View.php(468): CodeIgniter\View\View->render('layout/sidebar', NULL, true)
#4 C:\Users\dell\sid\app\Views\layout\aside.php(32): CodeIgniter\View\View->include('layout/sidebar')
#5 C:\Users\dell\sid\vendor\codeigniter4\framework\system\View\View.php(220): include('C:\\Users\\dell\\s...')
#6 C:\Users\dell\sid\vendor\codeigniter4\framework\system\View\View.php(222): CodeIgniter\View\View->CodeIgniter\View\{closure}()
#7 C:\Users\dell\sid\vendor\codeigniter4\framework\system\View\View.php(468): CodeIgniter\View\View->render('layout/aside', NULL, true)
#8 C:\Users\dell\sid\app\Views\layout\template.php(6): CodeIgniter\View\View->include('layout/aside')
#9 C:\Users\dell\sid\vendor\codeigniter4\framework\system\View\View.php(220): include('C:\\Users\\dell\\s...')
#10 C:\Users\dell\sid\vendor\codeigniter4\framework\system\View\View.php(222): CodeIgniter\View\View->CodeIgniter\View\{closure}()
#11 C:\Users\dell\sid\vendor\codeigniter4\framework\system\View\View.php(236): CodeIgniter\View\View->render('layout/template', Array, true)
#12 C:\Users\dell\sid\vendor\codeigniter4\framework\system\Common.php(1217): CodeIgniter\View\View->render('menu/add', Array, true)
#13 C:\Users\dell\sid\app\Controllers\Menu\Menu.php(27): view('menu/add', Array)
#14 C:\Users\dell\sid\vendor\codeigniter4\framework\system\CodeIgniter.php(878): App\Controllers\Menu\Menu->add()
#15 C:\Users\dell\sid\vendor\codeigniter4\framework\system\CodeIgniter.php(413): CodeIgniter\CodeIgniter->runController(Object(App\Controllers\Menu\Menu))
#16 C:\Users\dell\sid\vendor\codeigniter4\framework\system\CodeIgniter.php(324): CodeIgniter\CodeIgniter->handleRequest(NULL, Object(Config\Cache), false)
#17 C:\Users\dell\sid\public\index.php(44): CodeIgniter\CodeIgniter->run()
#18 C:\Users\dell\sid\vendor\codeigniter4\framework\system\Commands\Server\rewrite.php(45): require_once('C:\\Users\\dell\\s...')
#19 {main}
CRITICAL - 2021-03-16 18:04:24 --> Undefined property: stdClass::$slug
#0 C:\Users\dell\sid\app\Views\layout\sidebar.php(32): CodeIgniter\Debug\Exceptions->errorHandler(8, 'Undefined prope...', 'C:\\Users\\dell\\s...', 32, Array)
#1 C:\Users\dell\sid\vendor\codeigniter4\framework\system\View\View.php(220): include('C:\\Users\\dell\\s...')
#2 C:\Users\dell\sid\vendor\codeigniter4\framework\system\View\View.php(222): CodeIgniter\View\View->CodeIgniter\View\{closure}()
#3 C:\Users\dell\sid\vendor\codeigniter4\framework\system\View\View.php(468): CodeIgniter\View\View->render('layout/sidebar', NULL, true)
#4 C:\Users\dell\sid\app\Views\layout\aside.php(32): CodeIgniter\View\View->include('layout/sidebar')
#5 C:\Users\dell\sid\vendor\codeigniter4\framework\system\View\View.php(220): include('C:\\Users\\dell\\s...')
#6 C:\Users\dell\sid\vendor\codeigniter4\framework\system\View\View.php(222): CodeIgniter\View\View->CodeIgniter\View\{closure}()
#7 C:\Users\dell\sid\vendor\codeigniter4\framework\system\View\View.php(468): CodeIgniter\View\View->render('layout/aside', NULL, true)
#8 C:\Users\dell\sid\app\Views\layout\template.php(6): CodeIgniter\View\View->include('layout/aside')
#9 C:\Users\dell\sid\vendor\codeigniter4\framework\system\View\View.php(220): include('C:\\Users\\dell\\s...')
#10 C:\Users\dell\sid\vendor\codeigniter4\framework\system\View\View.php(222): CodeIgniter\View\View->CodeIgniter\View\{closure}()
#11 C:\Users\dell\sid\vendor\codeigniter4\framework\system\View\View.php(236): CodeIgniter\View\View->render('layout/template', Array, true)
#12 C:\Users\dell\sid\vendor\codeigniter4\framework\system\Common.php(1217): CodeIgniter\View\View->render('menu/add', Array, true)
#13 C:\Users\dell\sid\app\Controllers\Menu\Menu.php(27): view('menu/add', Array)
#14 C:\Users\dell\sid\vendor\codeigniter4\framework\system\CodeIgniter.php(878): App\Controllers\Menu\Menu->add()
#15 C:\Users\dell\sid\vendor\codeigniter4\framework\system\CodeIgniter.php(413): CodeIgniter\CodeIgniter->runController(Object(App\Controllers\Menu\Menu))
#16 C:\Users\dell\sid\vendor\codeigniter4\framework\system\CodeIgniter.php(324): CodeIgniter\CodeIgniter->handleRequest(NULL, Object(Config\Cache), false)
#17 C:\Users\dell\sid\public\index.php(44): CodeIgniter\CodeIgniter->run()
#18 C:\Users\dell\sid\vendor\codeigniter4\framework\system\Commands\Server\rewrite.php(45): require_once('C:\\Users\\dell\\s...')
#19 {main}
CRITICAL - 2021-03-16 21:24:01 --> Too few arguments to function App\Controllers\Menu\Menu::edit(), 0 passed in C:\Users\dell\sid\vendor\codeigniter4\framework\system\CodeIgniter.php on line 878 and exactly 1 expected
#0 C:\Users\dell\sid\vendor\codeigniter4\framework\system\CodeIgniter.php(878): App\Controllers\Menu\Menu->edit()
#1 C:\Users\dell\sid\vendor\codeigniter4\framework\system\CodeIgniter.php(413): CodeIgniter\CodeIgniter->runController(Object(App\Controllers\Menu\Menu))
#2 C:\Users\dell\sid\vendor\codeigniter4\framework\system\CodeIgniter.php(324): CodeIgniter\CodeIgniter->handleRequest(NULL, Object(Config\Cache), false)
#3 C:\Users\dell\sid\public\index.php(44): CodeIgniter\CodeIgniter->run()
#4 C:\Users\dell\sid\vendor\codeigniter4\framework\system\Commands\Server\rewrite.php(45): require_once('C:\\Users\\dell\\s...')
#5 {main}
CRITICAL - 2021-03-16 21:24:18 --> Undefined variable: validation
#0 C:\Users\dell\sid\app\Views\menu\edit.php(48): CodeIgniter\Debug\Exceptions->errorHandler(8, 'Undefined varia...', 'C:\\Users\\dell\\s...', 48, Array)
#1 C:\Users\dell\sid\vendor\codeigniter4\framework\system\View\View.php(220): include('C:\\Users\\dell\\s...')
#2 C:\Users\dell\sid\vendor\codeigniter4\framework\system\View\View.php(222): CodeIgniter\View\View->CodeIgniter\View\{closure}()
#3 C:\Users\dell\sid\vendor\codeigniter4\framework\system\Common.php(1217): CodeIgniter\View\View->render('menu/edit', Array, true)
#4 C:\Users\dell\sid\app\Controllers\Menu\Menu.php(47): view('menu/edit', Array)
#5 C:\Users\dell\sid\vendor\codeigniter4\framework\system\CodeIgniter.php(878): App\Controllers\Menu\Menu->edit('menu')
#6 C:\Users\dell\sid\vendor\codeigniter4\framework\system\CodeIgniter.php(413): CodeIgniter\CodeIgniter->runController(Object(App\Controllers\Menu\Menu))
#7 C:\Users\dell\sid\vendor\codeigniter4\framework\system\CodeIgniter.php(324): CodeIgniter\CodeIgniter->handleRequest(NULL, Object(Config\Cache), false)
#8 C:\Users\dell\sid\public\index.php(44): CodeIgniter\CodeIgniter->run()
#9 C:\Users\dell\sid\vendor\codeigniter4\framework\system\Commands\Server\rewrite.php(45): require_once('C:\\Users\\dell\\s...')
#10 {main}
CRITICAL - 2021-03-16 21:24:50 --> Trying to get property 'menu' of non-object
#0 C:\Users\dell\sid\app\Views\menu\edit.php(56): CodeIgniter\Debug\Exceptions->errorHandler(8, 'Trying to get p...', 'C:\\Users\\dell\\s...', 56, Array)
#1 C:\Users\dell\sid\vendor\codeigniter4\framework\system\View\View.php(220): include('C:\\Users\\dell\\s...')
#2 C:\Users\dell\sid\vendor\codeigniter4\framework\system\View\View.php(222): CodeIgniter\View\View->CodeIgniter\View\{closure}()
#3 C:\Users\dell\sid\vendor\codeigniter4\framework\system\Common.php(1217): CodeIgniter\View\View->render('menu/edit', Array, true)
#4 C:\Users\dell\sid\app\Controllers\Menu\Menu.php(48): view('menu/edit', Array)
#5 C:\Users\dell\sid\vendor\codeigniter4\framework\system\CodeIgniter.php(878): App\Controllers\Menu\Menu->edit('menuasd')
#6 C:\Users\dell\sid\vendor\codeigniter4\framework\system\CodeIgniter.php(413): CodeIgniter\CodeIgniter->runController(Object(App\Controllers\Menu\Menu))
#7 C:\Users\dell\sid\vendor\codeigniter4\framework\system\CodeIgniter.php(324): CodeIgniter\CodeIgniter->handleRequest(NULL, Object(Config\Cache), false)
#8 C:\Users\dell\sid\public\index.php(44): CodeIgniter\CodeIgniter->run()
#9 C:\Users\dell\sid\vendor\codeigniter4\framework\system\Commands\Server\rewrite.php(45): require_once('C:\\Users\\dell\\s...')
#10 {main}
CRITICAL - 2021-03-16 21:29:03 --> Trying to get property 'menu' of non-object
#0 C:\Users\dell\sid\app\Views\menu\edit.php(56): CodeIgniter\Debug\Exceptions->errorHandler(8, 'Trying to get p...', 'C:\\Users\\dell\\s...', 56, Array)
#1 C:\Users\dell\sid\vendor\codeigniter4\framework\system\View\View.php(220): include('C:\\Users\\dell\\s...')
#2 C:\Users\dell\sid\vendor\codeigniter4\framework\system\View\View.php(222): CodeIgniter\View\View->CodeIgniter\View\{closure}()
#3 C:\Users\dell\sid\vendor\codeigniter4\framework\system\Common.php(1217): CodeIgniter\View\View->render('menu/edit', Array, true)
#4 C:\Users\dell\sid\app\Controllers\Menu\Menu.php(48): view('menu/edit', Array)
#5 C:\Users\dell\sid\vendor\codeigniter4\framework\system\CodeIgniter.php(878): App\Controllers\Menu\Menu->edit('menuasd')
#6 C:\Users\dell\sid\vendor\codeigniter4\framework\system\CodeIgniter.php(413): CodeIgniter\CodeIgniter->runController(Object(App\Controllers\Menu\Menu))
#7 C:\Users\dell\sid\vendor\codeigniter4\framework\system\CodeIgniter.php(324): CodeIgniter\CodeIgniter->handleRequest(NULL, Object(Config\Cache), false)
#8 C:\Users\dell\sid\public\index.php(44): CodeIgniter\CodeIgniter->run()
#9 C:\Users\dell\sid\vendor\codeigniter4\framework\system\Commands\Server\rewrite.php(45): require_once('C:\\Users\\dell\\s...')
#10 {main}
CRITICAL - 2021-03-16 21:32:58 --> Maximum execution time of 60 seconds exceeded
#0 [internal function]: CodeIgniter\Debug\Exceptions->shutdownHandler()
#1 {main}
CRITICAL - 2021-03-16 21:32:59 --> Invalid file: error.php
#0 C:\Users\dell\sid\vendor\codeigniter4\framework\system\View\View.php(203): CodeIgniter\Exceptions\FrameworkException::forInvalidFile('error.php')
#1 C:\Users\dell\sid\vendor\codeigniter4\framework\system\Common.php(1217): CodeIgniter\View\View->render('error', Array, true)
#2 C:\Users\dell\sid\app\Config\Routes.php(24): view('error')
#3 C:\Users\dell\sid\vendor\codeigniter4\framework\system\CodeIgniter.php(899): CodeIgniter\Router\RouteCollection->Config\{closure}('Controller or i...')
#4 C:\Users\dell\sid\vendor\codeigniter4\framework\system\CodeIgniter.php(336): CodeIgniter\CodeIgniter->display404errors(Object(CodeIgniter\Exceptions\PageNotFoundException))
#5 C:\Users\dell\sid\public\index.php(44): CodeIgniter\CodeIgniter->run()
#6 C:\Users\dell\sid\vendor\codeigniter4\framework\system\Commands\Server\rewrite.php(45): require_once('C:\\Users\\dell\\s...')
#7 {main}
CRITICAL - 2021-03-16 21:32:59 --> Invalid file: error.php
#0 C:\Users\dell\sid\vendor\codeigniter4\framework\system\View\View.php(203): CodeIgniter\Exceptions\FrameworkException::forInvalidFile('error.php')
#1 C:\Users\dell\sid\vendor\codeigniter4\framework\system\Common.php(1217): CodeIgniter\View\View->render('error', Array, true)
#2 C:\Users\dell\sid\app\Config\Routes.php(24): view('error')
#3 C:\Users\dell\sid\vendor\codeigniter4\framework\system\CodeIgniter.php(899): CodeIgniter\Router\RouteCollection->Config\{closure}('Controller or i...')
#4 C:\Users\dell\sid\vendor\codeigniter4\framework\system\CodeIgniter.php(336): CodeIgniter\CodeIgniter->display404errors(Object(CodeIgniter\Exceptions\PageNotFoundException))
#5 C:\Users\dell\sid\public\index.php(44): CodeIgniter\CodeIgniter->run()
#6 C:\Users\dell\sid\vendor\codeigniter4\framework\system\Commands\Server\rewrite.php(45): require_once('C:\\Users\\dell\\s...')
#7 {main}
CRITICAL - 2021-03-16 21:33:35 --> Trying to get property 'menu' of non-object
#0 C:\Users\dell\sid\app\Views\menu\edit.php(56): CodeIgniter\Debug\Exceptions->errorHandler(8, 'Trying to get p...', 'C:\\Users\\dell\\s...', 56, Array)
#1 C:\Users\dell\sid\vendor\codeigniter4\framework\system\View\View.php(220): include('C:\\Users\\dell\\s...')
#2 C:\Users\dell\sid\vendor\codeigniter4\framework\system\View\View.php(222): CodeIgniter\View\View->CodeIgniter\View\{closure}()
#3 C:\Users\dell\sid\vendor\codeigniter4\framework\system\Common.php(1217): CodeIgniter\View\View->render('menu/edit', Array, true)
#4 C:\Users\dell\sid\app\Controllers\Menu\Menu.php(48): view('menu/edit', Array)
#5 C:\Users\dell\sid\vendor\codeigniter4\framework\system\CodeIgniter.php(878): App\Controllers\Menu\Menu->edit('menuasd')
#6 C:\Users\dell\sid\vendor\codeigniter4\framework\system\CodeIgniter.php(413): CodeIgniter\CodeIgniter->runController(Object(App\Controllers\Menu\Menu))
#7 C:\Users\dell\sid\vendor\codeigniter4\framework\system\CodeIgniter.php(324): CodeIgniter\CodeIgniter->handleRequest(NULL, Object(Config\Cache), false)
#8 C:\Users\dell\sid\public\index.php(44): CodeIgniter\CodeIgniter->run()
#9 C:\Users\dell\sid\vendor\codeigniter4\framework\system\Commands\Server\rewrite.php(45): require_once('C:\\Users\\dell\\s...')
#10 {main}
CRITICAL - 2021-03-16 21:35:31 --> Trying to get property 'menu' of non-object
#0 C:\Users\dell\sid\app\Views\menu\edit.php(56): CodeIgniter\Debug\Exceptions->errorHandler(8, 'Trying to get p...', 'C:\\Users\\dell\\s...', 56, Array)
#1 C:\Users\dell\sid\vendor\codeigniter4\framework\system\View\View.php(220): include('C:\\Users\\dell\\s...')
#2 C:\Users\dell\sid\vendor\codeigniter4\framework\system\View\View.php(222): CodeIgniter\View\View->CodeIgniter\View\{closure}()
#3 C:\Users\dell\sid\vendor\codeigniter4\framework\system\Common.php(1217): CodeIgniter\View\View->render('menu/edit', Array, true)
#4 C:\Users\dell\sid\app\Controllers\Menu\Menu.php(48): view('menu/edit', Array)
#5 C:\Users\dell\sid\vendor\codeigniter4\framework\system\CodeIgniter.php(878): App\Controllers\Menu\Menu->edit('menuasd')
#6 C:\Users\dell\sid\vendor\codeigniter4\framework\system\CodeIgniter.php(413): CodeIgniter\CodeIgniter->runController(Object(App\Controllers\Menu\Menu))
#7 C:\Users\dell\sid\vendor\codeigniter4\framework\system\CodeIgniter.php(324): CodeIgniter\CodeIgniter->handleRequest(NULL, Object(Config\Cache), false)
#8 C:\Users\dell\sid\public\index.php(44): CodeIgniter\CodeIgniter->run()
#9 C:\Users\dell\sid\vendor\codeigniter4\framework\system\Commands\Server\rewrite.php(45): require_once('C:\\Users\\dell\\s...')
#10 {main}
CRITICAL - 2021-03-16 21:36:08 --> Trying to get property 'menu' of non-object
#0 C:\Users\dell\sid\app\Views\menu\edit.php(56): CodeIgniter\Debug\Exceptions->errorHandler(8, 'Trying to get p...', 'C:\\Users\\dell\\s...', 56, Array)
#1 C:\Users\dell\sid\vendor\codeigniter4\framework\system\View\View.php(220): include('C:\\Users\\dell\\s...')
#2 C:\Users\dell\sid\vendor\codeigniter4\framework\system\View\View.php(222): CodeIgniter\View\View->CodeIgniter\View\{closure}()
#3 C:\Users\dell\sid\vendor\codeigniter4\framework\system\Common.php(1217): CodeIgniter\View\View->render('menu/edit', Array, true)
#4 C:\Users\dell\sid\app\Controllers\Menu\Menu.php(48): view('menu/edit', Array)
#5 C:\Users\dell\sid\vendor\codeigniter4\framework\system\CodeIgniter.php(878): App\Controllers\Menu\Menu->edit('menuasd')
#6 C:\Users\dell\sid\vendor\codeigniter4\framework\system\CodeIgniter.php(413): CodeIgniter\CodeIgniter->runController(Object(App\Controllers\Menu\Menu))
#7 C:\Users\dell\sid\vendor\codeigniter4\framework\system\CodeIgniter.php(324): CodeIgniter\CodeIgniter->handleRequest(NULL, Object(Config\Cache), false)
#8 C:\Users\dell\sid\public\index.php(44): CodeIgniter\CodeIgniter->run()
#9 C:\Users\dell\sid\vendor\codeigniter4\framework\system\Commands\Server\rewrite.php(45): require_once('C:\\Users\\dell\\s...')
#10 {main}
CRITICAL - 2021-03-16 21:36:59 --> Trying to get property 'menu' of non-object
#0 C:\Users\dell\sid\app\Views\menu\edit.php(56): CodeIgniter\Debug\Exceptions->errorHandler(8, 'Trying to get p...', 'C:\\Users\\dell\\s...', 56, Array)
#1 C:\Users\dell\sid\vendor\codeigniter4\framework\system\View\View.php(220): include('C:\\Users\\dell\\s...')
#2 C:\Users\dell\sid\vendor\codeigniter4\framework\system\View\View.php(222): CodeIgniter\View\View->CodeIgniter\View\{closure}()
#3 C:\Users\dell\sid\vendor\codeigniter4\framework\system\Common.php(1217): CodeIgniter\View\View->render('menu/edit', Array, true)
#4 C:\Users\dell\sid\app\Controllers\Menu\Menu.php(48): view('menu/edit', Array)
#5 C:\Users\dell\sid\vendor\codeigniter4\framework\system\CodeIgniter.php(878): App\Controllers\Menu\Menu->edit('menuasd')
#6 C:\Users\dell\sid\vendor\codeigniter4\framework\system\CodeIgniter.php(413): CodeIgniter\CodeIgniter->runController(Object(App\Controllers\Menu\Menu))
#7 C:\Users\dell\sid\vendor\codeigniter4\framework\system\CodeIgniter.php(324): CodeIgniter\CodeIgniter->handleRequest(NULL, Object(Config\Cache), false)
#8 C:\Users\dell\sid\public\index.php(44): CodeIgniter\CodeIgniter->run()
#9 C:\Users\dell\sid\vendor\codeigniter4\framework\system\Commands\Server\rewrite.php(45): require_once('C:\\Users\\dell\\s...')
#10 {main}
CRITICAL - 2021-03-16 21:40:19 --> Trying to get property 'menu' of non-object
#0 C:\Users\dell\sid\app\Views\menu\edit.php(56): CodeIgniter\Debug\Exceptions->errorHandler(8, 'Trying to get p...', 'C:\\Users\\dell\\s...', 56, Array)
#1 C:\Users\dell\sid\vendor\codeigniter4\framework\system\View\View.php(220): include('C:\\Users\\dell\\s...')
#2 C:\Users\dell\sid\vendor\codeigniter4\framework\system\View\View.php(222): CodeIgniter\View\View->CodeIgniter\View\{closure}()
#3 C:\Users\dell\sid\vendor\codeigniter4\framework\system\Common.php(1217): CodeIgniter\View\View->render('menu/edit', Array, true)
#4 C:\Users\dell\sid\app\Controllers\Menu\Menu.php(48): view('menu/edit', Array)
#5 C:\Users\dell\sid\vendor\codeigniter4\framework\system\CodeIgniter.php(878): App\Controllers\Menu\Menu->edit('menuasd')
#6 C:\Users\dell\sid\vendor\codeigniter4\framework\system\CodeIgniter.php(413): CodeIgniter\CodeIgniter->runController(Object(App\Controllers\Menu\Menu))
#7 C:\Users\dell\sid\vendor\codeigniter4\framework\system\CodeIgniter.php(324): CodeIgniter\CodeIgniter->handleRequest(NULL, Object(Config\Cache), false)
#8 C:\Users\dell\sid\public\index.php(44): CodeIgniter\CodeIgniter->run()
#9 C:\Users\dell\sid\vendor\codeigniter4\framework\system\Commands\Server\rewrite.php(45): require_once('C:\\Users\\dell\\s...')
#10 {main}
CRITICAL - 2021-03-16 21:41:53 --> syntax error, unexpected 'throw' (T_THROW)
#0 C:\Users\dell\sid\vendor\codeigniter4\framework\system\Autoloader\Autoloader.php(265): CodeIgniter\Autoloader\Autoloader->includeFile('C:\\Users\\dell\\s...')
#1 C:\Users\dell\sid\vendor\codeigniter4\framework\system\Autoloader\Autoloader.php(228): CodeIgniter\Autoloader\Autoloader->loadInNamespace('App\\Models\\Menu...')
#2 [internal function]: CodeIgniter\Autoloader\Autoloader->loadClass('App\\Models\\Menu...')
#3 C:\Users\dell\sid\app\Controllers\BaseController.php(52): spl_autoload_call('App\\Models\\Menu...')
#4 C:\Users\dell\sid\vendor\codeigniter4\framework\system\CodeIgniter.php(854): App\Controllers\BaseController->initController(Object(CodeIgniter\HTTP\IncomingRequest), Object(CodeIgniter\HTTP\Response), Object(CodeIgniter\Log\Logger))
#5 C:\Users\dell\sid\vendor\codeigniter4\framework\system\CodeIgniter.php(404): CodeIgniter\CodeIgniter->createController()
#6 C:\Users\dell\sid\vendor\codeigniter4\framework\system\CodeIgniter.php(324): CodeIgniter\CodeIgniter->handleRequest(NULL, Object(Config\Cache), false)
#7 C:\Users\dell\sid\public\index.php(44): CodeIgniter\CodeIgniter->run()
#8 C:\Users\dell\sid\vendor\codeigniter4\framework\system\Commands\Server\rewrite.php(45): require_once('C:\\Users\\dell\\s...')
#9 {main}
CRITICAL - 2021-03-16 21:43:26 --> Trying to get property 'menu' of non-object
#0 C:\Users\dell\sid\app\Views\menu\edit.php(56): CodeIgniter\Debug\Exceptions->errorHandler(8, 'Trying to get p...', 'C:\\Users\\dell\\s...', 56, Array)
#1 C:\Users\dell\sid\vendor\codeigniter4\framework\system\View\View.php(220): include('C:\\Users\\dell\\s...')
#2 C:\Users\dell\sid\vendor\codeigniter4\framework\system\View\View.php(222): CodeIgniter\View\View->CodeIgniter\View\{closure}()
#3 C:\Users\dell\sid\vendor\codeigniter4\framework\system\Common.php(1217): CodeIgniter\View\View->render('menu/edit', Array, true)
#4 C:\Users\dell\sid\app\Controllers\Menu\Menu.php(48): view('menu/edit', Array)
#5 C:\Users\dell\sid\vendor\codeigniter4\framework\system\CodeIgniter.php(878): App\Controllers\Menu\Menu->edit('menuasd')
#6 C:\Users\dell\sid\vendor\codeigniter4\framework\system\CodeIgniter.php(413): CodeIgniter\CodeIgniter->runController(Object(App\Controllers\Menu\Menu))
#7 C:\Users\dell\sid\vendor\codeigniter4\framework\system\CodeIgniter.php(324): CodeIgniter\CodeIgniter->handleRequest(NULL, Object(Config\Cache), false)
#8 C:\Users\dell\sid\public\index.php(44): CodeIgniter\CodeIgniter->run()
#9 C:\Users\dell\sid\vendor\codeigniter4\framework\system\Commands\Server\rewrite.php(45): require_once('C:\\Users\\dell\\s...')
#10 {main}
CRITICAL - 2021-03-16 21:44:56 --> Trying to get property 'menu' of non-object
#0 C:\Users\dell\sid\app\Views\menu\edit.php(56): CodeIgniter\Debug\Exceptions->errorHandler(8, 'Trying to get p...', 'C:\\Users\\dell\\s...', 56, Array)
#1 C:\Users\dell\sid\vendor\codeigniter4\framework\system\View\View.php(220): include('C:\\Users\\dell\\s...')
#2 C:\Users\dell\sid\vendor\codeigniter4\framework\system\View\View.php(222): CodeIgniter\View\View->CodeIgniter\View\{closure}()
#3 C:\Users\dell\sid\vendor\codeigniter4\framework\system\Common.php(1217): CodeIgniter\View\View->render('menu/edit', Array, true)
#4 C:\Users\dell\sid\app\Controllers\Menu\Menu.php(48): view('menu/edit', Array)
#5 C:\Users\dell\sid\vendor\codeigniter4\framework\system\CodeIgniter.php(878): App\Controllers\Menu\Menu->edit('menu')
#6 C:\Users\dell\sid\vendor\codeigniter4\framework\system\CodeIgniter.php(413): CodeIgniter\CodeIgniter->runController(Object(App\Controllers\Menu\Menu))
#7 C:\Users\dell\sid\vendor\codeigniter4\framework\system\CodeIgniter.php(324): CodeIgniter\CodeIgniter->handleRequest(NULL, Object(Config\Cache), false)
#8 C:\Users\dell\sid\public\index.php(44): CodeIgniter\CodeIgniter->run()
#9 C:\Users\dell\sid\vendor\codeigniter4\framework\system\Commands\Server\rewrite.php(45): require_once('C:\\Users\\dell\\s...')
#10 {main}
CRITICAL - 2021-03-16 21:45:25 --> Trying to get property 'menu' of non-object
#0 C:\Users\dell\sid\app\Views\menu\edit.php(56): CodeIgniter\Debug\Exceptions->errorHandler(8, 'Trying to get p...', 'C:\\Users\\dell\\s...', 56, Array)
#1 C:\Users\dell\sid\vendor\codeigniter4\framework\system\View\View.php(220): include('C:\\Users\\dell\\s...')
#2 C:\Users\dell\sid\vendor\codeigniter4\framework\system\View\View.php(222): CodeIgniter\View\View->CodeIgniter\View\{closure}()
#3 C:\Users\dell\sid\vendor\codeigniter4\framework\system\Common.php(1217): CodeIgniter\View\View->render('menu/edit', Array, true)
#4 C:\Users\dell\sid\app\Controllers\Menu\Menu.php(48): view('menu/edit', Array)
#5 C:\Users\dell\sid\vendor\codeigniter4\framework\system\CodeIgniter.php(878): App\Controllers\Menu\Menu->edit('menu')
#6 C:\Users\dell\sid\vendor\codeigniter4\framework\system\CodeIgniter.php(413): CodeIgniter\CodeIgniter->runController(Object(App\Controllers\Menu\Menu))
#7 C:\Users\dell\sid\vendor\codeigniter4\framework\system\CodeIgniter.php(324): CodeIgniter\CodeIgniter->handleRequest(NULL, Object(Config\Cache), false)
#8 C:\Users\dell\sid\public\index.php(44): CodeIgniter\CodeIgniter->run()
#9 C:\Users\dell\sid\vendor\codeigniter4\framework\system\Commands\Server\rewrite.php(45): require_once('C:\\Users\\dell\\s...')
#10 {main}
CRITICAL - 2021-03-16 21:46:33 --> Undefined property: CodeIgniter\Database\MySQLi\Result::$menu
#0 C:\Users\dell\sid\app\Views\menu\edit.php(56): CodeIgniter\Debug\Exceptions->errorHandler(8, 'Undefined prope...', 'C:\\Users\\dell\\s...', 56, Array)
#1 C:\Users\dell\sid\vendor\codeigniter4\framework\system\View\View.php(220): include('C:\\Users\\dell\\s...')
#2 C:\Users\dell\sid\vendor\codeigniter4\framework\system\View\View.php(222): CodeIgniter\View\View->CodeIgniter\View\{closure}()
#3 C:\Users\dell\sid\vendor\codeigniter4\framework\system\Common.php(1217): CodeIgniter\View\View->render('menu/edit', Array, true)
#4 C:\Users\dell\sid\app\Controllers\Menu\Menu.php(48): view('menu/edit', Array)
#5 C:\Users\dell\sid\vendor\codeigniter4\framework\system\CodeIgniter.php(878): App\Controllers\Menu\Menu->edit('menu')
#6 C:\Users\dell\sid\vendor\codeigniter4\framework\system\CodeIgniter.php(413): CodeIgniter\CodeIgniter->runController(Object(App\Controllers\Menu\Menu))
#7 C:\Users\dell\sid\vendor\codeigniter4\framework\system\CodeIgniter.php(324): CodeIgniter\CodeIgniter->handleRequest(NULL, Object(Config\Cache), false)
#8 C:\Users\dell\sid\public\index.php(44): CodeIgniter\CodeIgniter->run()
#9 C:\Users\dell\sid\vendor\codeigniter4\framework\system\Commands\Server\rewrite.php(45): require_once('C:\\Users\\dell\\s...')
#10 {main}
