CRITICAL - 2021-03-19 02:58:14 --> Undefined variable: jsonData
#0 C:\Users\dell\sid\app\Views\layout\index.php(113): CodeIgniter\Debug\Exceptions->errorHandler(8, 'Undefined varia...', 'C:\\Users\\dell\\s...', 113, Array)
#1 C:\Users\dell\sid\vendor\codeigniter4\framework\system\View\View.php(220): include('C:\\Users\\dell\\s...')
#2 C:\Users\dell\sid\vendor\codeigniter4\framework\system\View\View.php(222): CodeIgniter\View\View->CodeIgniter\View\{closure}()
#3 C:\Users\dell\sid\vendor\codeigniter4\framework\system\View\View.php(236): CodeIgniter\View\View->render('layout/index', Array, true)
#4 C:\Users\dell\sid\vendor\codeigniter4\framework\system\View\View.php(236): CodeIgniter\View\View->render('layout/template', Array, true)
#5 C:\Users\dell\sid\vendor\codeigniter4\framework\system\Common.php(1217): CodeIgniter\View\View->render('menu/submenu/in...', Array, true)
#6 C:\Users\dell\sid\app\Controllers\Menu\Submenu.php(15): view('menu/submenu/in...', Array)
#7 C:\Users\dell\sid\vendor\codeigniter4\framework\system\CodeIgniter.php(878): App\Controllers\Menu\Submenu->index()
#8 C:\Users\dell\sid\vendor\codeigniter4\framework\system\CodeIgniter.php(413): CodeIgniter\CodeIgniter->runController(Object(App\Controllers\Menu\Submenu))
#9 C:\Users\dell\sid\vendor\codeigniter4\framework\system\CodeIgniter.php(324): CodeIgniter\CodeIgniter->handleRequest(NULL, Object(Config\Cache), false)
#10 C:\Users\dell\sid\public\index.php(44): CodeIgniter\CodeIgniter->run()
#11 C:\Users\dell\sid\vendor\codeigniter4\framework\system\Commands\Server\rewrite.php(45): require_once('C:\\Users\\dell\\s...')
#12 {main}
CRITICAL - 2021-03-19 03:08:25 --> Call to undefined method App\Controllers\Menu\Submenu::respond()
#0 C:\Users\dell\sid\vendor\codeigniter4\framework\system\CodeIgniter.php(878): App\Controllers\Menu\Submenu->json()
#1 C:\Users\dell\sid\vendor\codeigniter4\framework\system\CodeIgniter.php(413): CodeIgniter\CodeIgniter->runController(Object(App\Controllers\Menu\Submenu))
#2 C:\Users\dell\sid\vendor\codeigniter4\framework\system\CodeIgniter.php(324): CodeIgniter\CodeIgniter->handleRequest(NULL, Object(Config\Cache), false)
#3 C:\Users\dell\sid\public\index.php(44): CodeIgniter\CodeIgniter->run()
#4 C:\Users\dell\sid\vendor\codeigniter4\framework\system\Commands\Server\rewrite.php(45): require_once('C:\\Users\\dell\\s...')
#5 {main}
CRITICAL - 2021-03-19 03:24:06 --> syntax error, unexpected ':', expecting ']'
#0 C:\Users\dell\sid\vendor\codeigniter4\framework\system\Autoloader\Autoloader.php(265): CodeIgniter\Autoloader\Autoloader->includeFile('C:\\Users\\dell\\s...')
#1 C:\Users\dell\sid\vendor\codeigniter4\framework\system\Autoloader\Autoloader.php(228): CodeIgniter\Autoloader\Autoloader->loadInNamespace('App\\Controllers...')
#2 [internal function]: CodeIgniter\Autoloader\Autoloader->loadClass('App\\Controllers...')
#3 [internal function]: spl_autoload_call('App\\Controllers...')
#4 C:\Users\dell\sid\vendor\codeigniter4\framework\system\CodeIgniter.php(839): class_exists('\\App\\Controller...', true)
#5 C:\Users\dell\sid\vendor\codeigniter4\framework\system\CodeIgniter.php(400): CodeIgniter\CodeIgniter->startController()
#6 C:\Users\dell\sid\vendor\codeigniter4\framework\system\CodeIgniter.php(324): CodeIgniter\CodeIgniter->handleRequest(NULL, Object(Config\Cache), false)
#7 C:\Users\dell\sid\public\index.php(44): CodeIgniter\CodeIgniter->run()
#8 C:\Users\dell\sid\vendor\codeigniter4\framework\system\Commands\Server\rewrite.php(45): require_once('C:\\Users\\dell\\s...')
#9 {main}
CRITICAL - 2021-03-19 11:53:49 --> Undefined property: App\Controllers\Json::$submenuModel
#0 C:\Users\dell\sid\app\Controllers\Json.php(23): CodeIgniter\Debug\Exceptions->errorHandler(8, 'Undefined prope...', 'C:\\Users\\dell\\s...', 23, Array)
#1 C:\Users\dell\sid\vendor\codeigniter4\framework\system\CodeIgniter.php(878): App\Controllers\Json->api()
#2 C:\Users\dell\sid\vendor\codeigniter4\framework\system\CodeIgniter.php(413): CodeIgniter\CodeIgniter->runController(Object(App\Controllers\Json))
#3 C:\Users\dell\sid\vendor\codeigniter4\framework\system\CodeIgniter.php(324): CodeIgniter\CodeIgniter->handleRequest(NULL, Object(Config\Cache), false)
#4 C:\Users\dell\sid\public\index.php(44): CodeIgniter\CodeIgniter->run()
#5 C:\Users\dell\sid\vendor\codeigniter4\framework\system\Commands\Server\rewrite.php(45): require_once('C:\\Users\\dell\\s...')
#6 {main}
CRITICAL - 2021-03-19 12:05:13 --> Undefined variable: submenu
#0 C:\Users\dell\sid\app\Views\menu\submenu\index.php(88): CodeIgniter\Debug\Exceptions->errorHandler(8, 'Undefined varia...', 'C:\\Users\\dell\\s...', 88, Array)
#1 C:\Users\dell\sid\vendor\codeigniter4\framework\system\View\View.php(220): include('C:\\Users\\dell\\s...')
#2 C:\Users\dell\sid\vendor\codeigniter4\framework\system\View\View.php(222): CodeIgniter\View\View->CodeIgniter\View\{closure}()
#3 C:\Users\dell\sid\vendor\codeigniter4\framework\system\Common.php(1217): CodeIgniter\View\View->render('menu/submenu/in...', Array, true)
#4 C:\Users\dell\sid\app\Controllers\Menu\Submenu.php(15): view('menu/submenu/in...', Array)
#5 C:\Users\dell\sid\vendor\codeigniter4\framework\system\CodeIgniter.php(878): App\Controllers\Menu\Submenu->index()
#6 C:\Users\dell\sid\vendor\codeigniter4\framework\system\CodeIgniter.php(413): CodeIgniter\CodeIgniter->runController(Object(App\Controllers\Menu\Submenu))
#7 C:\Users\dell\sid\vendor\codeigniter4\framework\system\CodeIgniter.php(324): CodeIgniter\CodeIgniter->handleRequest(NULL, Object(Config\Cache), false)
#8 C:\Users\dell\sid\public\index.php(44): CodeIgniter\CodeIgniter->run()
#9 C:\Users\dell\sid\vendor\codeigniter4\framework\system\Commands\Server\rewrite.php(45): require_once('C:\\Users\\dell\\s...')
#10 {main}
CRITICAL - 2021-03-19 12:06:26 --> Undefined variable: pager
#0 C:\Users\dell\sid\app\Views\menu\submenu\index.php(104): CodeIgniter\Debug\Exceptions->errorHandler(8, 'Undefined varia...', 'C:\\Users\\dell\\s...', 104, Array)
#1 C:\Users\dell\sid\vendor\codeigniter4\framework\system\View\View.php(220): include('C:\\Users\\dell\\s...')
#2 C:\Users\dell\sid\vendor\codeigniter4\framework\system\View\View.php(222): CodeIgniter\View\View->CodeIgniter\View\{closure}()
#3 C:\Users\dell\sid\vendor\codeigniter4\framework\system\Common.php(1217): CodeIgniter\View\View->render('menu/submenu/in...', Array, true)
#4 C:\Users\dell\sid\app\Controllers\Menu\Submenu.php(15): view('menu/submenu/in...', Array)
#5 C:\Users\dell\sid\vendor\codeigniter4\framework\system\CodeIgniter.php(878): App\Controllers\Menu\Submenu->index()
#6 C:\Users\dell\sid\vendor\codeigniter4\framework\system\CodeIgniter.php(413): CodeIgniter\CodeIgniter->runController(Object(App\Controllers\Menu\Submenu))
#7 C:\Users\dell\sid\vendor\codeigniter4\framework\system\CodeIgniter.php(324): CodeIgniter\CodeIgniter->handleRequest(NULL, Object(Config\Cache), false)
#8 C:\Users\dell\sid\public\index.php(44): CodeIgniter\CodeIgniter->run()
#9 C:\Users\dell\sid\vendor\codeigniter4\framework\system\Commands\Server\rewrite.php(45): require_once('C:\\Users\\dell\\s...')
#10 {main}
CRITICAL - 2021-03-19 12:31:28 --> Undefined variable: validation
#0 C:\Users\dell\sid\app\Views\menu\index.php(48): CodeIgniter\Debug\Exceptions->errorHandler(8, 'Undefined varia...', 'C:\\Users\\dell\\s...', 48, Array)
#1 C:\Users\dell\sid\vendor\codeigniter4\framework\system\View\View.php(220): include('C:\\Users\\dell\\s...')
#2 C:\Users\dell\sid\vendor\codeigniter4\framework\system\View\View.php(222): CodeIgniter\View\View->CodeIgniter\View\{closure}()
#3 C:\Users\dell\sid\vendor\codeigniter4\framework\system\Common.php(1217): CodeIgniter\View\View->render('menu/index', Array, true)
#4 C:\Users\dell\sid\app\Controllers\Menu\Menu.php(16): view('menu/index', Array)
#5 C:\Users\dell\sid\vendor\codeigniter4\framework\system\CodeIgniter.php(878): App\Controllers\Menu\Menu->index()
#6 C:\Users\dell\sid\vendor\codeigniter4\framework\system\CodeIgniter.php(413): CodeIgniter\CodeIgniter->runController(Object(App\Controllers\Menu\Menu))
#7 C:\Users\dell\sid\vendor\codeigniter4\framework\system\CodeIgniter.php(324): CodeIgniter\CodeIgniter->handleRequest(NULL, Object(Config\Cache), false)
#8 C:\Users\dell\sid\public\index.php(44): CodeIgniter\CodeIgniter->run()
#9 C:\Users\dell\sid\vendor\codeigniter4\framework\system\Commands\Server\rewrite.php(45): require_once('C:\\Users\\dell\\s...')
#10 {main}
CRITICAL - 2021-03-19 12:31:46 --> Undefined variable: group
#0 C:\Users\dell\sid\app\Views\menu\index.php(69): CodeIgniter\Debug\Exceptions->errorHandler(8, 'Undefined varia...', 'C:\\Users\\dell\\s...', 69, Array)
#1 C:\Users\dell\sid\vendor\codeigniter4\framework\system\View\View.php(220): include('C:\\Users\\dell\\s...')
#2 C:\Users\dell\sid\vendor\codeigniter4\framework\system\View\View.php(222): CodeIgniter\View\View->CodeIgniter\View\{closure}()
#3 C:\Users\dell\sid\vendor\codeigniter4\framework\system\Common.php(1217): CodeIgniter\View\View->render('menu/index', Array, true)
#4 C:\Users\dell\sid\app\Controllers\Menu\Menu.php(16): view('menu/index', Array)
#5 C:\Users\dell\sid\vendor\codeigniter4\framework\system\CodeIgniter.php(878): App\Controllers\Menu\Menu->index()
#6 C:\Users\dell\sid\vendor\codeigniter4\framework\system\CodeIgniter.php(413): CodeIgniter\CodeIgniter->runController(Object(App\Controllers\Menu\Menu))
#7 C:\Users\dell\sid\vendor\codeigniter4\framework\system\CodeIgniter.php(324): CodeIgniter\CodeIgniter->handleRequest(NULL, Object(Config\Cache), false)
#8 C:\Users\dell\sid\public\index.php(44): CodeIgniter\CodeIgniter->run()
#9 C:\Users\dell\sid\vendor\codeigniter4\framework\system\Commands\Server\rewrite.php(45): require_once('C:\\Users\\dell\\s...')
#10 {main}
CRITICAL - 2021-03-19 12:41:30 --> Invalid file: layout/header.php
#0 C:\Users\dell\sid\vendor\codeigniter4\framework\system\View\View.php(203): CodeIgniter\Exceptions\FrameworkException::forInvalidFile('layout/header.p...')
#1 C:\Users\dell\sid\vendor\codeigniter4\framework\system\View\View.php(468): CodeIgniter\View\View->render('layout/header', NULL, true)
#2 C:\Users\dell\sid\app\Views\layout\template.php(10): CodeIgniter\View\View->include('layout/header')
#3 C:\Users\dell\sid\vendor\codeigniter4\framework\system\View\View.php(220): include('C:\\Users\\dell\\s...')
#4 C:\Users\dell\sid\vendor\codeigniter4\framework\system\View\View.php(222): CodeIgniter\View\View->CodeIgniter\View\{closure}()
#5 C:\Users\dell\sid\vendor\codeigniter4\framework\system\View\View.php(236): CodeIgniter\View\View->render('layout/template', Array, true)
#6 C:\Users\dell\sid\vendor\codeigniter4\framework\system\Common.php(1217): CodeIgniter\View\View->render('menu/submenu/in...', Array, true)
#7 C:\Users\dell\sid\app\Controllers\Menu\Submenu.php(15): view('menu/submenu/in...', Array)
#8 C:\Users\dell\sid\vendor\codeigniter4\framework\system\CodeIgniter.php(878): App\Controllers\Menu\Submenu->index()
#9 C:\Users\dell\sid\vendor\codeigniter4\framework\system\CodeIgniter.php(413): CodeIgniter\CodeIgniter->runController(Object(App\Controllers\Menu\Submenu))
#10 C:\Users\dell\sid\vendor\codeigniter4\framework\system\CodeIgniter.php(324): CodeIgniter\CodeIgniter->handleRequest(NULL, Object(Config\Cache), false)
#11 C:\Users\dell\sid\public\index.php(44): CodeIgniter\CodeIgniter->run()
#12 C:\Users\dell\sid\vendor\codeigniter4\framework\system\Commands\Server\rewrite.php(45): require_once('C:\\Users\\dell\\s...')
#13 {main}
CRITICAL - 2021-03-19 13:04:01 --> Undefined variable: m
#0 C:\Users\dell\sid\app\Views\menu\submenu\index.php(88): CodeIgniter\Debug\Exceptions->errorHandler(8, 'Undefined varia...', 'C:\\Users\\dell\\s...', 88, Array)
#1 C:\Users\dell\sid\vendor\codeigniter4\framework\system\View\View.php(220): include('C:\\Users\\dell\\s...')
#2 C:\Users\dell\sid\vendor\codeigniter4\framework\system\View\View.php(222): CodeIgniter\View\View->CodeIgniter\View\{closure}()
#3 C:\Users\dell\sid\vendor\codeigniter4\framework\system\Common.php(1217): CodeIgniter\View\View->render('menu/submenu/in...', Array, true)
#4 C:\Users\dell\sid\app\Controllers\Menu\Submenu.php(15): view('menu/submenu/in...', Array)
#5 C:\Users\dell\sid\vendor\codeigniter4\framework\system\CodeIgniter.php(878): App\Controllers\Menu\Submenu->index()
#6 C:\Users\dell\sid\vendor\codeigniter4\framework\system\CodeIgniter.php(413): CodeIgniter\CodeIgniter->runController(Object(App\Controllers\Menu\Submenu))
#7 C:\Users\dell\sid\vendor\codeigniter4\framework\system\CodeIgniter.php(324): CodeIgniter\CodeIgniter->handleRequest(NULL, Object(Config\Cache), false)
#8 C:\Users\dell\sid\public\index.php(44): CodeIgniter\CodeIgniter->run()
#9 C:\Users\dell\sid\vendor\codeigniter4\framework\system\Commands\Server\rewrite.php(45): require_once('C:\\Users\\dell\\s...')
#10 {main}
CRITICAL - 2021-03-19 13:04:25 --> Undefined variable: m
#0 C:\Users\dell\sid\app\Views\menu\submenu\index.php(88): CodeIgniter\Debug\Exceptions->errorHandler(8, 'Undefined varia...', 'C:\\Users\\dell\\s...', 88, Array)
#1 C:\Users\dell\sid\vendor\codeigniter4\framework\system\View\View.php(220): include('C:\\Users\\dell\\s...')
#2 C:\Users\dell\sid\vendor\codeigniter4\framework\system\View\View.php(222): CodeIgniter\View\View->CodeIgniter\View\{closure}()
#3 C:\Users\dell\sid\vendor\codeigniter4\framework\system\Common.php(1217): CodeIgniter\View\View->render('menu/submenu/in...', Array, true)
#4 C:\Users\dell\sid\app\Controllers\Menu\Submenu.php(15): view('menu/submenu/in...', Array)
#5 C:\Users\dell\sid\vendor\codeigniter4\framework\system\CodeIgniter.php(878): App\Controllers\Menu\Submenu->index()
#6 C:\Users\dell\sid\vendor\codeigniter4\framework\system\CodeIgniter.php(413): CodeIgniter\CodeIgniter->runController(Object(App\Controllers\Menu\Submenu))
#7 C:\Users\dell\sid\vendor\codeigniter4\framework\system\CodeIgniter.php(324): CodeIgniter\CodeIgniter->handleRequest(NULL, Object(Config\Cache), false)
#8 C:\Users\dell\sid\public\index.php(44): CodeIgniter\CodeIgniter->run()
#9 C:\Users\dell\sid\vendor\codeigniter4\framework\system\Commands\Server\rewrite.php(45): require_once('C:\\Users\\dell\\s...')
#10 {main}
CRITICAL - 2021-03-19 13:33:56 --> Undefined variable: pager
#0 C:\Users\dell\sid\app\Views\menu\index.php(104): CodeIgniter\Debug\Exceptions->errorHandler(8, 'Undefined varia...', 'C:\\Users\\dell\\s...', 104, Array)
#1 C:\Users\dell\sid\vendor\codeigniter4\framework\system\View\View.php(220): include('C:\\Users\\dell\\s...')
#2 C:\Users\dell\sid\vendor\codeigniter4\framework\system\View\View.php(222): CodeIgniter\View\View->CodeIgniter\View\{closure}()
#3 C:\Users\dell\sid\vendor\codeigniter4\framework\system\Common.php(1217): CodeIgniter\View\View->render('menu/index', Array, true)
#4 C:\Users\dell\sid\app\Controllers\Menu\Menu.php(18): view('menu/index', Array)
#5 C:\Users\dell\sid\vendor\codeigniter4\framework\system\CodeIgniter.php(878): App\Controllers\Menu\Menu->index()
#6 C:\Users\dell\sid\vendor\codeigniter4\framework\system\CodeIgniter.php(413): CodeIgniter\CodeIgniter->runController(Object(App\Controllers\Menu\Menu))
#7 C:\Users\dell\sid\vendor\codeigniter4\framework\system\CodeIgniter.php(324): CodeIgniter\CodeIgniter->handleRequest(NULL, Object(Config\Cache), false)
#8 C:\Users\dell\sid\public\index.php(44): CodeIgniter\CodeIgniter->run()
#9 C:\Users\dell\sid\vendor\codeigniter4\framework\system\Commands\Server\rewrite.php(45): require_once('C:\\Users\\dell\\s...')
#10 {main}
ERROR - 2021-03-19 13:37:19 --> mysqli_sql_exception: Operand should contain 1 column(s) in C:\Users\dell\sid\vendor\codeigniter4\framework\system\Database\MySQLi\Connection.php:314
Stack trace:
#0 C:\Users\dell\sid\vendor\codeigniter4\framework\system\Database\MySQLi\Connection.php(314): mysqli->query('SELECT *\nFROM `...')
#1 C:\Users\dell\sid\vendor\codeigniter4\framework\system\Database\BaseConnection.php(713): CodeIgniter\Database\MySQLi\Connection->execute('SELECT *\nFROM `...')
#2 C:\Users\dell\sid\vendor\codeigniter4\framework\system\Database\BaseConnection.php(641): CodeIgniter\Database\BaseConnection->simpleQuery('SELECT *\nFROM `...')
#3 C:\Users\dell\sid\vendor\codeigniter4\framework\system\Database\BaseBuilder.php(1866): CodeIgniter\Database\BaseConnection->query('SELECT *\nFROM `...', Array, false)
#4 C:\Users\dell\sid\vendor\codeigniter4\framework\system\Model.php(213): CodeIgniter\Database\BaseBuilder->get()
#5 C:\Users\dell\sid\vendor\codeigniter4\framework\system\BaseModel.php(583): CodeIgniter\Model->doFindAll(0, 0)
#6 C:\Users\dell\sid\app\Controllers\Menu\Menu.php(15): CodeIgniter\BaseModel->findAll()
#7 C:\Users\dell\sid\vendor\codeigniter4\framework\system\CodeIgniter.php(878): App\Controllers\Menu\Menu->index()
#8 C:\Users\dell\sid\vendor\codeigniter4\framework\system\CodeIgniter.php(413): CodeIgniter\CodeIgniter->runController(Object(App\Controllers\Menu\Menu))
#9 C:\Users\dell\sid\vendor\codeigniter4\framework\system\CodeIgniter.php(324): CodeIgniter\CodeIgniter->handleRequest(NULL, Object(Config\Cache), false)
#10 C:\Users\dell\sid\public\index.php(44): CodeIgniter\CodeIgniter->run()
#11 C:\Users\dell\sid\vendor\codeigniter4\framework\system\Commands\Server\rewrite.php(45): require_once('C:\\Users\\dell\\s...')
#12 {main}
CRITICAL - 2021-03-19 13:37:19 --> Operand should contain 1 column(s)
#0 C:\Users\dell\sid\vendor\codeigniter4\framework\system\Database\MySQLi\Connection.php(314): mysqli->query('SELECT *\nFROM `...')
#1 C:\Users\dell\sid\vendor\codeigniter4\framework\system\Database\BaseConnection.php(713): CodeIgniter\Database\MySQLi\Connection->execute('SELECT *\nFROM `...')
#2 C:\Users\dell\sid\vendor\codeigniter4\framework\system\Database\BaseConnection.php(641): CodeIgniter\Database\BaseConnection->simpleQuery('SELECT *\nFROM `...')
#3 C:\Users\dell\sid\vendor\codeigniter4\framework\system\Database\BaseBuilder.php(1866): CodeIgniter\Database\BaseConnection->query('SELECT *\nFROM `...', Array, false)
#4 C:\Users\dell\sid\vendor\codeigniter4\framework\system\Model.php(213): CodeIgniter\Database\BaseBuilder->get()
#5 C:\Users\dell\sid\vendor\codeigniter4\framework\system\BaseModel.php(583): CodeIgniter\Model->doFindAll(0, 0)
#6 C:\Users\dell\sid\app\Controllers\Menu\Menu.php(15): CodeIgniter\BaseModel->findAll()
#7 C:\Users\dell\sid\vendor\codeigniter4\framework\system\CodeIgniter.php(878): App\Controllers\Menu\Menu->index()
#8 C:\Users\dell\sid\vendor\codeigniter4\framework\system\CodeIgniter.php(413): CodeIgniter\CodeIgniter->runController(Object(App\Controllers\Menu\Menu))
#9 C:\Users\dell\sid\vendor\codeigniter4\framework\system\CodeIgniter.php(324): CodeIgniter\CodeIgniter->handleRequest(NULL, Object(Config\Cache), false)
#10 C:\Users\dell\sid\public\index.php(44): CodeIgniter\CodeIgniter->run()
#11 C:\Users\dell\sid\vendor\codeigniter4\framework\system\Commands\Server\rewrite.php(45): require_once('C:\\Users\\dell\\s...')
#12 {main}
CRITICAL - 2021-03-19 13:45:37 --> syntax error, unexpected '->' (T_OBJECT_OPERATOR), expecting ')'
#0 C:\Users\dell\sid\vendor\codeigniter4\framework\system\Autoloader\Autoloader.php(265): CodeIgniter\Autoloader\Autoloader->includeFile('C:\\Users\\dell\\s...')
#1 C:\Users\dell\sid\vendor\codeigniter4\framework\system\Autoloader\Autoloader.php(228): CodeIgniter\Autoloader\Autoloader->loadInNamespace('App\\Controllers...')
#2 [internal function]: CodeIgniter\Autoloader\Autoloader->loadClass('App\\Controllers...')
#3 [internal function]: spl_autoload_call('App\\Controllers...')
#4 C:\Users\dell\sid\vendor\codeigniter4\framework\system\CodeIgniter.php(839): class_exists('\\App\\Controller...', true)
#5 C:\Users\dell\sid\vendor\codeigniter4\framework\system\CodeIgniter.php(400): CodeIgniter\CodeIgniter->startController()
#6 C:\Users\dell\sid\vendor\codeigniter4\framework\system\CodeIgniter.php(324): CodeIgniter\CodeIgniter->handleRequest(NULL, Object(Config\Cache), false)
#7 C:\Users\dell\sid\public\index.php(44): CodeIgniter\CodeIgniter->run()
#8 C:\Users\dell\sid\vendor\codeigniter4\framework\system\Commands\Server\rewrite.php(45): require_once('C:\\Users\\dell\\s...')
#9 {main}
CRITICAL - 2021-03-19 17:34:22 --> Undefined property: stdClass::$slug
#0 C:\Users\dell\sid\app\Views\menu\submenu\index.php(85): CodeIgniter\Debug\Exceptions->errorHandler(8, 'Undefined prope...', 'C:\\Users\\dell\\s...', 85, Array)
#1 C:\Users\dell\sid\vendor\codeigniter4\framework\system\View\View.php(220): include('C:\\Users\\dell\\s...')
#2 C:\Users\dell\sid\vendor\codeigniter4\framework\system\View\View.php(222): CodeIgniter\View\View->CodeIgniter\View\{closure}()
#3 C:\Users\dell\sid\vendor\codeigniter4\framework\system\Common.php(1217): CodeIgniter\View\View->render('menu/submenu/in...', Array, true)
#4 C:\Users\dell\sid\app\Controllers\Menu\Submenu.php(15): view('menu/submenu/in...', Array)
#5 C:\Users\dell\sid\vendor\codeigniter4\framework\system\CodeIgniter.php(878): App\Controllers\Menu\Submenu->index()
#6 C:\Users\dell\sid\vendor\codeigniter4\framework\system\CodeIgniter.php(413): CodeIgniter\CodeIgniter->runController(Object(App\Controllers\Menu\Submenu))
#7 C:\Users\dell\sid\vendor\codeigniter4\framework\system\CodeIgniter.php(324): CodeIgniter\CodeIgniter->handleRequest(NULL, Object(Config\Cache), false)
#8 C:\Users\dell\sid\public\index.php(44): CodeIgniter\CodeIgniter->run()
#9 C:\Users\dell\sid\vendor\codeigniter4\framework\system\Commands\Server\rewrite.php(45): require_once('C:\\Users\\dell\\s...')
#10 {main}
CRITICAL - 2021-03-19 17:34:34 --> Undefined variable: m
#0 C:\Users\dell\sid\app\Views\menu\submenu\index.php(88): CodeIgniter\Debug\Exceptions->errorHandler(8, 'Undefined varia...', 'C:\\Users\\dell\\s...', 88, Array)
#1 C:\Users\dell\sid\vendor\codeigniter4\framework\system\View\View.php(220): include('C:\\Users\\dell\\s...')
#2 C:\Users\dell\sid\vendor\codeigniter4\framework\system\View\View.php(222): CodeIgniter\View\View->CodeIgniter\View\{closure}()
#3 C:\Users\dell\sid\vendor\codeigniter4\framework\system\Common.php(1217): CodeIgniter\View\View->render('menu/submenu/in...', Array, true)
#4 C:\Users\dell\sid\app\Controllers\Menu\Submenu.php(15): view('menu/submenu/in...', Array)
#5 C:\Users\dell\sid\vendor\codeigniter4\framework\system\CodeIgniter.php(878): App\Controllers\Menu\Submenu->index()
#6 C:\Users\dell\sid\vendor\codeigniter4\framework\system\CodeIgniter.php(413): CodeIgniter\CodeIgniter->runController(Object(App\Controllers\Menu\Submenu))
#7 C:\Users\dell\sid\vendor\codeigniter4\framework\system\CodeIgniter.php(324): CodeIgniter\CodeIgniter->handleRequest(NULL, Object(Config\Cache), false)
#8 C:\Users\dell\sid\public\index.php(44): CodeIgniter\CodeIgniter->run()
#9 C:\Users\dell\sid\vendor\codeigniter4\framework\system\Commands\Server\rewrite.php(45): require_once('C:\\Users\\dell\\s...')
#10 {main}
CRITICAL - 2021-03-19 18:39:31 --> Cannot declare class App\Controllers\Kependudukan\Menu, because the name is already in use
#0 [internal function]: CodeIgniter\Debug\Exceptions->shutdownHandler()
#1 {main}
ERROR - 2021-03-19 18:52:18 --> mysqli_sql_exception: Table 'sid.kependudukan' doesn't exist in C:\Users\dell\sid\vendor\codeigniter4\framework\system\Database\MySQLi\Connection.php:314
Stack trace:
#0 C:\Users\dell\sid\vendor\codeigniter4\framework\system\Database\MySQLi\Connection.php(314): mysqli->query('SELECT *\nFROM `...')
#1 C:\Users\dell\sid\vendor\codeigniter4\framework\system\Database\BaseConnection.php(713): CodeIgniter\Database\MySQLi\Connection->execute('SELECT *\nFROM `...')
#2 C:\Users\dell\sid\vendor\codeigniter4\framework\system\Database\BaseConnection.php(641): CodeIgniter\Database\BaseConnection->simpleQuery('SELECT *\nFROM `...')
#3 C:\Users\dell\sid\vendor\codeigniter4\framework\system\Database\BaseBuilder.php(1866): CodeIgniter\Database\BaseConnection->query('SELECT *\nFROM `...', Array, false)
#4 C:\Users\dell\sid\vendor\codeigniter4\framework\system\Model.php(213): CodeIgniter\Database\BaseBuilder->get()
#5 C:\Users\dell\sid\vendor\codeigniter4\framework\system\BaseModel.php(583): CodeIgniter\Model->doFindAll(0, 0)
#6 C:\Users\dell\sid\app\Controllers\Kependudukan\Kependudukan.php(13): CodeIgniter\BaseModel->findAll()
#7 C:\Users\dell\sid\vendor\codeigniter4\framework\system\CodeIgniter.php(878): App\Controllers\Kependudukan\Kependudukan->index()
#8 C:\Users\dell\sid\vendor\codeigniter4\framework\system\CodeIgniter.php(413): CodeIgniter\CodeIgniter->runController(Object(App\Controllers\Kependudukan\Kependudukan))
#9 C:\Users\dell\sid\vendor\codeigniter4\framework\system\CodeIgniter.php(324): CodeIgniter\CodeIgniter->handleRequest(NULL, Object(Config\Cache), false)
#10 C:\Users\dell\sid\public\index.php(44): CodeIgniter\CodeIgniter->run()
#11 C:\Users\dell\sid\vendor\codeigniter4\framework\system\Commands\Server\rewrite.php(45): require_once('C:\\Users\\dell\\s...')
#12 {main}
CRITICAL - 2021-03-19 18:52:18 --> Table 'sid.kependudukan' doesn't exist
#0 C:\Users\dell\sid\vendor\codeigniter4\framework\system\Database\MySQLi\Connection.php(314): mysqli->query('SELECT *\nFROM `...')
#1 C:\Users\dell\sid\vendor\codeigniter4\framework\system\Database\BaseConnection.php(713): CodeIgniter\Database\MySQLi\Connection->execute('SELECT *\nFROM `...')
#2 C:\Users\dell\sid\vendor\codeigniter4\framework\system\Database\BaseConnection.php(641): CodeIgniter\Database\BaseConnection->simpleQuery('SELECT *\nFROM `...')
#3 C:\Users\dell\sid\vendor\codeigniter4\framework\system\Database\BaseBuilder.php(1866): CodeIgniter\Database\BaseConnection->query('SELECT *\nFROM `...', Array, false)
#4 C:\Users\dell\sid\vendor\codeigniter4\framework\system\Model.php(213): CodeIgniter\Database\BaseBuilder->get()
#5 C:\Users\dell\sid\vendor\codeigniter4\framework\system\BaseModel.php(583): CodeIgniter\Model->doFindAll(0, 0)
#6 C:\Users\dell\sid\app\Controllers\Kependudukan\Kependudukan.php(13): CodeIgniter\BaseModel->findAll()
#7 C:\Users\dell\sid\vendor\codeigniter4\framework\system\CodeIgniter.php(878): App\Controllers\Kependudukan\Kependudukan->index()
#8 C:\Users\dell\sid\vendor\codeigniter4\framework\system\CodeIgniter.php(413): CodeIgniter\CodeIgniter->runController(Object(App\Controllers\Kependudukan\Kependudukan))
#9 C:\Users\dell\sid\vendor\codeigniter4\framework\system\CodeIgniter.php(324): CodeIgniter\CodeIgniter->handleRequest(NULL, Object(Config\Cache), false)
#10 C:\Users\dell\sid\public\index.php(44): CodeIgniter\CodeIgniter->run()
#11 C:\Users\dell\sid\vendor\codeigniter4\framework\system\Commands\Server\rewrite.php(45): require_once('C:\\Users\\dell\\s...')
#12 {main}
CRITICAL - 2021-03-19 18:52:37 --> Undefined property: stdClass::$menu
#0 C:\Users\dell\sid\app\Views\kependudukan\index.php(74): CodeIgniter\Debug\Exceptions->errorHandler(8, 'Undefined prope...', 'C:\\Users\\dell\\s...', 74, Array)
#1 C:\Users\dell\sid\vendor\codeigniter4\framework\system\View\View.php(220): include('C:\\Users\\dell\\s...')
#2 C:\Users\dell\sid\vendor\codeigniter4\framework\system\View\View.php(222): CodeIgniter\View\View->CodeIgniter\View\{closure}()
#3 C:\Users\dell\sid\vendor\codeigniter4\framework\system\Common.php(1217): CodeIgniter\View\View->render('kependudukan/in...', Array, true)
#4 C:\Users\dell\sid\app\Controllers\Kependudukan\Kependudukan.php(15): view('kependudukan/in...', Array)
#5 C:\Users\dell\sid\vendor\codeigniter4\framework\system\CodeIgniter.php(878): App\Controllers\Kependudukan\Kependudukan->index()
#6 C:\Users\dell\sid\vendor\codeigniter4\framework\system\CodeIgniter.php(413): CodeIgniter\CodeIgniter->runController(Object(App\Controllers\Kependudukan\Kependudukan))
#7 C:\Users\dell\sid\vendor\codeigniter4\framework\system\CodeIgniter.php(324): CodeIgniter\CodeIgniter->handleRequest(NULL, Object(Config\Cache), false)
#8 C:\Users\dell\sid\public\index.php(44): CodeIgniter\CodeIgniter->run()
#9 C:\Users\dell\sid\vendor\codeigniter4\framework\system\Commands\Server\rewrite.php(45): require_once('C:\\Users\\dell\\s...')
#10 {main}
ERROR - 2021-03-19 23:37:32 --> mysqli_sql_exception: Table 'sid.penduduk' doesn't exist in C:\Users\dell\sid\vendor\codeigniter4\framework\system\Database\MySQLi\Connection.php:314
Stack trace:
#0 C:\Users\dell\sid\vendor\codeigniter4\framework\system\Database\MySQLi\Connection.php(314): mysqli->query('SELECT *\nFROM `...')
#1 C:\Users\dell\sid\vendor\codeigniter4\framework\system\Database\BaseConnection.php(713): CodeIgniter\Database\MySQLi\Connection->execute('SELECT *\nFROM `...')
#2 C:\Users\dell\sid\vendor\codeigniter4\framework\system\Database\BaseConnection.php(641): CodeIgniter\Database\BaseConnection->simpleQuery('SELECT *\nFROM `...')
#3 C:\Users\dell\sid\vendor\codeigniter4\framework\system\Database\BaseBuilder.php(1866): CodeIgniter\Database\BaseConnection->query('SELECT *\nFROM `...', Array, false)
#4 C:\Users\dell\sid\vendor\codeigniter4\framework\system\Model.php(213): CodeIgniter\Database\BaseBuilder->get()
#5 C:\Users\dell\sid\vendor\codeigniter4\framework\system\BaseModel.php(583): CodeIgniter\Model->doFindAll(0, 0)
#6 C:\Users\dell\sid\app\Controllers\Kependudukan\Kependudukan.php(13): CodeIgniter\BaseModel->findAll()
#7 C:\Users\dell\sid\vendor\codeigniter4\framework\system\CodeIgniter.php(878): App\Controllers\Kependudukan\Kependudukan->index()
#8 C:\Users\dell\sid\vendor\codeigniter4\framework\system\CodeIgniter.php(413): CodeIgniter\CodeIgniter->runController(Object(App\Controllers\Kependudukan\Kependudukan))
#9 C:\Users\dell\sid\vendor\codeigniter4\framework\system\CodeIgniter.php(324): CodeIgniter\CodeIgniter->handleRequest(NULL, Object(Config\Cache), false)
#10 C:\Users\dell\sid\public\index.php(44): CodeIgniter\CodeIgniter->run()
#11 C:\Users\dell\sid\vendor\codeigniter4\framework\system\Commands\Server\rewrite.php(45): require_once('C:\\Users\\dell\\s...')
#12 {main}
CRITICAL - 2021-03-19 23:37:32 --> Table 'sid.penduduk' doesn't exist
#0 C:\Users\dell\sid\vendor\codeigniter4\framework\system\Database\MySQLi\Connection.php(314): mysqli->query('SELECT *\nFROM `...')
#1 C:\Users\dell\sid\vendor\codeigniter4\framework\system\Database\BaseConnection.php(713): CodeIgniter\Database\MySQLi\Connection->execute('SELECT *\nFROM `...')
#2 C:\Users\dell\sid\vendor\codeigniter4\framework\system\Database\BaseConnection.php(641): CodeIgniter\Database\BaseConnection->simpleQuery('SELECT *\nFROM `...')
#3 C:\Users\dell\sid\vendor\codeigniter4\framework\system\Database\BaseBuilder.php(1866): CodeIgniter\Database\BaseConnection->query('SELECT *\nFROM `...', Array, false)
#4 C:\Users\dell\sid\vendor\codeigniter4\framework\system\Model.php(213): CodeIgniter\Database\BaseBuilder->get()
#5 C:\Users\dell\sid\vendor\codeigniter4\framework\system\BaseModel.php(583): CodeIgniter\Model->doFindAll(0, 0)
#6 C:\Users\dell\sid\app\Controllers\Kependudukan\Kependudukan.php(13): CodeIgniter\BaseModel->findAll()
#7 C:\Users\dell\sid\vendor\codeigniter4\framework\system\CodeIgniter.php(878): App\Controllers\Kependudukan\Kependudukan->index()
#8 C:\Users\dell\sid\vendor\codeigniter4\framework\system\CodeIgniter.php(413): CodeIgniter\CodeIgniter->runController(Object(App\Controllers\Kependudukan\Kependudukan))
#9 C:\Users\dell\sid\vendor\codeigniter4\framework\system\CodeIgniter.php(324): CodeIgniter\CodeIgniter->handleRequest(NULL, Object(Config\Cache), false)
#10 C:\Users\dell\sid\public\index.php(44): CodeIgniter\CodeIgniter->run()
#11 C:\Users\dell\sid\vendor\codeigniter4\framework\system\Commands\Server\rewrite.php(45): require_once('C:\\Users\\dell\\s...')
#12 {main}
