CRITICAL - 2021-03-14 04:10:22 --> Class 'Locale' not found
#0 C:\Users\dell\sid\vendor\codeigniter4\framework\system\I18n\Time.php(146): CodeIgniter\I18n\Time->__construct('2021-03-02 20:5...', NULL, NULL)
#1 C:\Users\dell\sid\vendor\codeigniter4\framework\system\Entity.php(518): CodeIgniter\I18n\Time::parse('2021-03-02 20:5...')
#2 C:\Users\dell\sid\vendor\codeigniter4\framework\system\Entity.php(313): CodeIgniter\Entity->mutateDate('2021-03-02 20:5...')
#3 C:\Users\dell\sid\app\Controllers\Manage.php(37): CodeIgniter\Entity->__get('created_at')
#4 C:\Users\dell\sid\vendor\codeigniter4\framework\system\CodeIgniter.php(878): App\Controllers\Manage->index()
#5 C:\Users\dell\sid\vendor\codeigniter4\framework\system\CodeIgniter.php(413): CodeIgniter\CodeIgniter->runController(Object(App\Controllers\Manage))
#6 C:\Users\dell\sid\vendor\codeigniter4\framework\system\CodeIgniter.php(324): CodeIgniter\CodeIgniter->handleRequest(NULL, Object(Config\Cache), false)
#7 C:\Users\dell\sid\public\index.php(44): CodeIgniter\CodeIgniter->run()
#8 C:\Users\dell\sid\vendor\codeigniter4\framework\system\Commands\Server\rewrite.php(45): require_once('C:\\Users\\dell\\s...')
#9 {main}
CRITICAL - 2021-03-14 04:12:39 --> Class 'Locale' not found
#0 C:\Users\dell\sid\vendor\codeigniter4\framework\system\I18n\Time.php(146): CodeIgniter\I18n\Time->__construct('2021-03-02 20:5...', NULL, NULL)
#1 C:\Users\dell\sid\vendor\codeigniter4\framework\system\Entity.php(518): CodeIgniter\I18n\Time::parse('2021-03-02 20:5...')
#2 C:\Users\dell\sid\vendor\codeigniter4\framework\system\Entity.php(313): CodeIgniter\Entity->mutateDate('2021-03-02 20:5...')
#3 C:\Users\dell\sid\app\Controllers\Manage.php(37): CodeIgniter\Entity->__get('created_at')
#4 C:\Users\dell\sid\vendor\codeigniter4\framework\system\CodeIgniter.php(878): App\Controllers\Manage->index()
#5 C:\Users\dell\sid\vendor\codeigniter4\framework\system\CodeIgniter.php(413): CodeIgniter\CodeIgniter->runController(Object(App\Controllers\Manage))
#6 C:\Users\dell\sid\vendor\codeigniter4\framework\system\CodeIgniter.php(324): CodeIgniter\CodeIgniter->handleRequest(NULL, Object(Config\Cache), false)
#7 C:\Users\dell\sid\public\index.php(44): CodeIgniter\CodeIgniter->run()
#8 C:\Users\dell\sid\vendor\codeigniter4\framework\system\Commands\Server\rewrite.php(45): require_once('C:\\Users\\dell\\s...')
#9 {main}
CRITICAL - 2021-03-14 04:17:51 --> Class 'Locale' not found
#0 C:\Users\dell\sid\vendor\codeigniter4\framework\system\I18n\Time.php(146): CodeIgniter\I18n\Time->__construct('2021-03-02 20:5...', NULL, NULL)
#1 C:\Users\dell\sid\vendor\codeigniter4\framework\system\Entity.php(518): CodeIgniter\I18n\Time::parse('2021-03-02 20:5...')
#2 C:\Users\dell\sid\vendor\codeigniter4\framework\system\Entity.php(313): CodeIgniter\Entity->mutateDate('2021-03-02 20:5...')
#3 C:\Users\dell\sid\app\Controllers\Manage.php(37): CodeIgniter\Entity->__get('created_at')
#4 C:\Users\dell\sid\vendor\codeigniter4\framework\system\CodeIgniter.php(878): App\Controllers\Manage->index()
#5 C:\Users\dell\sid\vendor\codeigniter4\framework\system\CodeIgniter.php(413): CodeIgniter\CodeIgniter->runController(Object(App\Controllers\Manage))
#6 C:\Users\dell\sid\vendor\codeigniter4\framework\system\CodeIgniter.php(324): CodeIgniter\CodeIgniter->handleRequest(NULL, Object(Config\Cache), false)
#7 C:\Users\dell\sid\public\index.php(44): CodeIgniter\CodeIgniter->run()
#8 C:\Users\dell\sid\vendor\codeigniter4\framework\system\Commands\Server\rewrite.php(45): require_once('C:\\Users\\dell\\s...')
#9 {main}
CRITICAL - 2021-03-14 04:18:27 --> Class 'Locale' not found
#0 C:\Users\dell\sid\vendor\codeigniter4\framework\system\I18n\Time.php(146): CodeIgniter\I18n\Time->__construct('2021-03-02 20:5...', NULL, NULL)
#1 C:\Users\dell\sid\vendor\codeigniter4\framework\system\Entity.php(518): CodeIgniter\I18n\Time::parse('2021-03-02 20:5...')
#2 C:\Users\dell\sid\vendor\codeigniter4\framework\system\Entity.php(313): CodeIgniter\Entity->mutateDate('2021-03-02 20:5...')
#3 C:\Users\dell\sid\app\Controllers\Manage.php(37): CodeIgniter\Entity->__get('created_at')
#4 C:\Users\dell\sid\vendor\codeigniter4\framework\system\CodeIgniter.php(878): App\Controllers\Manage->index()
#5 C:\Users\dell\sid\vendor\codeigniter4\framework\system\CodeIgniter.php(413): CodeIgniter\CodeIgniter->runController(Object(App\Controllers\Manage))
#6 C:\Users\dell\sid\vendor\codeigniter4\framework\system\CodeIgniter.php(324): CodeIgniter\CodeIgniter->handleRequest(NULL, Object(Config\Cache), false)
#7 C:\Users\dell\sid\public\index.php(44): CodeIgniter\CodeIgniter->run()
#8 C:\Users\dell\sid\vendor\codeigniter4\framework\system\Commands\Server\rewrite.php(45): require_once('C:\\Users\\dell\\s...')
#9 {main}
CRITICAL - 2021-03-14 04:18:34 --> Class 'Locale' not found
#0 C:\Users\dell\sid\vendor\codeigniter4\framework\system\I18n\Time.php(146): CodeIgniter\I18n\Time->__construct('2021-03-02 20:5...', NULL, NULL)
#1 C:\Users\dell\sid\vendor\codeigniter4\framework\system\Entity.php(518): CodeIgniter\I18n\Time::parse('2021-03-02 20:5...')
#2 C:\Users\dell\sid\vendor\codeigniter4\framework\system\Entity.php(313): CodeIgniter\Entity->mutateDate('2021-03-02 20:5...')
#3 C:\Users\dell\sid\app\Controllers\Manage.php(37): CodeIgniter\Entity->__get('created_at')
#4 C:\Users\dell\sid\vendor\codeigniter4\framework\system\CodeIgniter.php(878): App\Controllers\Manage->index()
#5 C:\Users\dell\sid\vendor\codeigniter4\framework\system\CodeIgniter.php(413): CodeIgniter\CodeIgniter->runController(Object(App\Controllers\Manage))
#6 C:\Users\dell\sid\vendor\codeigniter4\framework\system\CodeIgniter.php(324): CodeIgniter\CodeIgniter->handleRequest(NULL, Object(Config\Cache), false)
#7 C:\Users\dell\sid\public\index.php(44): CodeIgniter\CodeIgniter->run()
#8 C:\Users\dell\sid\vendor\codeigniter4\framework\system\Commands\Server\rewrite.php(45): require_once('C:\\Users\\dell\\s...')
#9 {main}
CRITICAL - 2021-03-14 04:19:00 --> Class 'Locale' not found
#0 C:\Users\dell\sid\vendor\codeigniter4\framework\system\I18n\Time.php(146): CodeIgniter\I18n\Time->__construct('2021-03-02 20:5...', NULL, NULL)
#1 C:\Users\dell\sid\vendor\codeigniter4\framework\system\Entity.php(518): CodeIgniter\I18n\Time::parse('2021-03-02 20:5...')
#2 C:\Users\dell\sid\vendor\codeigniter4\framework\system\Entity.php(313): CodeIgniter\Entity->mutateDate('2021-03-02 20:5...')
#3 C:\Users\dell\sid\app\Controllers\Manage.php(37): CodeIgniter\Entity->__get('created_at')
#4 C:\Users\dell\sid\vendor\codeigniter4\framework\system\CodeIgniter.php(878): App\Controllers\Manage->index()
#5 C:\Users\dell\sid\vendor\codeigniter4\framework\system\CodeIgniter.php(413): CodeIgniter\CodeIgniter->runController(Object(App\Controllers\Manage))
#6 C:\Users\dell\sid\vendor\codeigniter4\framework\system\CodeIgniter.php(324): CodeIgniter\CodeIgniter->handleRequest(NULL, Object(Config\Cache), false)
#7 C:\Users\dell\sid\public\index.php(44): CodeIgniter\CodeIgniter->run()
#8 C:\Users\dell\sid\vendor\codeigniter4\framework\system\Commands\Server\rewrite.php(45): require_once('C:\\Users\\dell\\s...')
#9 {main}
CRITICAL - 2021-03-14 04:21:17 --> Class 'Locale' not found
#0 C:\Users\dell\sid\vendor\codeigniter4\framework\system\I18n\Time.php(146): CodeIgniter\I18n\Time->__construct('2021-03-02 20:5...', NULL, NULL)
#1 C:\Users\dell\sid\vendor\codeigniter4\framework\system\Entity.php(518): CodeIgniter\I18n\Time::parse('2021-03-02 20:5...')
#2 C:\Users\dell\sid\vendor\codeigniter4\framework\system\Entity.php(313): CodeIgniter\Entity->mutateDate('2021-03-02 20:5...')
#3 C:\Users\dell\sid\app\Controllers\Manage.php(37): CodeIgniter\Entity->__get('created_at')
#4 C:\Users\dell\sid\vendor\codeigniter4\framework\system\CodeIgniter.php(878): App\Controllers\Manage->index()
#5 C:\Users\dell\sid\vendor\codeigniter4\framework\system\CodeIgniter.php(413): CodeIgniter\CodeIgniter->runController(Object(App\Controllers\Manage))
#6 C:\Users\dell\sid\vendor\codeigniter4\framework\system\CodeIgniter.php(324): CodeIgniter\CodeIgniter->handleRequest(NULL, Object(Config\Cache), false)
#7 C:\Users\dell\sid\public\index.php(44): CodeIgniter\CodeIgniter->run()
#8 C:\Users\dell\sid\vendor\codeigniter4\framework\system\Commands\Server\rewrite.php(45): require_once('C:\\Users\\dell\\s...')
#9 {main}
CRITICAL - 2021-03-14 04:31:25 --> Class 'Locale' not found
#0 C:\Users\dell\sid\vendor\codeigniter4\framework\system\I18n\Time.php(146): CodeIgniter\I18n\Time->__construct('2021-03-02 20:5...', NULL, NULL)
#1 C:\Users\dell\sid\vendor\codeigniter4\framework\system\Entity.php(518): CodeIgniter\I18n\Time::parse('2021-03-02 20:5...')
#2 C:\Users\dell\sid\vendor\codeigniter4\framework\system\Entity.php(313): CodeIgniter\Entity->mutateDate('2021-03-02 20:5...')
#3 C:\Users\dell\sid\app\Controllers\Manage.php(37): CodeIgniter\Entity->__get('created_at')
#4 C:\Users\dell\sid\vendor\codeigniter4\framework\system\CodeIgniter.php(878): App\Controllers\Manage->index()
#5 C:\Users\dell\sid\vendor\codeigniter4\framework\system\CodeIgniter.php(413): CodeIgniter\CodeIgniter->runController(Object(App\Controllers\Manage))
#6 C:\Users\dell\sid\vendor\codeigniter4\framework\system\CodeIgniter.php(324): CodeIgniter\CodeIgniter->handleRequest(NULL, Object(Config\Cache), false)
#7 C:\Users\dell\sid\public\index.php(44): CodeIgniter\CodeIgniter->run()
#8 C:\Users\dell\sid\vendor\codeigniter4\framework\system\Commands\Server\rewrite.php(45): require_once('C:\\Users\\dell\\s...')
#9 {main}
CRITICAL - 2021-03-14 15:06:14 --> Invalid file: admin/aside_admin.php
#0 C:\Users\dell\sid\vendor\codeigniter4\framework\system\View\View.php(203): CodeIgniter\Exceptions\FrameworkException::forInvalidFile('admin/aside_adm...')
#1 C:\Users\dell\sid\vendor\codeigniter4\framework\system\View\View.php(468): CodeIgniter\View\View->render('admin/aside_adm...', NULL, true)
#2 C:\Users\dell\sid\app\Views\admin\aside.php(32): CodeIgniter\View\View->include('admin/aside_adm...')
#3 C:\Users\dell\sid\vendor\codeigniter4\framework\system\View\View.php(220): include('C:\\Users\\dell\\s...')
#4 C:\Users\dell\sid\vendor\codeigniter4\framework\system\View\View.php(222): CodeIgniter\View\View->CodeIgniter\View\{closure}()
#5 C:\Users\dell\sid\vendor\codeigniter4\framework\system\View\View.php(468): CodeIgniter\View\View->render('admin/aside', NULL, true)
#6 C:\Users\dell\sid\app\Views\admin\template.php(6): CodeIgniter\View\View->include('admin/aside')
#7 C:\Users\dell\sid\vendor\codeigniter4\framework\system\View\View.php(220): include('C:\\Users\\dell\\s...')
#8 C:\Users\dell\sid\vendor\codeigniter4\framework\system\View\View.php(222): CodeIgniter\View\View->CodeIgniter\View\{closure}()
#9 C:\Users\dell\sid\vendor\codeigniter4\framework\system\View\View.php(236): CodeIgniter\View\View->render('admin/template', Array, true)
#10 C:\Users\dell\sid\vendor\codeigniter4\framework\system\Common.php(1217): CodeIgniter\View\View->render('admin/index', Array, true)
#11 C:\Users\dell\sid\app\Controllers\Admin.php(70): view('admin/index', Array)
#12 C:\Users\dell\sid\vendor\codeigniter4\framework\system\CodeIgniter.php(878): App\Controllers\Admin->index()
#13 C:\Users\dell\sid\vendor\codeigniter4\framework\system\CodeIgniter.php(413): CodeIgniter\CodeIgniter->runController(Object(App\Controllers\Admin))
#14 C:\Users\dell\sid\vendor\codeigniter4\framework\system\CodeIgniter.php(324): CodeIgniter\CodeIgniter->handleRequest(NULL, Object(Config\Cache), false)
#15 C:\Users\dell\sid\public\index.php(44): CodeIgniter\CodeIgniter->run()
#16 C:\Users\dell\sid\vendor\codeigniter4\framework\system\Commands\Server\rewrite.php(45): require_once('C:\\Users\\dell\\s...')
#17 {main}
CRITICAL - 2021-03-14 15:08:52 --> Invalid file: admin/template.php
#0 C:\Users\dell\sid\vendor\codeigniter4\framework\system\View\View.php(203): CodeIgniter\Exceptions\FrameworkException::forInvalidFile('admin/template....')
#1 C:\Users\dell\sid\vendor\codeigniter4\framework\system\View\View.php(236): CodeIgniter\View\View->render('admin/template', Array, true)
#2 C:\Users\dell\sid\vendor\codeigniter4\framework\system\Common.php(1217): CodeIgniter\View\View->render('admin/index', Array, true)
#3 C:\Users\dell\sid\app\Controllers\Admin.php(70): view('admin/index', Array)
#4 C:\Users\dell\sid\vendor\codeigniter4\framework\system\CodeIgniter.php(878): App\Controllers\Admin->index()
#5 C:\Users\dell\sid\vendor\codeigniter4\framework\system\CodeIgniter.php(413): CodeIgniter\CodeIgniter->runController(Object(App\Controllers\Admin))
#6 C:\Users\dell\sid\vendor\codeigniter4\framework\system\CodeIgniter.php(324): CodeIgniter\CodeIgniter->handleRequest(NULL, Object(Config\Cache), false)
#7 C:\Users\dell\sid\public\index.php(44): CodeIgniter\CodeIgniter->run()
#8 C:\Users\dell\sid\vendor\codeigniter4\framework\system\Commands\Server\rewrite.php(45): require_once('C:\\Users\\dell\\s...')
#9 {main}
CRITICAL - 2021-03-14 15:09:25 --> Invalid file: admin/template.php
#0 C:\Users\dell\sid\vendor\codeigniter4\framework\system\View\View.php(203): CodeIgniter\Exceptions\FrameworkException::forInvalidFile('admin/template....')
#1 C:\Users\dell\sid\vendor\codeigniter4\framework\system\View\View.php(236): CodeIgniter\View\View->render('admin/template', Array, true)
#2 C:\Users\dell\sid\vendor\codeigniter4\framework\system\Common.php(1217): CodeIgniter\View\View->render('admin/index', Array, true)
#3 C:\Users\dell\sid\app\Controllers\Admin.php(70): view('admin/index', Array)
#4 C:\Users\dell\sid\vendor\codeigniter4\framework\system\CodeIgniter.php(878): App\Controllers\Admin->index()
#5 C:\Users\dell\sid\vendor\codeigniter4\framework\system\CodeIgniter.php(413): CodeIgniter\CodeIgniter->runController(Object(App\Controllers\Admin))
#6 C:\Users\dell\sid\vendor\codeigniter4\framework\system\CodeIgniter.php(324): CodeIgniter\CodeIgniter->handleRequest(NULL, Object(Config\Cache), false)
#7 C:\Users\dell\sid\public\index.php(44): CodeIgniter\CodeIgniter->run()
#8 C:\Users\dell\sid\vendor\codeigniter4\framework\system\Commands\Server\rewrite.php(45): require_once('C:\\Users\\dell\\s...')
#9 {main}
CRITICAL - 2021-03-14 15:09:42 --> Invalid file: layout/aside_admin.php
#0 C:\Users\dell\sid\vendor\codeigniter4\framework\system\View\View.php(203): CodeIgniter\Exceptions\FrameworkException::forInvalidFile('layout/aside_ad...')
#1 C:\Users\dell\sid\vendor\codeigniter4\framework\system\View\View.php(468): CodeIgniter\View\View->render('layout/aside_ad...', NULL, true)
#2 C:\Users\dell\sid\app\Views\layout\aside.php(32): CodeIgniter\View\View->include('layout/aside_ad...')
#3 C:\Users\dell\sid\vendor\codeigniter4\framework\system\View\View.php(220): include('C:\\Users\\dell\\s...')
#4 C:\Users\dell\sid\vendor\codeigniter4\framework\system\View\View.php(222): CodeIgniter\View\View->CodeIgniter\View\{closure}()
#5 C:\Users\dell\sid\vendor\codeigniter4\framework\system\View\View.php(468): CodeIgniter\View\View->render('layout/aside', NULL, true)
#6 C:\Users\dell\sid\app\Views\layout\template.php(6): CodeIgniter\View\View->include('layout/aside')
#7 C:\Users\dell\sid\vendor\codeigniter4\framework\system\View\View.php(220): include('C:\\Users\\dell\\s...')
#8 C:\Users\dell\sid\vendor\codeigniter4\framework\system\View\View.php(222): CodeIgniter\View\View->CodeIgniter\View\{closure}()
#9 C:\Users\dell\sid\vendor\codeigniter4\framework\system\View\View.php(236): CodeIgniter\View\View->render('layout/template', Array, true)
#10 C:\Users\dell\sid\vendor\codeigniter4\framework\system\Common.php(1217): CodeIgniter\View\View->render('admin/index', Array, true)
#11 C:\Users\dell\sid\app\Controllers\Admin.php(70): view('admin/index', Array)
#12 C:\Users\dell\sid\vendor\codeigniter4\framework\system\CodeIgniter.php(878): App\Controllers\Admin->index()
#13 C:\Users\dell\sid\vendor\codeigniter4\framework\system\CodeIgniter.php(413): CodeIgniter\CodeIgniter->runController(Object(App\Controllers\Admin))
#14 C:\Users\dell\sid\vendor\codeigniter4\framework\system\CodeIgniter.php(324): CodeIgniter\CodeIgniter->handleRequest(NULL, Object(Config\Cache), false)
#15 C:\Users\dell\sid\public\index.php(44): CodeIgniter\CodeIgniter->run()
#16 C:\Users\dell\sid\vendor\codeigniter4\framework\system\Commands\Server\rewrite.php(45): require_once('C:\\Users\\dell\\s...')
#17 {main}
CRITICAL - 2021-03-14 15:21:45 --> Undefined property: stdClass::$jlh_user
#0 C:\Users\dell\sid\app\Views\admin\index.php(43): CodeIgniter\Debug\Exceptions->errorHandler(8, 'Undefined prope...', 'C:\\Users\\dell\\s...', 43, Array)
#1 C:\Users\dell\sid\vendor\codeigniter4\framework\system\View\View.php(220): include('C:\\Users\\dell\\s...')
#2 C:\Users\dell\sid\vendor\codeigniter4\framework\system\View\View.php(222): CodeIgniter\View\View->CodeIgniter\View\{closure}()
#3 C:\Users\dell\sid\vendor\codeigniter4\framework\system\Common.php(1217): CodeIgniter\View\View->render('admin/index', Array, true)
#4 C:\Users\dell\sid\app\Controllers\Admin.php(73): view('admin/index', Array)
#5 C:\Users\dell\sid\vendor\codeigniter4\framework\system\CodeIgniter.php(878): App\Controllers\Admin->index()
#6 C:\Users\dell\sid\vendor\codeigniter4\framework\system\CodeIgniter.php(413): CodeIgniter\CodeIgniter->runController(Object(App\Controllers\Admin))
#7 C:\Users\dell\sid\vendor\codeigniter4\framework\system\CodeIgniter.php(324): CodeIgniter\CodeIgniter->handleRequest(NULL, Object(Config\Cache), false)
#8 C:\Users\dell\sid\public\index.php(44): CodeIgniter\CodeIgniter->run()
#9 C:\Users\dell\sid\vendor\codeigniter4\framework\system\Commands\Server\rewrite.php(45): require_once('C:\\Users\\dell\\s...')
#10 {main}
CRITICAL - 2021-03-14 15:22:05 --> Undefined property: stdClass::$jlh_user
#0 C:\Users\dell\sid\app\Views\admin\index.php(43): CodeIgniter\Debug\Exceptions->errorHandler(8, 'Undefined prope...', 'C:\\Users\\dell\\s...', 43, Array)
#1 C:\Users\dell\sid\vendor\codeigniter4\framework\system\View\View.php(220): include('C:\\Users\\dell\\s...')
#2 C:\Users\dell\sid\vendor\codeigniter4\framework\system\View\View.php(222): CodeIgniter\View\View->CodeIgniter\View\{closure}()
#3 C:\Users\dell\sid\vendor\codeigniter4\framework\system\Common.php(1217): CodeIgniter\View\View->render('admin/index', Array, true)
#4 C:\Users\dell\sid\app\Controllers\Admin.php(73): view('admin/index', Array)
#5 C:\Users\dell\sid\vendor\codeigniter4\framework\system\CodeIgniter.php(878): App\Controllers\Admin->index()
#6 C:\Users\dell\sid\vendor\codeigniter4\framework\system\CodeIgniter.php(413): CodeIgniter\CodeIgniter->runController(Object(App\Controllers\Admin))
#7 C:\Users\dell\sid\vendor\codeigniter4\framework\system\CodeIgniter.php(324): CodeIgniter\CodeIgniter->handleRequest(NULL, Object(Config\Cache), false)
#8 C:\Users\dell\sid\public\index.php(44): CodeIgniter\CodeIgniter->run()
#9 C:\Users\dell\sid\vendor\codeigniter4\framework\system\Commands\Server\rewrite.php(45): require_once('C:\\Users\\dell\\s...')
#10 {main}
CRITICAL - 2021-03-14 15:22:49 --> Object of class stdClass could not be converted to string
#0 C:\Users\dell\sid\app\Views\admin\index.php(43): CodeIgniter\Debug\Exceptions->errorHandler(4096, 'Object of class...', 'C:\\Users\\dell\\s...', 43, Array)
#1 C:\Users\dell\sid\vendor\codeigniter4\framework\system\View\View.php(220): include('C:\\Users\\dell\\s...')
#2 C:\Users\dell\sid\vendor\codeigniter4\framework\system\View\View.php(222): CodeIgniter\View\View->CodeIgniter\View\{closure}()
#3 C:\Users\dell\sid\vendor\codeigniter4\framework\system\Common.php(1217): CodeIgniter\View\View->render('admin/index', Array, true)
#4 C:\Users\dell\sid\app\Controllers\Admin.php(73): view('admin/index', Array)
#5 C:\Users\dell\sid\vendor\codeigniter4\framework\system\CodeIgniter.php(878): App\Controllers\Admin->index()
#6 C:\Users\dell\sid\vendor\codeigniter4\framework\system\CodeIgniter.php(413): CodeIgniter\CodeIgniter->runController(Object(App\Controllers\Admin))
#7 C:\Users\dell\sid\vendor\codeigniter4\framework\system\CodeIgniter.php(324): CodeIgniter\CodeIgniter->handleRequest(NULL, Object(Config\Cache), false)
#8 C:\Users\dell\sid\public\index.php(44): CodeIgniter\CodeIgniter->run()
#9 C:\Users\dell\sid\vendor\codeigniter4\framework\system\Commands\Server\rewrite.php(45): require_once('C:\\Users\\dell\\s...')
#10 {main}
CRITICAL - 2021-03-14 15:22:55 --> Undefined property: stdClass::$name
#0 C:\Users\dell\sid\app\Views\admin\index.php(43): CodeIgniter\Debug\Exceptions->errorHandler(8, 'Undefined prope...', 'C:\\Users\\dell\\s...', 43, Array)
#1 C:\Users\dell\sid\vendor\codeigniter4\framework\system\View\View.php(220): include('C:\\Users\\dell\\s...')
#2 C:\Users\dell\sid\vendor\codeigniter4\framework\system\View\View.php(222): CodeIgniter\View\View->CodeIgniter\View\{closure}()
#3 C:\Users\dell\sid\vendor\codeigniter4\framework\system\Common.php(1217): CodeIgniter\View\View->render('admin/index', Array, true)
#4 C:\Users\dell\sid\app\Controllers\Admin.php(73): view('admin/index', Array)
#5 C:\Users\dell\sid\vendor\codeigniter4\framework\system\CodeIgniter.php(878): App\Controllers\Admin->index()
#6 C:\Users\dell\sid\vendor\codeigniter4\framework\system\CodeIgniter.php(413): CodeIgniter\CodeIgniter->runController(Object(App\Controllers\Admin))
#7 C:\Users\dell\sid\vendor\codeigniter4\framework\system\CodeIgniter.php(324): CodeIgniter\CodeIgniter->handleRequest(NULL, Object(Config\Cache), false)
#8 C:\Users\dell\sid\public\index.php(44): CodeIgniter\CodeIgniter->run()
#9 C:\Users\dell\sid\vendor\codeigniter4\framework\system\Commands\Server\rewrite.php(45): require_once('C:\\Users\\dell\\s...')
#10 {main}
CRITICAL - 2021-03-14 15:23:01 --> Undefined variable: users1
#0 C:\Users\dell\sid\app\Views\admin\index.php(69): CodeIgniter\Debug\Exceptions->errorHandler(8, 'Undefined varia...', 'C:\\Users\\dell\\s...', 69, Array)
#1 C:\Users\dell\sid\vendor\codeigniter4\framework\system\View\View.php(220): include('C:\\Users\\dell\\s...')
#2 C:\Users\dell\sid\vendor\codeigniter4\framework\system\View\View.php(222): CodeIgniter\View\View->CodeIgniter\View\{closure}()
#3 C:\Users\dell\sid\vendor\codeigniter4\framework\system\Common.php(1217): CodeIgniter\View\View->render('admin/index', Array, true)
#4 C:\Users\dell\sid\app\Controllers\Admin.php(73): view('admin/index', Array)
#5 C:\Users\dell\sid\vendor\codeigniter4\framework\system\CodeIgniter.php(878): App\Controllers\Admin->index()
#6 C:\Users\dell\sid\vendor\codeigniter4\framework\system\CodeIgniter.php(413): CodeIgniter\CodeIgniter->runController(Object(App\Controllers\Admin))
#7 C:\Users\dell\sid\vendor\codeigniter4\framework\system\CodeIgniter.php(324): CodeIgniter\CodeIgniter->handleRequest(NULL, Object(Config\Cache), false)
#8 C:\Users\dell\sid\public\index.php(44): CodeIgniter\CodeIgniter->run()
#9 C:\Users\dell\sid\vendor\codeigniter4\framework\system\Commands\Server\rewrite.php(45): require_once('C:\\Users\\dell\\s...')
#10 {main}
CRITICAL - 2021-03-14 15:23:51 --> Undefined variable: users1
#0 C:\Users\dell\sid\app\Views\admin\index.php(69): CodeIgniter\Debug\Exceptions->errorHandler(8, 'Undefined varia...', 'C:\\Users\\dell\\s...', 69, Array)
#1 C:\Users\dell\sid\vendor\codeigniter4\framework\system\View\View.php(220): include('C:\\Users\\dell\\s...')
#2 C:\Users\dell\sid\vendor\codeigniter4\framework\system\View\View.php(222): CodeIgniter\View\View->CodeIgniter\View\{closure}()
#3 C:\Users\dell\sid\vendor\codeigniter4\framework\system\Common.php(1217): CodeIgniter\View\View->render('admin/index', Array, true)
#4 C:\Users\dell\sid\app\Controllers\Admin.php(66): view('admin/index', Array)
#5 C:\Users\dell\sid\vendor\codeigniter4\framework\system\CodeIgniter.php(878): App\Controllers\Admin->index()
#6 C:\Users\dell\sid\vendor\codeigniter4\framework\system\CodeIgniter.php(413): CodeIgniter\CodeIgniter->runController(Object(App\Controllers\Admin))
#7 C:\Users\dell\sid\vendor\codeigniter4\framework\system\CodeIgniter.php(324): CodeIgniter\CodeIgniter->handleRequest(NULL, Object(Config\Cache), false)
#8 C:\Users\dell\sid\public\index.php(44): CodeIgniter\CodeIgniter->run()
#9 C:\Users\dell\sid\vendor\codeigniter4\framework\system\Commands\Server\rewrite.php(45): require_once('C:\\Users\\dell\\s...')
#10 {main}
CRITICAL - 2021-03-14 15:30:10 --> Undefined property: stdClass::$jlh_user
#0 C:\Users\dell\sid\app\Views\admin\index.php(70): CodeIgniter\Debug\Exceptions->errorHandler(8, 'Undefined prope...', 'C:\\Users\\dell\\s...', 70, Array)
#1 C:\Users\dell\sid\vendor\codeigniter4\framework\system\View\View.php(220): include('C:\\Users\\dell\\s...')
#2 C:\Users\dell\sid\vendor\codeigniter4\framework\system\View\View.php(222): CodeIgniter\View\View->CodeIgniter\View\{closure}()
#3 C:\Users\dell\sid\vendor\codeigniter4\framework\system\Common.php(1217): CodeIgniter\View\View->render('admin/index', Array, true)
#4 C:\Users\dell\sid\app\Controllers\Admin.php(68): view('admin/index', Array)
#5 C:\Users\dell\sid\vendor\codeigniter4\framework\system\CodeIgniter.php(878): App\Controllers\Admin->index()
#6 C:\Users\dell\sid\vendor\codeigniter4\framework\system\CodeIgniter.php(413): CodeIgniter\CodeIgniter->runController(Object(App\Controllers\Admin))
#7 C:\Users\dell\sid\vendor\codeigniter4\framework\system\CodeIgniter.php(324): CodeIgniter\CodeIgniter->handleRequest(NULL, Object(Config\Cache), false)
#8 C:\Users\dell\sid\public\index.php(44): CodeIgniter\CodeIgniter->run()
#9 C:\Users\dell\sid\vendor\codeigniter4\framework\system\Commands\Server\rewrite.php(45): require_once('C:\\Users\\dell\\s...')
#10 {main}
CRITICAL - 2021-03-14 15:30:22 --> Undefined property: stdClass::$jlh_user
#0 C:\Users\dell\sid\app\Views\admin\index.php(70): CodeIgniter\Debug\Exceptions->errorHandler(8, 'Undefined prope...', 'C:\\Users\\dell\\s...', 70, Array)
#1 C:\Users\dell\sid\vendor\codeigniter4\framework\system\View\View.php(220): include('C:\\Users\\dell\\s...')
#2 C:\Users\dell\sid\vendor\codeigniter4\framework\system\View\View.php(222): CodeIgniter\View\View->CodeIgniter\View\{closure}()
#3 C:\Users\dell\sid\vendor\codeigniter4\framework\system\Common.php(1217): CodeIgniter\View\View->render('admin/index', Array, true)
#4 C:\Users\dell\sid\app\Controllers\Admin.php(68): view('admin/index', Array)
#5 C:\Users\dell\sid\vendor\codeigniter4\framework\system\CodeIgniter.php(878): App\Controllers\Admin->index()
#6 C:\Users\dell\sid\vendor\codeigniter4\framework\system\CodeIgniter.php(413): CodeIgniter\CodeIgniter->runController(Object(App\Controllers\Admin))
#7 C:\Users\dell\sid\vendor\codeigniter4\framework\system\CodeIgniter.php(324): CodeIgniter\CodeIgniter->handleRequest(NULL, Object(Config\Cache), false)
#8 C:\Users\dell\sid\public\index.php(44): CodeIgniter\CodeIgniter->run()
#9 C:\Users\dell\sid\vendor\codeigniter4\framework\system\Commands\Server\rewrite.php(45): require_once('C:\\Users\\dell\\s...')
#10 {main}
CRITICAL - 2021-03-14 15:30:34 --> Undefined variable: users2
#0 C:\Users\dell\sid\app\Views\admin\index.php(96): CodeIgniter\Debug\Exceptions->errorHandler(8, 'Undefined varia...', 'C:\\Users\\dell\\s...', 96, Array)
#1 C:\Users\dell\sid\vendor\codeigniter4\framework\system\View\View.php(220): include('C:\\Users\\dell\\s...')
#2 C:\Users\dell\sid\vendor\codeigniter4\framework\system\View\View.php(222): CodeIgniter\View\View->CodeIgniter\View\{closure}()
#3 C:\Users\dell\sid\vendor\codeigniter4\framework\system\Common.php(1217): CodeIgniter\View\View->render('admin/index', Array, true)
#4 C:\Users\dell\sid\app\Controllers\Admin.php(68): view('admin/index', Array)
#5 C:\Users\dell\sid\vendor\codeigniter4\framework\system\CodeIgniter.php(878): App\Controllers\Admin->index()
#6 C:\Users\dell\sid\vendor\codeigniter4\framework\system\CodeIgniter.php(413): CodeIgniter\CodeIgniter->runController(Object(App\Controllers\Admin))
#7 C:\Users\dell\sid\vendor\codeigniter4\framework\system\CodeIgniter.php(324): CodeIgniter\CodeIgniter->handleRequest(NULL, Object(Config\Cache), false)
#8 C:\Users\dell\sid\public\index.php(44): CodeIgniter\CodeIgniter->run()
#9 C:\Users\dell\sid\vendor\codeigniter4\framework\system\Commands\Server\rewrite.php(45): require_once('C:\\Users\\dell\\s...')
#10 {main}
CRITICAL - 2021-03-14 15:31:00 --> Undefined property: stdClass::$jlh_user
#0 C:\Users\dell\sid\app\Views\admin\index.php(97): CodeIgniter\Debug\Exceptions->errorHandler(8, 'Undefined prope...', 'C:\\Users\\dell\\s...', 97, Array)
#1 C:\Users\dell\sid\vendor\codeigniter4\framework\system\View\View.php(220): include('C:\\Users\\dell\\s...')
#2 C:\Users\dell\sid\vendor\codeigniter4\framework\system\View\View.php(222): CodeIgniter\View\View->CodeIgniter\View\{closure}()
#3 C:\Users\dell\sid\vendor\codeigniter4\framework\system\Common.php(1217): CodeIgniter\View\View->render('admin/index', Array, true)
#4 C:\Users\dell\sid\app\Controllers\Admin.php(70): view('admin/index', Array)
#5 C:\Users\dell\sid\vendor\codeigniter4\framework\system\CodeIgniter.php(878): App\Controllers\Admin->index()
#6 C:\Users\dell\sid\vendor\codeigniter4\framework\system\CodeIgniter.php(413): CodeIgniter\CodeIgniter->runController(Object(App\Controllers\Admin))
#7 C:\Users\dell\sid\vendor\codeigniter4\framework\system\CodeIgniter.php(324): CodeIgniter\CodeIgniter->handleRequest(NULL, Object(Config\Cache), false)
#8 C:\Users\dell\sid\public\index.php(44): CodeIgniter\CodeIgniter->run()
#9 C:\Users\dell\sid\vendor\codeigniter4\framework\system\Commands\Server\rewrite.php(45): require_once('C:\\Users\\dell\\s...')
#10 {main}
CRITICAL - 2021-03-14 15:31:02 --> Undefined property: stdClass::$jlh_user
#0 C:\Users\dell\sid\app\Views\admin\index.php(97): CodeIgniter\Debug\Exceptions->errorHandler(8, 'Undefined prope...', 'C:\\Users\\dell\\s...', 97, Array)
#1 C:\Users\dell\sid\vendor\codeigniter4\framework\system\View\View.php(220): include('C:\\Users\\dell\\s...')
#2 C:\Users\dell\sid\vendor\codeigniter4\framework\system\View\View.php(222): CodeIgniter\View\View->CodeIgniter\View\{closure}()
#3 C:\Users\dell\sid\vendor\codeigniter4\framework\system\Common.php(1217): CodeIgniter\View\View->render('admin/index', Array, true)
#4 C:\Users\dell\sid\app\Controllers\Admin.php(70): view('admin/index', Array)
#5 C:\Users\dell\sid\vendor\codeigniter4\framework\system\CodeIgniter.php(878): App\Controllers\Admin->index()
#6 C:\Users\dell\sid\vendor\codeigniter4\framework\system\CodeIgniter.php(413): CodeIgniter\CodeIgniter->runController(Object(App\Controllers\Admin))
#7 C:\Users\dell\sid\vendor\codeigniter4\framework\system\CodeIgniter.php(324): CodeIgniter\CodeIgniter->handleRequest(NULL, Object(Config\Cache), false)
#8 C:\Users\dell\sid\public\index.php(44): CodeIgniter\CodeIgniter->run()
#9 C:\Users\dell\sid\vendor\codeigniter4\framework\system\Commands\Server\rewrite.php(45): require_once('C:\\Users\\dell\\s...')
#10 {main}
CRITICAL - 2021-03-14 15:31:08 --> Undefined variable: keluarga
#0 C:\Users\dell\sid\app\Views\admin\index.php(123): CodeIgniter\Debug\Exceptions->errorHandler(8, 'Undefined varia...', 'C:\\Users\\dell\\s...', 123, Array)
#1 C:\Users\dell\sid\vendor\codeigniter4\framework\system\View\View.php(220): include('C:\\Users\\dell\\s...')
#2 C:\Users\dell\sid\vendor\codeigniter4\framework\system\View\View.php(222): CodeIgniter\View\View->CodeIgniter\View\{closure}()
#3 C:\Users\dell\sid\vendor\codeigniter4\framework\system\Common.php(1217): CodeIgniter\View\View->render('admin/index', Array, true)
#4 C:\Users\dell\sid\app\Controllers\Admin.php(70): view('admin/index', Array)
#5 C:\Users\dell\sid\vendor\codeigniter4\framework\system\CodeIgniter.php(878): App\Controllers\Admin->index()
#6 C:\Users\dell\sid\vendor\codeigniter4\framework\system\CodeIgniter.php(413): CodeIgniter\CodeIgniter->runController(Object(App\Controllers\Admin))
#7 C:\Users\dell\sid\vendor\codeigniter4\framework\system\CodeIgniter.php(324): CodeIgniter\CodeIgniter->handleRequest(NULL, Object(Config\Cache), false)
#8 C:\Users\dell\sid\public\index.php(44): CodeIgniter\CodeIgniter->run()
#9 C:\Users\dell\sid\vendor\codeigniter4\framework\system\Commands\Server\rewrite.php(45): require_once('C:\\Users\\dell\\s...')
#10 {main}
CRITICAL - 2021-03-14 15:31:40 --> Undefined variable: keluarga
#0 C:\Users\dell\sid\app\Controllers\Admin.php(69): CodeIgniter\Debug\Exceptions->errorHandler(8, 'Undefined varia...', 'C:\\Users\\dell\\s...', 69, Array)
#1 C:\Users\dell\sid\vendor\codeigniter4\framework\system\CodeIgniter.php(878): App\Controllers\Admin->index()
#2 C:\Users\dell\sid\vendor\codeigniter4\framework\system\CodeIgniter.php(413): CodeIgniter\CodeIgniter->runController(Object(App\Controllers\Admin))
#3 C:\Users\dell\sid\vendor\codeigniter4\framework\system\CodeIgniter.php(324): CodeIgniter\CodeIgniter->handleRequest(NULL, Object(Config\Cache), false)
#4 C:\Users\dell\sid\public\index.php(44): CodeIgniter\CodeIgniter->run()
#5 C:\Users\dell\sid\vendor\codeigniter4\framework\system\Commands\Server\rewrite.php(45): require_once('C:\\Users\\dell\\s...')
#6 {main}
CRITICAL - 2021-03-14 15:31:53 --> Undefined property: stdClass::$no_kk
#0 C:\Users\dell\sid\app\Views\admin\index.php(124): CodeIgniter\Debug\Exceptions->errorHandler(8, 'Undefined prope...', 'C:\\Users\\dell\\s...', 124, Array)
#1 C:\Users\dell\sid\vendor\codeigniter4\framework\system\View\View.php(220): include('C:\\Users\\dell\\s...')
#2 C:\Users\dell\sid\vendor\codeigniter4\framework\system\View\View.php(222): CodeIgniter\View\View->CodeIgniter\View\{closure}()
#3 C:\Users\dell\sid\vendor\codeigniter4\framework\system\Common.php(1217): CodeIgniter\View\View->render('admin/index', Array, true)
#4 C:\Users\dell\sid\app\Controllers\Admin.php(71): view('admin/index', Array)
#5 C:\Users\dell\sid\vendor\codeigniter4\framework\system\CodeIgniter.php(878): App\Controllers\Admin->index()
#6 C:\Users\dell\sid\vendor\codeigniter4\framework\system\CodeIgniter.php(413): CodeIgniter\CodeIgniter->runController(Object(App\Controllers\Admin))
#7 C:\Users\dell\sid\vendor\codeigniter4\framework\system\CodeIgniter.php(324): CodeIgniter\CodeIgniter->handleRequest(NULL, Object(Config\Cache), false)
#8 C:\Users\dell\sid\public\index.php(44): CodeIgniter\CodeIgniter->run()
#9 C:\Users\dell\sid\vendor\codeigniter4\framework\system\Commands\Server\rewrite.php(45): require_once('C:\\Users\\dell\\s...')
#10 {main}
CRITICAL - 2021-03-14 15:32:00 --> Undefined variable: penduduk
#0 C:\Users\dell\sid\app\Views\admin\index.php(154): CodeIgniter\Debug\Exceptions->errorHandler(8, 'Undefined varia...', 'C:\\Users\\dell\\s...', 154, Array)
#1 C:\Users\dell\sid\vendor\codeigniter4\framework\system\View\View.php(220): include('C:\\Users\\dell\\s...')
#2 C:\Users\dell\sid\vendor\codeigniter4\framework\system\View\View.php(222): CodeIgniter\View\View->CodeIgniter\View\{closure}()
#3 C:\Users\dell\sid\vendor\codeigniter4\framework\system\Common.php(1217): CodeIgniter\View\View->render('admin/index', Array, true)
#4 C:\Users\dell\sid\app\Controllers\Admin.php(71): view('admin/index', Array)
#5 C:\Users\dell\sid\vendor\codeigniter4\framework\system\CodeIgniter.php(878): App\Controllers\Admin->index()
#6 C:\Users\dell\sid\vendor\codeigniter4\framework\system\CodeIgniter.php(413): CodeIgniter\CodeIgniter->runController(Object(App\Controllers\Admin))
#7 C:\Users\dell\sid\vendor\codeigniter4\framework\system\CodeIgniter.php(324): CodeIgniter\CodeIgniter->handleRequest(NULL, Object(Config\Cache), false)
#8 C:\Users\dell\sid\public\index.php(44): CodeIgniter\CodeIgniter->run()
#9 C:\Users\dell\sid\vendor\codeigniter4\framework\system\Commands\Server\rewrite.php(45): require_once('C:\\Users\\dell\\s...')
#10 {main}
CRITICAL - 2021-03-14 15:32:24 --> Undefined variable: jenkel_p
#0 C:\Users\dell\sid\app\Views\admin\index.php(206): CodeIgniter\Debug\Exceptions->errorHandler(8, 'Undefined varia...', 'C:\\Users\\dell\\s...', 206, Array)
#1 C:\Users\dell\sid\vendor\codeigniter4\framework\system\View\View.php(220): include('C:\\Users\\dell\\s...')
#2 C:\Users\dell\sid\vendor\codeigniter4\framework\system\View\View.php(222): CodeIgniter\View\View->CodeIgniter\View\{closure}()
#3 C:\Users\dell\sid\vendor\codeigniter4\framework\system\Common.php(1217): CodeIgniter\View\View->render('admin/index', Array, true)
#4 C:\Users\dell\sid\app\Controllers\Admin.php(72): view('admin/index', Array)
#5 C:\Users\dell\sid\vendor\codeigniter4\framework\system\CodeIgniter.php(878): App\Controllers\Admin->index()
#6 C:\Users\dell\sid\vendor\codeigniter4\framework\system\CodeIgniter.php(413): CodeIgniter\CodeIgniter->runController(Object(App\Controllers\Admin))
#7 C:\Users\dell\sid\vendor\codeigniter4\framework\system\CodeIgniter.php(324): CodeIgniter\CodeIgniter->handleRequest(NULL, Object(Config\Cache), false)
#8 C:\Users\dell\sid\public\index.php(44): CodeIgniter\CodeIgniter->run()
#9 C:\Users\dell\sid\vendor\codeigniter4\framework\system\Commands\Server\rewrite.php(45): require_once('C:\\Users\\dell\\s...')
#10 {main}
CRITICAL - 2021-03-14 15:32:41 --> Undefined variable: jenkel_l
#0 C:\Users\dell\sid\app\Views\admin\index.php(231): CodeIgniter\Debug\Exceptions->errorHandler(8, 'Undefined varia...', 'C:\\Users\\dell\\s...', 231, Array)
#1 C:\Users\dell\sid\vendor\codeigniter4\framework\system\View\View.php(220): include('C:\\Users\\dell\\s...')
#2 C:\Users\dell\sid\vendor\codeigniter4\framework\system\View\View.php(222): CodeIgniter\View\View->CodeIgniter\View\{closure}()
#3 C:\Users\dell\sid\vendor\codeigniter4\framework\system\Common.php(1217): CodeIgniter\View\View->render('admin/index', Array, true)
#4 C:\Users\dell\sid\app\Controllers\Admin.php(72): view('admin/index', Array)
#5 C:\Users\dell\sid\vendor\codeigniter4\framework\system\CodeIgniter.php(878): App\Controllers\Admin->index()
#6 C:\Users\dell\sid\vendor\codeigniter4\framework\system\CodeIgniter.php(413): CodeIgniter\CodeIgniter->runController(Object(App\Controllers\Admin))
#7 C:\Users\dell\sid\vendor\codeigniter4\framework\system\CodeIgniter.php(324): CodeIgniter\CodeIgniter->handleRequest(NULL, Object(Config\Cache), false)
#8 C:\Users\dell\sid\public\index.php(44): CodeIgniter\CodeIgniter->run()
#9 C:\Users\dell\sid\vendor\codeigniter4\framework\system\Commands\Server\rewrite.php(45): require_once('C:\\Users\\dell\\s...')
#10 {main}
CRITICAL - 2021-03-14 15:35:09 --> Trying to get property 'getResult' of non-object
#0 C:\Users\dell\sid\app\Controllers\Admin.php(72): CodeIgniter\Debug\Exceptions->errorHandler(8, 'Trying to get p...', 'C:\\Users\\dell\\s...', 72, Array)
#1 C:\Users\dell\sid\vendor\codeigniter4\framework\system\CodeIgniter.php(878): App\Controllers\Admin->index()
#2 C:\Users\dell\sid\vendor\codeigniter4\framework\system\CodeIgniter.php(413): CodeIgniter\CodeIgniter->runController(Object(App\Controllers\Admin))
#3 C:\Users\dell\sid\vendor\codeigniter4\framework\system\CodeIgniter.php(324): CodeIgniter\CodeIgniter->handleRequest(NULL, Object(Config\Cache), false)
#4 C:\Users\dell\sid\public\index.php(44): CodeIgniter\CodeIgniter->run()
#5 C:\Users\dell\sid\vendor\codeigniter4\framework\system\Commands\Server\rewrite.php(45): require_once('C:\\Users\\dell\\s...')
#6 {main}
CRITICAL - 2021-03-14 15:37:49 --> Undefined variable: users2
#0 C:\Users\dell\sid\app\Views\admin\index.php(92): CodeIgniter\Debug\Exceptions->errorHandler(8, 'Undefined varia...', 'C:\\Users\\dell\\s...', 92, Array)
#1 C:\Users\dell\sid\vendor\codeigniter4\framework\system\View\View.php(220): include('C:\\Users\\dell\\s...')
#2 C:\Users\dell\sid\vendor\codeigniter4\framework\system\View\View.php(222): CodeIgniter\View\View->CodeIgniter\View\{closure}()
#3 C:\Users\dell\sid\vendor\codeigniter4\framework\system\Common.php(1217): CodeIgniter\View\View->render('admin/index', Array, true)
#4 C:\Users\dell\sid\app\Controllers\Admin.php(72): view('admin/index', Array)
#5 C:\Users\dell\sid\vendor\codeigniter4\framework\system\CodeIgniter.php(878): App\Controllers\Admin->index()
#6 C:\Users\dell\sid\vendor\codeigniter4\framework\system\CodeIgniter.php(413): CodeIgniter\CodeIgniter->runController(Object(App\Controllers\Admin))
#7 C:\Users\dell\sid\vendor\codeigniter4\framework\system\CodeIgniter.php(324): CodeIgniter\CodeIgniter->handleRequest(NULL, Object(Config\Cache), false)
#8 C:\Users\dell\sid\public\index.php(44): CodeIgniter\CodeIgniter->run()
#9 C:\Users\dell\sid\vendor\codeigniter4\framework\system\Commands\Server\rewrite.php(45): require_once('C:\\Users\\dell\\s...')
#10 {main}
CRITICAL - 2021-03-14 15:44:26 --> Class 'App\Models\Managemodel' not found
#0 C:\Users\dell\sid\vendor\codeigniter4\framework\system\CodeIgniter.php(853): App\Controllers\Manage->__construct()
#1 C:\Users\dell\sid\vendor\codeigniter4\framework\system\CodeIgniter.php(404): CodeIgniter\CodeIgniter->createController()
#2 C:\Users\dell\sid\vendor\codeigniter4\framework\system\CodeIgniter.php(324): CodeIgniter\CodeIgniter->handleRequest(NULL, Object(Config\Cache), false)
#3 C:\Users\dell\sid\public\index.php(44): CodeIgniter\CodeIgniter->run()
#4 C:\Users\dell\sid\vendor\codeigniter4\framework\system\Commands\Server\rewrite.php(45): require_once('C:\\Users\\dell\\s...')
#5 {main}
CRITICAL - 2021-03-14 15:45:05 --> Cannot use Myth\Auth\Models\UserModel as UserModel because the name is already in use
#0 [internal function]: CodeIgniter\Debug\Exceptions->shutdownHandler()
#1 {main}
CRITICAL - 2021-03-14 15:45:29 --> Undefined property: App\Controllers\Manage::$userModel
#0 C:\Users\dell\sid\app\Controllers\Manage.php(13): CodeIgniter\Debug\Exceptions->errorHandler(8, 'Undefined prope...', 'C:\\Users\\dell\\s...', 13, Array)
#1 C:\Users\dell\sid\vendor\codeigniter4\framework\system\CodeIgniter.php(853): App\Controllers\Manage->__construct()
#2 C:\Users\dell\sid\vendor\codeigniter4\framework\system\CodeIgniter.php(404): CodeIgniter\CodeIgniter->createController()
#3 C:\Users\dell\sid\vendor\codeigniter4\framework\system\CodeIgniter.php(324): CodeIgniter\CodeIgniter->handleRequest(NULL, Object(Config\Cache), false)
#4 C:\Users\dell\sid\public\index.php(44): CodeIgniter\CodeIgniter->run()
#5 C:\Users\dell\sid\vendor\codeigniter4\framework\system\Commands\Server\rewrite.php(45): require_once('C:\\Users\\dell\\s...')
#6 {main}
CRITICAL - 2021-03-14 15:46:07 --> Undefined property: App\Controllers\Manage::$userModel
#0 C:\Users\dell\sid\app\Controllers\Manage.php(13): CodeIgniter\Debug\Exceptions->errorHandler(8, 'Undefined prope...', 'C:\\Users\\dell\\s...', 13, Array)
#1 C:\Users\dell\sid\vendor\codeigniter4\framework\system\CodeIgniter.php(853): App\Controllers\Manage->__construct()
#2 C:\Users\dell\sid\vendor\codeigniter4\framework\system\CodeIgniter.php(404): CodeIgniter\CodeIgniter->createController()
#3 C:\Users\dell\sid\vendor\codeigniter4\framework\system\CodeIgniter.php(324): CodeIgniter\CodeIgniter->handleRequest(NULL, Object(Config\Cache), false)
#4 C:\Users\dell\sid\public\index.php(44): CodeIgniter\CodeIgniter->run()
#5 C:\Users\dell\sid\vendor\codeigniter4\framework\system\Commands\Server\rewrite.php(45): require_once('C:\\Users\\dell\\s...')
#6 {main}
CRITICAL - 2021-03-14 15:46:51 --> Cannot use object of type stdClass as array
#0 C:\Users\dell\sid\vendor\codeigniter4\framework\system\View\View.php(220): include()
#1 C:\Users\dell\sid\vendor\codeigniter4\framework\system\View\View.php(222): CodeIgniter\View\View->CodeIgniter\View\{closure}()
#2 C:\Users\dell\sid\vendor\codeigniter4\framework\system\Common.php(1217): CodeIgniter\View\View->render('manage/index', Array, true)
#3 C:\Users\dell\sid\app\Controllers\Manage.php(38): view('manage/index', Array)
#4 C:\Users\dell\sid\vendor\codeigniter4\framework\system\CodeIgniter.php(878): App\Controllers\Manage->index()
#5 C:\Users\dell\sid\vendor\codeigniter4\framework\system\CodeIgniter.php(413): CodeIgniter\CodeIgniter->runController(Object(App\Controllers\Manage))
#6 C:\Users\dell\sid\vendor\codeigniter4\framework\system\CodeIgniter.php(324): CodeIgniter\CodeIgniter->handleRequest(NULL, Object(Config\Cache), false)
#7 C:\Users\dell\sid\public\index.php(44): CodeIgniter\CodeIgniter->run()
#8 C:\Users\dell\sid\vendor\codeigniter4\framework\system\Commands\Server\rewrite.php(45): require_once('C:\\Users\\dell\\s...')
#9 {main}
CRITICAL - 2021-03-14 15:47:19 --> Cannot use object of type stdClass as array
#0 C:\Users\dell\sid\vendor\codeigniter4\framework\system\View\View.php(220): include()
#1 C:\Users\dell\sid\vendor\codeigniter4\framework\system\View\View.php(222): CodeIgniter\View\View->CodeIgniter\View\{closure}()
#2 C:\Users\dell\sid\vendor\codeigniter4\framework\system\Common.php(1217): CodeIgniter\View\View->render('manage/index', Array, true)
#3 C:\Users\dell\sid\app\Controllers\Manage.php(38): view('manage/index', Array)
#4 C:\Users\dell\sid\vendor\codeigniter4\framework\system\CodeIgniter.php(878): App\Controllers\Manage->index()
#5 C:\Users\dell\sid\vendor\codeigniter4\framework\system\CodeIgniter.php(413): CodeIgniter\CodeIgniter->runController(Object(App\Controllers\Manage))
#6 C:\Users\dell\sid\vendor\codeigniter4\framework\system\CodeIgniter.php(324): CodeIgniter\CodeIgniter->handleRequest(NULL, Object(Config\Cache), false)
#7 C:\Users\dell\sid\public\index.php(44): CodeIgniter\CodeIgniter->run()
#8 C:\Users\dell\sid\vendor\codeigniter4\framework\system\Commands\Server\rewrite.php(45): require_once('C:\\Users\\dell\\s...')
#9 {main}
CRITICAL - 2021-03-14 15:49:38 --> Undefined property: stdClass::$gruop_id
#0 C:\Users\dell\sid\app\Views\manage\index.php(118): CodeIgniter\Debug\Exceptions->errorHandler(8, 'Undefined prope...', 'C:\\Users\\dell\\s...', 118, Array)
#1 C:\Users\dell\sid\vendor\codeigniter4\framework\system\View\View.php(220): include('C:\\Users\\dell\\s...')
#2 C:\Users\dell\sid\vendor\codeigniter4\framework\system\View\View.php(222): CodeIgniter\View\View->CodeIgniter\View\{closure}()
#3 C:\Users\dell\sid\vendor\codeigniter4\framework\system\Common.php(1217): CodeIgniter\View\View->render('manage/index', Array, true)
#4 C:\Users\dell\sid\app\Controllers\Manage.php(38): view('manage/index', Array)
#5 C:\Users\dell\sid\vendor\codeigniter4\framework\system\CodeIgniter.php(878): App\Controllers\Manage->index()
#6 C:\Users\dell\sid\vendor\codeigniter4\framework\system\CodeIgniter.php(413): CodeIgniter\CodeIgniter->runController(Object(App\Controllers\Manage))
#7 C:\Users\dell\sid\vendor\codeigniter4\framework\system\CodeIgniter.php(324): CodeIgniter\CodeIgniter->handleRequest(NULL, Object(Config\Cache), false)
#8 C:\Users\dell\sid\public\index.php(44): CodeIgniter\CodeIgniter->run()
#9 C:\Users\dell\sid\vendor\codeigniter4\framework\system\Commands\Server\rewrite.php(45): require_once('C:\\Users\\dell\\s...')
#10 {main}
CRITICAL - 2021-03-14 15:49:59 --> Too few arguments to function App\Controllers\Manage::newrecord(), 0 passed in C:\Users\dell\sid\vendor\codeigniter4\framework\system\CodeIgniter.php on line 878 and exactly 1 expected
#0 C:\Users\dell\sid\vendor\codeigniter4\framework\system\CodeIgniter.php(878): App\Controllers\Manage->newrecord()
#1 C:\Users\dell\sid\vendor\codeigniter4\framework\system\CodeIgniter.php(413): CodeIgniter\CodeIgniter->runController(Object(App\Controllers\Manage))
#2 C:\Users\dell\sid\vendor\codeigniter4\framework\system\CodeIgniter.php(324): CodeIgniter\CodeIgniter->handleRequest(NULL, Object(Config\Cache), false)
#3 C:\Users\dell\sid\public\index.php(44): CodeIgniter\CodeIgniter->run()
#4 C:\Users\dell\sid\vendor\codeigniter4\framework\system\Commands\Server\rewrite.php(45): require_once('C:\\Users\\dell\\s...')
#5 {main}
CRITICAL - 2021-03-14 19:25:06 --> Cannot use object of type stdClass as array
#0 C:\Users\dell\sid\vendor\codeigniter4\framework\system\View\View.php(220): include()
#1 C:\Users\dell\sid\vendor\codeigniter4\framework\system\View\View.php(222): CodeIgniter\View\View->CodeIgniter\View\{closure}()
#2 C:\Users\dell\sid\vendor\codeigniter4\framework\system\Common.php(1217): CodeIgniter\View\View->render('manage/new', Array, true)
#3 C:\Users\dell\sid\app\Controllers\Manage.php(61): view('manage/new', Array)
#4 C:\Users\dell\sid\vendor\codeigniter4\framework\system\CodeIgniter.php(878): App\Controllers\Manage->newrecord('1')
#5 C:\Users\dell\sid\vendor\codeigniter4\framework\system\CodeIgniter.php(413): CodeIgniter\CodeIgniter->runController(Object(App\Controllers\Manage))
#6 C:\Users\dell\sid\vendor\codeigniter4\framework\system\CodeIgniter.php(324): CodeIgniter\CodeIgniter->handleRequest(NULL, Object(Config\Cache), false)
#7 C:\Users\dell\sid\public\index.php(44): CodeIgniter\CodeIgniter->run()
#8 C:\Users\dell\sid\vendor\codeigniter4\framework\system\Commands\Server\rewrite.php(45): require_once('C:\\Users\\dell\\s...')
#9 {main}
CRITICAL - 2021-03-14 23:58:13 --> Too few arguments to function App\Controllers\Manage::newrecord(), 0 passed in C:\Users\dell\sid\vendor\codeigniter4\framework\system\CodeIgniter.php on line 878 and exactly 1 expected
#0 C:\Users\dell\sid\vendor\codeigniter4\framework\system\CodeIgniter.php(878): App\Controllers\Manage->newrecord()
#1 C:\Users\dell\sid\vendor\codeigniter4\framework\system\CodeIgniter.php(413): CodeIgniter\CodeIgniter->runController(Object(App\Controllers\Manage))
#2 C:\Users\dell\sid\vendor\codeigniter4\framework\system\CodeIgniter.php(324): CodeIgniter\CodeIgniter->handleRequest(NULL, Object(Config\Cache), false)
#3 C:\Users\dell\sid\public\index.php(44): CodeIgniter\CodeIgniter->run()
#4 C:\Users\dell\sid\vendor\codeigniter4\framework\system\Commands\Server\rewrite.php(45): require_once('C:\\Users\\dell\\s...')
#5 {main}
